<?xml version="1.0" encoding="UTF-8"?>
<robot generator="Robot 7.4.2 (Python 3.12.3 on linux)" generated="2026-06-26T23:18:22.072165" rpa="false" schemaversion="5">
<suite id="s1" name="Test Ebgp" source="/home/alfredk/Projects/dc_design_labs/source/lab_04/tests/test_ebgp.robot">
<test id="s1-t1" name="Lab Should Start Successfully" line="28">
<kw name="Netlab Up" owner="NetlabCommon">
<kw name="Netlab Up" owner="RTL">
<msg time="2026-06-26T23:19:33.055766" level="INFO">${rc} = 0</msg>
<msg time="2026-06-26T23:19:33.055851" level="INFO">${stdout} = Creating configuration files
[CONFIG]  spine1: normalize,initial,bgp,spine,bfd
[CONFIG]  spine2: normalize,initial,bgp,spine,bfd
[CONFIG]  leaf1: normalize,initial,bgp,leaf,bfd
[CONFIG]  leaf2: normal...</msg>
<msg time="2026-06-26T23:19:33.055895" level="INFO">${stderr} = </msg>
<var>${rc}</var>
<var>${stdout}</var>
<var>${stderr}</var>
<arg>300</arg>
<doc>Run `netlab up --no-config` to start containers, then push configs manually.</doc>
<status status="PASS" start="2026-06-26T23:18:22.126784" elapsed="70.929135"/>
</kw>
<kw name="Should Be Equal As Integers" owner="BuiltIn">
<msg time="2026-06-26T23:19:33.056854" level="INFO">Argument types are:
&lt;class 'int'&gt;
&lt;class 'str'&gt;</msg>
<arg>${rc}</arg>
<arg>0</arg>
<arg>netlab up failed: ${stderr}</arg>
<doc>Fails if objects are unequal after converting them to integers.</doc>
<status status="PASS" start="2026-06-26T23:19:33.056462" elapsed="0.000454"/>
</kw>
<kw name="Should Contain" owner="BuiltIn">
<arg>${stdout}</arg>
<arg>OK</arg>
<arg>Lab should report OK</arg>
<doc>Fails if ``container`` does not contain ``item`` one or more times.</doc>
<status status="PASS" start="2026-06-26T23:19:33.057015" elapsed="0.000398"/>
</kw>
<doc>Start the lab via `netlab up`.</doc>
<status status="PASS" start="2026-06-26T23:18:22.126541" elapsed="70.930941"/>
</kw>
<kw name="Sleep" owner="BuiltIn">
<msg time="2026-06-26T23:20:03.057983" level="INFO">Slept 30 seconds.</msg>
<msg time="2026-06-26T23:20:03.058067" level="INFO">Wait for BGP sessions to establish</msg>
<arg>30s</arg>
<arg>Wait for BGP sessions to establish</arg>
<doc>Pauses the test executed for the given time.</doc>
<status status="PASS" start="2026-06-26T23:19:33.057608" elapsed="30.000547"/>
</kw>
<doc>Deploy the lab via netlab up and wait for BGP to stabilize.</doc>
<status status="PASS" start="2026-06-26T23:18:22.125953" elapsed="100.932559"/>
</test>
<test id="s1-t2" name="All EOS Nodes Should Run Arista cEOS" line="33">
<kw name="Verify All EOS Nodes Respond">
<for flavor="IN">
<iter>
<kw name="Run Show Command" owner="NetlabCommon">
<kw name="Run Show Command" owner="RTL">
<msg time="2026-06-26T23:20:03.867618" level="INFO">${output} = Arista cEOSLab
Hardware version: 
Serial number: BD65C492E38FD5AD3DA6EF8E78EC56D4
Hardware MAC address: 001c.73ab.e315
System MAC address: 001c.73ab.e315

Software image version: 4.34.2.2F-46218727.43...</msg>
<var>${output}</var>
<arg>${node}</arg>
<arg>${command}</arg>
<doc>Keyword alias for netlab_connect_show.</doc>
<status status="PASS" start="2026-06-26T23:20:03.060782" elapsed="0.806894"/>
</kw>
<return>
<value>${output}</value>
<status status="PASS" start="2026-06-26T23:20:03.867786" elapsed="0.000086"/>
</return>
<msg time="2026-06-26T23:20:03.868056" level="INFO">${output} = Arista cEOSLab
Hardware version: 
Serial number: BD65C492E38FD5AD3DA6EF8E78EC56D4
Hardware MAC address: 001c.73ab.e315
System MAC address: 001c.73ab.e315

Software image version: 4.34.2.2F-46218727.43...</msg>
<var>${output}</var>
<arg>${node}</arg>
<arg>version</arg>
<doc>Run `netlab connect &lt;node&gt; --show &lt;cmd&gt;` and return output.</doc>
<status status="PASS" start="2026-06-26T23:20:03.060449" elapsed="0.807635"/>
</kw>
<kw name="Should Contain" owner="BuiltIn">
<arg>${output}</arg>
<arg>Arista</arg>
<arg>${node} should be running Arista cEOS</arg>
<doc>Fails if ``container`` does not contain ``item`` one or more times.</doc>
<status status="PASS" start="2026-06-26T23:20:03.868278" elapsed="0.000479"/>
</kw>
<kw name="Should Contain" owner="BuiltIn">
<arg>${output}</arg>
<arg>4.34.2.2F</arg>
<arg>${node} should run correct image version</arg>
<doc>Fails if ``container`` does not contain ``item`` one or more times.</doc>
<status status="PASS" start="2026-06-26T23:20:03.868875" elapsed="0.000314"/>
</kw>
<var name="${node}">spine1</var>
<status status="PASS" start="2026-06-26T23:20:03.060267" elapsed="0.808978"/>
</iter>
<iter>
<kw name="Run Show Command" owner="NetlabCommon">
<kw name="Run Show Command" owner="RTL">
<msg time="2026-06-26T23:20:04.665450" level="INFO">${output} = Arista cEOSLab
Hardware version: 
Serial number: 4982E58182463DF9FF08056679329C01
Hardware MAC address: 001c.7318.95e9
System MAC address: 001c.7318.95e9

Software image version: 4.34.2.2F-46218727.43...</msg>
<var>${output}</var>
<arg>${node}</arg>
<arg>${command}</arg>
<doc>Keyword alias for netlab_connect_show.</doc>
<status status="PASS" start="2026-06-26T23:20:03.869827" elapsed="0.795682"/>
</kw>
<return>
<value>${output}</value>
<status status="PASS" start="2026-06-26T23:20:04.665595" elapsed="0.000071"/>
</return>
<msg time="2026-06-26T23:20:04.665859" level="INFO">${output} = Arista cEOSLab
Hardware version: 
Serial number: 4982E58182463DF9FF08056679329C01
Hardware MAC address: 001c.7318.95e9
System MAC address: 001c.7318.95e9

Software image version: 4.34.2.2F-46218727.43...</msg>
<var>${output}</var>
<arg>${node}</arg>
<arg>version</arg>
<doc>Run `netlab connect &lt;node&gt; --show &lt;cmd&gt;` and return output.</doc>
<status status="PASS" start="2026-06-26T23:20:03.869531" elapsed="0.796359"/>
</kw>
<kw name="Should Contain" owner="BuiltIn">
<arg>${output}</arg>
<arg>Arista</arg>
<arg>${node} should be running Arista cEOS</arg>
<doc>Fails if ``container`` does not contain ``item`` one or more times.</doc>
<status status="PASS" start="2026-06-26T23:20:04.666034" elapsed="0.000410"/>
</kw>
<kw name="Should Contain" owner="BuiltIn">
<arg>${output}</arg>
<arg>4.34.2.2F</arg>
<arg>${node} should run correct image version</arg>
<doc>Fails if ``container`` does not contain ``item`` one or more times.</doc>
<status status="PASS" start="2026-06-26T23:20:04.666562" elapsed="0.000291"/>
</kw>
<var name="${node}">spine2</var>
<status status="PASS" start="2026-06-26T23:20:03.869376" elapsed="0.797511"/>
</iter>
<iter>
<kw name="Run Show Command" owner="NetlabCommon">
<kw name="Run Show Command" owner="RTL">
<msg time="2026-06-26T23:20:05.478050" level="INFO">${output} = Arista cEOSLab
Hardware version: 
Serial number: 522F98327A646F786B5286870686CB28
Hardware MAC address: 001c.73af.7539
System MAC address: 001c.73af.7539

Software image version: 4.34.2.2F-46218727.43...</msg>
<var>${output}</var>
<arg>${node}</arg>
<arg>${command}</arg>
<doc>Keyword alias for netlab_connect_show.</doc>
<status status="PASS" start="2026-06-26T23:20:04.667467" elapsed="0.810646"/>
</kw>
<return>
<value>${output}</value>
<status status="PASS" start="2026-06-26T23:20:05.478275" elapsed="0.000065"/>
</return>
<msg time="2026-06-26T23:20:05.478553" level="INFO">${output} = Arista cEOSLab
Hardware version: 
Serial number: 522F98327A646F786B5286870686CB28
Hardware MAC address: 001c.73af.7539
System MAC address: 001c.73af.7539

Software image version: 4.34.2.2F-46218727.43...</msg>
<var>${output}</var>
<arg>${node}</arg>
<arg>version</arg>
<doc>Run `netlab connect &lt;node&gt; --show &lt;cmd&gt;` and return output.</doc>
<status status="PASS" start="2026-06-26T23:20:04.667127" elapsed="0.811455"/>
</kw>
<kw name="Should Contain" owner="BuiltIn">
<arg>${output}</arg>
<arg>Arista</arg>
<arg>${node} should be running Arista cEOS</arg>
<doc>Fails if ``container`` does not contain ``item`` one or more times.</doc>
<status status="PASS" start="2026-06-26T23:20:05.478743" elapsed="0.000416"/>
</kw>
<kw name="Should Contain" owner="BuiltIn">
<arg>${output}</arg>
<arg>4.34.2.2F</arg>
<arg>${node} should run correct image version</arg>
<doc>Fails if ``container`` does not contain ``item`` one or more times.</doc>
<status status="PASS" start="2026-06-26T23:20:05.479303" elapsed="0.000349"/>
</kw>
<var name="${node}">leaf1</var>
<status status="PASS" start="2026-06-26T23:20:04.666989" elapsed="0.812699"/>
</iter>
<iter>
<kw name="Run Show Command" owner="NetlabCommon">
<kw name="Run Show Command" owner="RTL">
<msg time="2026-06-26T23:20:07.565827" level="INFO">${output} = Arista cEOSLab
Hardware version: 
Serial number: B1D10250B11C1F16958772708CD688AC
Hardware MAC address: 001c.7349.a21b
System MAC address: 001c.7349.a21b

Software image version: 4.34.2.2F-46218727.43...</msg>
<var>${output}</var>
<arg>${node}</arg>
<arg>${command}</arg>
<doc>Keyword alias for netlab_connect_show.</doc>
<status status="PASS" start="2026-06-26T23:20:05.480527" elapsed="2.085369"/>
</kw>
<return>
<value>${output}</value>
<status status="PASS" start="2026-06-26T23:20:07.565995" elapsed="0.000063"/>
</return>
<msg time="2026-06-26T23:20:07.566317" level="INFO">${output} = Arista cEOSLab
Hardware version: 
Serial number: B1D10250B11C1F16958772708CD688AC
Hardware MAC address: 001c.7349.a21b
System MAC address: 001c.7349.a21b

Software image version: 4.34.2.2F-46218727.43...</msg>
<var>${output}</var>
<arg>${node}</arg>
<arg>version</arg>
<doc>Run `netlab connect &lt;node&gt; --show &lt;cmd&gt;` and return output.</doc>
<status status="PASS" start="2026-06-26T23:20:05.480120" elapsed="2.086229"/>
</kw>
<kw name="Should Contain" owner="BuiltIn">
<arg>${output}</arg>
<arg>Arista</arg>
<arg>${node} should be running Arista cEOS</arg>
<doc>Fails if ``container`` does not contain ``item`` one or more times.</doc>
<status status="PASS" start="2026-06-26T23:20:07.566492" elapsed="0.000378"/>
</kw>
<kw name="Should Contain" owner="BuiltIn">
<arg>${output}</arg>
<arg>4.34.2.2F</arg>
<arg>${node} should run correct image version</arg>
<doc>Fails if ``container`` does not contain ``item`` one or more times.</doc>
<status status="PASS" start="2026-06-26T23:20:07.566979" elapsed="0.000314"/>
</kw>
<var name="${node}">leaf2</var>
<status status="PASS" start="2026-06-26T23:20:05.479906" elapsed="2.087423"/>
</iter>
<iter>
<kw name="Run Show Command" owner="NetlabCommon">
<kw name="Run Show Command" owner="RTL">
<msg time="2026-06-26T23:20:08.342075" level="INFO">${output} = Arista cEOSLab
Hardware version: 
Serial number: E183CF617EFDD5D8D49F91BF61598543
Hardware MAC address: 001c.7334.6dfc
System MAC address: 001c.7334.6dfc

Software image version: 4.34.2.2F-46218727.43...</msg>
<var>${output}</var>
<arg>${node}</arg>
<arg>${command}</arg>
<doc>Keyword alias for netlab_connect_show.</doc>
<status status="PASS" start="2026-06-26T23:20:07.567800" elapsed="0.774360"/>
</kw>
<return>
<value>${output}</value>
<status status="PASS" start="2026-06-26T23:20:08.342314" elapsed="0.000079"/>
</return>
<msg time="2026-06-26T23:20:08.342668" level="INFO">${output} = Arista cEOSLab
Hardware version: 
Serial number: E183CF617EFDD5D8D49F91BF61598543
Hardware MAC address: 001c.7334.6dfc
System MAC address: 001c.7334.6dfc

Software image version: 4.34.2.2F-46218727.43...</msg>
<var>${output}</var>
<arg>${node}</arg>
<arg>version</arg>
<doc>Run `netlab connect &lt;node&gt; --show &lt;cmd&gt;` and return output.</doc>
<status status="PASS" start="2026-06-26T23:20:07.567554" elapsed="0.775157"/>
</kw>
<kw name="Should Contain" owner="BuiltIn">
<arg>${output}</arg>
<arg>Arista</arg>
<arg>${node} should be running Arista cEOS</arg>
<doc>Fails if ``container`` does not contain ``item`` one or more times.</doc>
<status status="PASS" start="2026-06-26T23:20:08.342935" elapsed="0.000719"/>
</kw>
<kw name="Should Contain" owner="BuiltIn">
<arg>${output}</arg>
<arg>4.34.2.2F</arg>
<arg>${node} should run correct image version</arg>
<doc>Fails if ``container`` does not contain ``item`` one or more times.</doc>
<status status="PASS" start="2026-06-26T23:20:08.343845" elapsed="0.000474"/>
</kw>
<var name="${node}">leaf3</var>
<status status="PASS" start="2026-06-26T23:20:07.567429" elapsed="0.776947"/>
</iter>
<var>${node}</var>
<value>@{ALL_NODES}</value>
<status status="PASS" start="2026-06-26T23:20:03.059823" elapsed="5.284606"/>
</for>
<doc>Verify all EOS nodes respond with correct version.</doc>
<status status="PASS" start="2026-06-26T23:20:03.059539" elapsed="5.284989"/>
</kw>
<status status="PASS" start="2026-06-26T23:20:03.058886" elapsed="5.285846"/>
</test>
<test id="s1-t3" name="All Data Interfaces Should Be Up On Spine Nodes" line="36">
<for flavor="IN">
<iter>
<kw name="Run Show Command" owner="NetlabCommon">
<kw name="Run Show Command" owner="RTL">
<msg time="2026-06-26T23:20:09.182271" level="INFO">${output} = Address
Interface      IP Address             Status     Protocol         MTU   Owner  
-------------- ---------------------- ---------- ------------ --------- -------
Ethernet1      10.2.1.0/31      ...</msg>
<var>${output}</var>
<arg>${node}</arg>
<arg>${command}</arg>
<doc>Keyword alias for netlab_connect_show.</doc>
<status status="PASS" start="2026-06-26T23:20:08.346524" elapsed="0.835803"/>
</kw>
<return>
<value>${output}</value>
<status status="PASS" start="2026-06-26T23:20:09.182412" elapsed="0.000053"/>
</return>
<msg time="2026-06-26T23:20:09.182648" level="INFO">${output} = Address
Interface      IP Address             Status     Protocol         MTU   Owner  
-------------- ---------------------- ---------- ------------ --------- -------
Ethernet1      10.2.1.0/31      ...</msg>
<var>${output}</var>
<arg>${node}</arg>
<arg>ip interface brief</arg>
<doc>Run `netlab connect &lt;node&gt; --show &lt;cmd&gt;` and return output.</doc>
<status status="PASS" start="2026-06-26T23:20:08.346154" elapsed="0.836528"/>
</kw>
<kw name="Get Regexp Matches" owner="String">
<msg time="2026-06-26T23:20:09.183316" level="INFO">${up_count} = ['Ethernet1      10.2.1.0/31            up         up', 'Ethernet2      10.2.1.2/31            up         up', 'Ethernet3      10.2.1.4/31            up         up']</msg>
<var>${up_count}</var>
<arg>${output}</arg>
<arg>Ethernet\\d+.*up.*up</arg>
<doc>Returns a list of all non-overlapping matches in the given string.</doc>
<status status="PASS" start="2026-06-26T23:20:09.182867" elapsed="0.000479"/>
</kw>
<kw name="Length Should Be" owner="BuiltIn">
<msg time="2026-06-26T23:20:09.183927" level="INFO">Length is 3.</msg>
<arg>${up_count}</arg>
<arg>3</arg>
<arg>${node} should have 3 Ethernet interfaces up/up</arg>
<doc>Verifies that the length of the given item is correct.</doc>
<status status="PASS" start="2026-06-26T23:20:09.183489" elapsed="0.000493"/>
</kw>
<var name="${node}">spine1</var>
<status status="PASS" start="2026-06-26T23:20:08.345965" elapsed="0.838064"/>
</iter>
<iter>
<kw name="Run Show Command" owner="NetlabCommon">
<kw name="Run Show Command" owner="RTL">
<msg time="2026-06-26T23:20:10.012458" level="INFO">${output} = Address
Interface      IP Address             Status     Protocol         MTU   Owner  
-------------- ---------------------- ---------- ------------ --------- -------
Ethernet1      10.2.2.0/31      ...</msg>
<var>${output}</var>
<arg>${node}</arg>
<arg>${command}</arg>
<doc>Keyword alias for netlab_connect_show.</doc>
<status status="PASS" start="2026-06-26T23:20:09.184670" elapsed="0.827848"/>
</kw>
<return>
<value>${output}</value>
<status status="PASS" start="2026-06-26T23:20:10.012619" elapsed="0.000060"/>
</return>
<msg time="2026-06-26T23:20:10.012884" level="INFO">${output} = Address
Interface      IP Address             Status     Protocol         MTU   Owner  
-------------- ---------------------- ---------- ------------ --------- -------
Ethernet1      10.2.2.0/31      ...</msg>
<var>${output}</var>
<arg>${node}</arg>
<arg>ip interface brief</arg>
<doc>Run `netlab connect &lt;node&gt; --show &lt;cmd&gt;` and return output.</doc>
<status status="PASS" start="2026-06-26T23:20:09.184346" elapsed="0.828576"/>
</kw>
<kw name="Get Regexp Matches" owner="String">
<msg time="2026-06-26T23:20:10.013503" level="INFO">${up_count} = ['Ethernet1      10.2.2.0/31            up         up', 'Ethernet2      10.2.2.2/31            up         up', 'Ethernet3      10.2.2.4/31            up         up']</msg>
<var>${up_count}</var>
<arg>${output}</arg>
<arg>Ethernet\\d+.*up.*up</arg>
<doc>Returns a list of all non-overlapping matches in the given string.</doc>
<status status="PASS" start="2026-06-26T23:20:10.013133" elapsed="0.000407"/>
</kw>
<kw name="Length Should Be" owner="BuiltIn">
<msg time="2026-06-26T23:20:10.014340" level="INFO">Length is 3.</msg>
<arg>${up_count}</arg>
<arg>3</arg>
<arg>${node} should have 3 Ethernet interfaces up/up</arg>
<doc>Verifies that the length of the given item is correct.</doc>
<status status="PASS" start="2026-06-26T23:20:10.013801" elapsed="0.000595"/>
</kw>
<var name="${node}">spine2</var>
<status status="PASS" start="2026-06-26T23:20:09.184162" elapsed="0.830281"/>
</iter>
<var>${node}</var>
<value>spine1</value>
<value>spine2</value>
<status status="PASS" start="2026-06-26T23:20:08.345517" elapsed="1.668969"/>
</for>
<doc>Verify all Ethernet interfaces on spine nodes are up/up.</doc>
<status status="PASS" start="2026-06-26T23:20:08.345038" elapsed="1.669661"/>
</test>
<test id="s1-t4" name="All Data Interfaces Should Be Up On Leaf Nodes" line="44">
<for flavor="IN">
<iter>
<kw name="Run Show Command" owner="NetlabCommon">
<kw name="Run Show Command" owner="RTL">
<msg time="2026-06-26T23:20:11.677913" level="INFO">${output} = Address
Interface      IP Address             Status     Protocol         MTU   Owner  
-------------- ---------------------- ---------- ------------ --------- -------
Ethernet1      10.2.1.1/31      ...</msg>
<var>${output}</var>
<arg>${node}</arg>
<arg>${command}</arg>
<doc>Keyword alias for netlab_connect_show.</doc>
<status status="PASS" start="2026-06-26T23:20:10.016243" elapsed="1.661731"/>
</kw>
<return>
<value>${output}</value>
<status status="PASS" start="2026-06-26T23:20:11.678079" elapsed="0.000087"/>
</return>
<msg time="2026-06-26T23:20:11.678384" level="INFO">${output} = Address
Interface      IP Address             Status     Protocol         MTU   Owner  
-------------- ---------------------- ---------- ------------ --------- -------
Ethernet1      10.2.1.1/31      ...</msg>
<var>${output}</var>
<arg>${node}</arg>
<arg>ip interface brief</arg>
<doc>Run `netlab connect &lt;node&gt; --show &lt;cmd&gt;` and return output.</doc>
<status status="PASS" start="2026-06-26T23:20:10.015830" elapsed="1.662582"/>
</kw>
<kw name="Get Regexp Matches" owner="String">
<msg time="2026-06-26T23:20:11.678799" level="INFO">${up_count} = ['Ethernet1      10.2.1.1/31            up         up', 'Ethernet2      10.2.2.1/31            up         up', 'Ethernet3      10.3.1.0/31            up         up']</msg>
<var>${up_count}</var>
<arg>${output}</arg>
<arg>Ethernet\\d+.*up.*up</arg>
<doc>Returns a list of all non-overlapping matches in the given string.</doc>
<status status="PASS" start="2026-06-26T23:20:11.678558" elapsed="0.000265"/>
</kw>
<kw name="Length Should Be" owner="BuiltIn">
<msg time="2026-06-26T23:20:11.679318" level="INFO">Length is 3.</msg>
<arg>${up_count}</arg>
<arg>3</arg>
<arg>${node} should have 3 Ethernet interfaces up/up (2 spine + 1 host)</arg>
<doc>Verifies that the length of the given item is correct.</doc>
<status status="PASS" start="2026-06-26T23:20:11.678933" elapsed="0.000428"/>
</kw>
<var name="${node}">leaf1</var>
<status status="PASS" start="2026-06-26T23:20:10.015632" elapsed="1.663766"/>
</iter>
<iter>
<kw name="Run Show Command" owner="NetlabCommon">
<kw name="Run Show Command" owner="RTL">
<msg time="2026-06-26T23:20:12.625365" level="INFO">${output} = Address
Interface      IP Address             Status     Protocol         MTU   Owner  
-------------- ---------------------- ---------- ------------ --------- -------
Ethernet1      10.2.1.3/31      ...</msg>
<var>${output}</var>
<arg>${node}</arg>
<arg>${command}</arg>
<doc>Keyword alias for netlab_connect_show.</doc>
<status status="PASS" start="2026-06-26T23:20:11.679918" elapsed="0.945508"/>
</kw>
<return>
<value>${output}</value>
<status status="PASS" start="2026-06-26T23:20:12.625517" elapsed="0.000060"/>
</return>
<msg time="2026-06-26T23:20:12.625774" level="INFO">${output} = Address
Interface      IP Address             Status     Protocol         MTU   Owner  
-------------- ---------------------- ---------- ------------ --------- -------
Ethernet1      10.2.1.3/31      ...</msg>
<var>${output}</var>
<arg>${node}</arg>
<arg>ip interface brief</arg>
<doc>Run `netlab connect &lt;node&gt; --show &lt;cmd&gt;` and return output.</doc>
<status status="PASS" start="2026-06-26T23:20:11.679643" elapsed="0.946157"/>
</kw>
<kw name="Get Regexp Matches" owner="String">
<msg time="2026-06-26T23:20:12.626191" level="INFO">${up_count} = ['Ethernet1      10.2.1.3/31            up         up', 'Ethernet2      10.2.2.3/31            up         up', 'Ethernet3      10.3.2.0/31            up         up']</msg>
<var>${up_count}</var>
<arg>${output}</arg>
<arg>Ethernet\\d+.*up.*up</arg>
<doc>Returns a list of all non-overlapping matches in the given string.</doc>
<status status="PASS" start="2026-06-26T23:20:12.625946" elapsed="0.000334"/>
</kw>
<kw name="Length Should Be" owner="BuiltIn">
<msg time="2026-06-26T23:20:12.626806" level="INFO">Length is 3.</msg>
<arg>${up_count}</arg>
<arg>3</arg>
<arg>${node} should have 3 Ethernet interfaces up/up (2 spine + 1 host)</arg>
<doc>Verifies that the length of the given item is correct.</doc>
<status status="PASS" start="2026-06-26T23:20:12.626410" elapsed="0.000438"/>
</kw>
<var name="${node}">leaf2</var>
<status status="PASS" start="2026-06-26T23:20:11.679508" elapsed="0.947376"/>
</iter>
<iter>
<kw name="Run Show Command" owner="NetlabCommon">
<kw name="Run Show Command" owner="RTL">
<msg time="2026-06-26T23:20:13.381637" level="INFO">${output} = Address
Interface      IP Address             Status     Protocol         MTU   Owner  
-------------- ---------------------- ---------- ------------ --------- -------
Ethernet1      10.2.1.5/31      ...</msg>
<var>${output}</var>
<arg>${node}</arg>
<arg>${command}</arg>
<doc>Keyword alias for netlab_connect_show.</doc>
<status status="PASS" start="2026-06-26T23:20:12.627410" elapsed="0.754321"/>
</kw>
<return>
<value>${output}</value>
<status status="PASS" start="2026-06-26T23:20:13.381842" elapsed="0.000069"/>
</return>
<msg time="2026-06-26T23:20:13.382101" level="INFO">${output} = Address
Interface      IP Address             Status     Protocol         MTU   Owner  
-------------- ---------------------- ---------- ------------ --------- -------
Ethernet1      10.2.1.5/31      ...</msg>
<var>${output}</var>
<arg>${node}</arg>
<arg>ip interface brief</arg>
<doc>Run `netlab connect &lt;node&gt; --show &lt;cmd&gt;` and return output.</doc>
<status status="PASS" start="2026-06-26T23:20:12.627134" elapsed="0.754995"/>
</kw>
<kw name="Get Regexp Matches" owner="String">
<msg time="2026-06-26T23:20:13.382647" level="INFO">${up_count} = ['Ethernet1      10.2.1.5/31            up         up', 'Ethernet2      10.2.2.5/31            up         up', 'Ethernet3      10.3.3.0/31            up         up']</msg>
<var>${up_count}</var>
<arg>${output}</arg>
<arg>Ethernet\\d+.*up.*up</arg>
<doc>Returns a list of all non-overlapping matches in the given string.</doc>
<status status="PASS" start="2026-06-26T23:20:13.382367" elapsed="0.000305"/>
</kw>
<kw name="Length Should Be" owner="BuiltIn">
<msg time="2026-06-26T23:20:13.383308" level="INFO">Length is 3.</msg>
<arg>${up_count}</arg>
<arg>3</arg>
<arg>${node} should have 3 Ethernet interfaces up/up (2 spine + 1 host)</arg>
<doc>Verifies that the length of the given item is correct.</doc>
<status status="PASS" start="2026-06-26T23:20:13.382766" elapsed="0.000581"/>
</kw>
<var name="${node}">leaf3</var>
<status status="PASS" start="2026-06-26T23:20:12.626997" elapsed="0.756383"/>
</iter>
<var>${node}</var>
<value>leaf1</value>
<value>leaf2</value>
<value>leaf3</value>
<status status="PASS" start="2026-06-26T23:20:10.015439" elapsed="3.367970"/>
</for>
<doc>Verify all Ethernet interfaces on leaf nodes are up/up.</doc>
<status status="PASS" start="2026-06-26T23:20:10.014979" elapsed="3.368561"/>
</test>
<test id="s1-t5" name="Loopback0 Should Have Correct IP On All EOS Nodes" line="52">
<for flavor="IN">
<iter>
<kw name="Run Show Command" owner="NetlabCommon">
<kw name="Run Show Command" owner="RTL">
<msg time="2026-06-26T23:20:14.064638" level="INFO">${output} = Address
Interface      IP Address             Status     Protocol         MTU   Owner  
-------------- ---------------------- ---------- ------------ --------- -------
Ethernet1      10.2.1.0/31      ...</msg>
<var>${output}</var>
<arg>${node}</arg>
<arg>${command}</arg>
<doc>Keyword alias for netlab_connect_show.</doc>
<status status="PASS" start="2026-06-26T23:20:13.384467" elapsed="0.680289"/>
</kw>
<return>
<value>${output}</value>
<status status="PASS" start="2026-06-26T23:20:14.064842" elapsed="0.000076"/>
</return>
<msg time="2026-06-26T23:20:14.065153" level="INFO">${output} = Address
Interface      IP Address             Status     Protocol         MTU   Owner  
-------------- ---------------------- ---------- ------------ --------- -------
Ethernet1      10.2.1.0/31      ...</msg>
<var>${output}</var>
<arg>${node}</arg>
<arg>ip interface brief</arg>
<doc>Run `netlab connect &lt;node&gt; --show &lt;cmd&gt;` and return output.</doc>
<status status="PASS" start="2026-06-26T23:20:13.384197" elapsed="0.680980"/>
</kw>
<kw name="Should Contain" owner="BuiltIn">
<arg>${output}</arg>
<arg>${expected_ip}</arg>
<arg>${node} Loopback0 should be ${expected_ip}</arg>
<doc>Fails if ``container`` does not contain ``item`` one or more times.</doc>
<status status="PASS" start="2026-06-26T23:20:14.065335" elapsed="0.000464"/>
</kw>
<var name="${node}">spine1</var>
<var name="${expected_ip}">10.0.1.1/32</var>
<status status="PASS" start="2026-06-26T23:20:13.384085" elapsed="0.681759"/>
</iter>
<iter>
<kw name="Run Show Command" owner="NetlabCommon">
<kw name="Run Show Command" owner="RTL">
<msg time="2026-06-26T23:20:14.811674" level="INFO">${output} = Address
Interface      IP Address             Status     Protocol         MTU   Owner  
-------------- ---------------------- ---------- ------------ --------- -------
Ethernet1      10.2.2.0/31      ...</msg>
<var>${output}</var>
<arg>${node}</arg>
<arg>${command}</arg>
<doc>Keyword alias for netlab_connect_show.</doc>
<status status="PASS" start="2026-06-26T23:20:14.066399" elapsed="0.745326"/>
</kw>
<return>
<value>${output}</value>
<status status="PASS" start="2026-06-26T23:20:14.811806" elapsed="0.000050"/>
</return>
<msg time="2026-06-26T23:20:14.812021" level="INFO">${output} = Address
Interface      IP Address             Status     Protocol         MTU   Owner  
-------------- ---------------------- ---------- ------------ --------- -------
Ethernet1      10.2.2.0/31      ...</msg>
<var>${output}</var>
<arg>${node}</arg>
<arg>ip interface brief</arg>
<doc>Run `netlab connect &lt;node&gt; --show &lt;cmd&gt;` and return output.</doc>
<status status="PASS" start="2026-06-26T23:20:14.066158" elapsed="0.745890"/>
</kw>
<kw name="Should Contain" owner="BuiltIn">
<arg>${output}</arg>
<arg>${expected_ip}</arg>
<arg>${node} Loopback0 should be ${expected_ip}</arg>
<doc>Fails if ``container`` does not contain ``item`` one or more times.</doc>
<status status="PASS" start="2026-06-26T23:20:14.812203" elapsed="0.000446"/>
</kw>
<var name="${node}">spine2</var>
<var name="${expected_ip}">10.0.2.1/32</var>
<status status="PASS" start="2026-06-26T23:20:14.066000" elapsed="0.746687"/>
</iter>
<iter>
<kw name="Run Show Command" owner="NetlabCommon">
<kw name="Run Show Command" owner="RTL">
<msg time="2026-06-26T23:20:15.527436" level="INFO">${output} = Address
Interface      IP Address             Status     Protocol         MTU   Owner  
-------------- ---------------------- ---------- ------------ --------- -------
Ethernet1      10.2.1.1/31      ...</msg>
<var>${output}</var>
<arg>${node}</arg>
<arg>${command}</arg>
<doc>Keyword alias for netlab_connect_show.</doc>
<status status="PASS" start="2026-06-26T23:20:14.813174" elapsed="0.714306"/>
</kw>
<return>
<value>${output}</value>
<status status="PASS" start="2026-06-26T23:20:15.527547" elapsed="0.000042"/>
</return>
<msg time="2026-06-26T23:20:15.527727" level="INFO">${output} = Address
Interface      IP Address             Status     Protocol         MTU   Owner  
-------------- ---------------------- ---------- ------------ --------- -------
Ethernet1      10.2.1.1/31      ...</msg>
<var>${output}</var>
<arg>${node}</arg>
<arg>ip interface brief</arg>
<doc>Run `netlab connect &lt;node&gt; --show &lt;cmd&gt;` and return output.</doc>
<status status="PASS" start="2026-06-26T23:20:14.812924" elapsed="0.714826"/>
</kw>
<kw name="Should Contain" owner="BuiltIn">
<arg>${output}</arg>
<arg>${expected_ip}</arg>
<arg>${node} Loopback0 should be ${expected_ip}</arg>
<doc>Fails if ``container`` does not contain ``item`` one or more times.</doc>
<status status="PASS" start="2026-06-26T23:20:15.527880" elapsed="0.000404"/>
</kw>
<var name="${node}">leaf1</var>
<var name="${expected_ip}">10.0.11.1/32</var>
<status status="PASS" start="2026-06-26T23:20:14.812795" elapsed="0.715524"/>
</iter>
<iter>
<kw name="Run Show Command" owner="NetlabCommon">
<kw name="Run Show Command" owner="RTL">
<msg time="2026-06-26T23:20:16.261257" level="INFO">${output} = Address
Interface      IP Address             Status     Protocol         MTU   Owner  
-------------- ---------------------- ---------- ------------ --------- -------
Ethernet1      10.2.1.3/31      ...</msg>
<var>${output}</var>
<arg>${node}</arg>
<arg>${command}</arg>
<doc>Keyword alias for netlab_connect_show.</doc>
<status status="PASS" start="2026-06-26T23:20:15.528818" elapsed="0.732488"/>
</kw>
<return>
<value>${output}</value>
<status status="PASS" start="2026-06-26T23:20:16.261381" elapsed="0.000044"/>
</return>
<msg time="2026-06-26T23:20:16.261582" level="INFO">${output} = Address
Interface      IP Address             Status     Protocol         MTU   Owner  
-------------- ---------------------- ---------- ------------ --------- -------
Ethernet1      10.2.1.3/31      ...</msg>
<var>${output}</var>
<arg>${node}</arg>
<arg>ip interface brief</arg>
<doc>Run `netlab connect &lt;node&gt; --show &lt;cmd&gt;` and return output.</doc>
<status status="PASS" start="2026-06-26T23:20:15.528563" elapsed="0.733046"/>
</kw>
<kw name="Should Contain" owner="BuiltIn">
<arg>${output}</arg>
<arg>${expected_ip}</arg>
<arg>${node} Loopback0 should be ${expected_ip}</arg>
<doc>Fails if ``container`` does not contain ``item`` one or more times.</doc>
<status status="PASS" start="2026-06-26T23:20:16.261758" elapsed="0.000500"/>
</kw>
<var name="${node}">leaf2</var>
<var name="${expected_ip}">10.0.12.1/32</var>
<status status="PASS" start="2026-06-26T23:20:15.528436" elapsed="0.733863"/>
</iter>
<iter>
<kw name="Run Show Command" owner="NetlabCommon">
<kw name="Run Show Command" owner="RTL">
<msg time="2026-06-26T23:20:16.977727" level="INFO">${output} = Address
Interface      IP Address             Status     Protocol         MTU   Owner  
-------------- ---------------------- ---------- ------------ --------- -------
Ethernet1      10.2.1.5/31      ...</msg>
<var>${output}</var>
<arg>${node}</arg>
<arg>${command}</arg>
<doc>Keyword alias for netlab_connect_show.</doc>
<status status="PASS" start="2026-06-26T23:20:16.262782" elapsed="0.714994"/>
</kw>
<return>
<value>${output}</value>
<status status="PASS" start="2026-06-26T23:20:16.977852" elapsed="0.000046"/>
</return>
<msg time="2026-06-26T23:20:16.978046" level="INFO">${output} = Address
Interface      IP Address             Status     Protocol         MTU   Owner  
-------------- ---------------------- ---------- ------------ --------- -------
Ethernet1      10.2.1.5/31      ...</msg>
<var>${output}</var>
<arg>${node}</arg>
<arg>ip interface brief</arg>
<doc>Run `netlab connect &lt;node&gt; --show &lt;cmd&gt;` and return output.</doc>
<status status="PASS" start="2026-06-26T23:20:16.262538" elapsed="0.715533"/>
</kw>
<kw name="Should Contain" owner="BuiltIn">
<arg>${output}</arg>
<arg>${expected_ip}</arg>
<arg>${node} Loopback0 should be ${expected_ip}</arg>
<doc>Fails if ``container`` does not contain ``item`` one or more times.</doc>
<status status="PASS" start="2026-06-26T23:20:16.978238" elapsed="0.000465"/>
</kw>
<var name="${node}">leaf3</var>
<var name="${expected_ip}">10.0.13.1/32</var>
<status status="PASS" start="2026-06-26T23:20:16.262410" elapsed="0.716336"/>
</iter>
<var>${node}</var>
<var>${expected_ip}</var>
<value>&amp;{LOOPBACK_IPS}</value>
<status status="PASS" start="2026-06-26T23:20:13.383925" elapsed="3.594928"/>
</for>
<doc>Verify Loopback0 IP matches the IP plan.</doc>
<status status="PASS" start="2026-06-26T23:20:13.383693" elapsed="3.595319"/>
</test>
<test id="s1-t6" name="Loopback0 Should Be Up On All EOS Nodes" line="59">
<for flavor="IN">
<iter>
<kw name="Run Show Command" owner="NetlabCommon">
<kw name="Run Show Command" owner="RTL">
<msg time="2026-06-26T23:20:17.697520" level="INFO">${output} = Address
Interface      IP Address             Status     Protocol         MTU   Owner  
-------------- ---------------------- ---------- ------------ --------- -------
Ethernet1      10.2.1.0/31      ...</msg>
<var>${output}</var>
<arg>${node}</arg>
<arg>${command}</arg>
<doc>Keyword alias for netlab_connect_show.</doc>
<status status="PASS" start="2026-06-26T23:20:16.979996" elapsed="0.717592"/>
</kw>
<return>
<value>${output}</value>
<status status="PASS" start="2026-06-26T23:20:17.697667" elapsed="0.000048"/>
</return>
<msg time="2026-06-26T23:20:17.697884" level="INFO">${output} = Address
Interface      IP Address             Status     Protocol         MTU   Owner  
-------------- ---------------------- ---------- ------------ --------- -------
Ethernet1      10.2.1.0/31      ...</msg>
<var>${output}</var>
<arg>${node}</arg>
<arg>ip interface brief</arg>
<doc>Run `netlab connect &lt;node&gt; --show &lt;cmd&gt;` and return output.</doc>
<status status="PASS" start="2026-06-26T23:20:16.979758" elapsed="0.718162"/>
</kw>
<kw name="Get Regexp Matches" owner="String">
<msg time="2026-06-26T23:20:17.698505" level="INFO">${match} = ['Loopback0      10.0.1.1/32            up         up']</msg>
<var>${match}</var>
<arg>${output}</arg>
<arg>Loopback0.*up.*up</arg>
<doc>Returns a list of all non-overlapping matches in the given string.</doc>
<status status="PASS" start="2026-06-26T23:20:17.698100" elapsed="0.000431"/>
</kw>
<kw name="Length Should Be" owner="BuiltIn">
<msg time="2026-06-26T23:20:17.698973" level="INFO">Length is 1.</msg>
<arg>${match}</arg>
<arg>1</arg>
<arg>${node} Loopback0 should be up</arg>
<doc>Verifies that the length of the given item is correct.</doc>
<status status="PASS" start="2026-06-26T23:20:17.698655" elapsed="0.000354"/>
</kw>
<var name="${node}">spine1</var>
<status status="PASS" start="2026-06-26T23:20:16.979637" elapsed="0.719402"/>
</iter>
<iter>
<kw name="Run Show Command" owner="NetlabCommon">
<kw name="Run Show Command" owner="RTL">
<msg time="2026-06-26T23:20:18.416982" level="INFO">${output} = Address
Interface      IP Address             Status     Protocol         MTU   Owner  
-------------- ---------------------- ---------- ------------ --------- -------
Ethernet1      10.2.2.0/31      ...</msg>
<var>${output}</var>
<arg>${node}</arg>
<arg>${command}</arg>
<doc>Keyword alias for netlab_connect_show.</doc>
<status status="PASS" start="2026-06-26T23:20:17.699466" elapsed="0.717559"/>
</kw>
<return>
<value>${output}</value>
<status status="PASS" start="2026-06-26T23:20:18.417095" elapsed="0.000043"/>
</return>
<msg time="2026-06-26T23:20:18.417304" level="INFO">${output} = Address
Interface      IP Address             Status     Protocol         MTU   Owner  
-------------- ---------------------- ---------- ------------ --------- -------
Ethernet1      10.2.2.0/31      ...</msg>
<var>${output}</var>
<arg>${node}</arg>
<arg>ip interface brief</arg>
<doc>Run `netlab connect &lt;node&gt; --show &lt;cmd&gt;` and return output.</doc>
<status status="PASS" start="2026-06-26T23:20:17.699251" elapsed="0.718074"/>
</kw>
<kw name="Get Regexp Matches" owner="String">
<msg time="2026-06-26T23:20:18.417651" level="INFO">${match} = ['Loopback0      10.0.2.1/32            up         up']</msg>
<var>${match}</var>
<arg>${output}</arg>
<arg>Loopback0.*up.*up</arg>
<doc>Returns a list of all non-overlapping matches in the given string.</doc>
<status status="PASS" start="2026-06-26T23:20:18.417455" elapsed="0.000216"/>
</kw>
<kw name="Length Should Be" owner="BuiltIn">
<msg time="2026-06-26T23:20:18.418101" level="INFO">Length is 1.</msg>
<arg>${match}</arg>
<arg>1</arg>
<arg>${node} Loopback0 should be up</arg>
<doc>Verifies that the length of the given item is correct.</doc>
<status status="PASS" start="2026-06-26T23:20:18.417750" elapsed="0.000388"/>
</kw>
<var name="${node}">spine2</var>
<status status="PASS" start="2026-06-26T23:20:17.699129" elapsed="0.719041"/>
</iter>
<iter>
<kw name="Run Show Command" owner="NetlabCommon">
<kw name="Run Show Command" owner="RTL">
<msg time="2026-06-26T23:20:19.139035" level="INFO">${output} = Address
Interface      IP Address             Status     Protocol         MTU   Owner  
-------------- ---------------------- ---------- ------------ --------- -------
Ethernet1      10.2.1.1/31      ...</msg>
<var>${output}</var>
<arg>${node}</arg>
<arg>${command}</arg>
<doc>Keyword alias for netlab_connect_show.</doc>
<status status="PASS" start="2026-06-26T23:20:18.418613" elapsed="0.720464"/>
</kw>
<return>
<value>${output}</value>
<status status="PASS" start="2026-06-26T23:20:19.139145" elapsed="0.000040"/>
</return>
<msg time="2026-06-26T23:20:19.139344" level="INFO">${output} = Address
Interface      IP Address             Status     Protocol         MTU   Owner  
-------------- ---------------------- ---------- ------------ --------- -------
Ethernet1      10.2.1.1/31      ...</msg>
<var>${output}</var>
<arg>${node}</arg>
<arg>ip interface brief</arg>
<doc>Run `netlab connect &lt;node&gt; --show &lt;cmd&gt;` and return output.</doc>
<status status="PASS" start="2026-06-26T23:20:18.418388" elapsed="0.720980"/>
</kw>
<kw name="Get Regexp Matches" owner="String">
<msg time="2026-06-26T23:20:19.139737" level="INFO">${match} = ['Loopback0      10.0.11.1/32           up         up']</msg>
<var>${match}</var>
<arg>${output}</arg>
<arg>Loopback0.*up.*up</arg>
<doc>Returns a list of all non-overlapping matches in the given string.</doc>
<status status="PASS" start="2026-06-26T23:20:19.139506" elapsed="0.000264"/>
</kw>
<kw name="Length Should Be" owner="BuiltIn">
<msg time="2026-06-26T23:20:19.140235" level="INFO">Length is 1.</msg>
<arg>${match}</arg>
<arg>1</arg>
<arg>${node} Loopback0 should be up</arg>
<doc>Verifies that the length of the given item is correct.</doc>
<status status="PASS" start="2026-06-26T23:20:19.139874" elapsed="0.000414"/>
</kw>
<var name="${node}">leaf1</var>
<status status="PASS" start="2026-06-26T23:20:18.418275" elapsed="0.722051"/>
</iter>
<iter>
<kw name="Run Show Command" owner="NetlabCommon">
<kw name="Run Show Command" owner="RTL">
<msg time="2026-06-26T23:20:19.843355" level="INFO">${output} = Address
Interface      IP Address             Status     Protocol         MTU   Owner  
-------------- ---------------------- ---------- ------------ --------- -------
Ethernet1      10.2.1.3/31      ...</msg>
<var>${output}</var>
<arg>${node}</arg>
<arg>${command}</arg>
<doc>Keyword alias for netlab_connect_show.</doc>
<status status="PASS" start="2026-06-26T23:20:19.140898" elapsed="0.702504"/>
</kw>
<return>
<value>${output}</value>
<status status="PASS" start="2026-06-26T23:20:19.843475" elapsed="0.000046"/>
</return>
<msg time="2026-06-26T23:20:19.843665" level="INFO">${output} = Address
Interface      IP Address             Status     Protocol         MTU   Owner  
-------------- ---------------------- ---------- ------------ --------- -------
Ethernet1      10.2.1.3/31      ...</msg>
<var>${output}</var>
<arg>${node}</arg>
<arg>ip interface brief</arg>
<doc>Run `netlab connect &lt;node&gt; --show &lt;cmd&gt;` and return output.</doc>
<status status="PASS" start="2026-06-26T23:20:19.140620" elapsed="0.703068"/>
</kw>
<kw name="Get Regexp Matches" owner="String">
<msg time="2026-06-26T23:20:19.844068" level="INFO">${match} = ['Loopback0      10.0.12.1/32           up         up']</msg>
<var>${match}</var>
<arg>${output}</arg>
<arg>Loopback0.*up.*up</arg>
<doc>Returns a list of all non-overlapping matches in the given string.</doc>
<status status="PASS" start="2026-06-26T23:20:19.843832" elapsed="0.000260"/>
</kw>
<kw name="Length Should Be" owner="BuiltIn">
<msg time="2026-06-26T23:20:19.844625" level="INFO">Length is 1.</msg>
<arg>${match}</arg>
<arg>1</arg>
<arg>${node} Loopback0 should be up</arg>
<doc>Verifies that the length of the given item is correct.</doc>
<status status="PASS" start="2026-06-26T23:20:19.844299" elapsed="0.000362"/>
</kw>
<var name="${node}">leaf2</var>
<status status="PASS" start="2026-06-26T23:20:19.140472" elapsed="0.704220"/>
</iter>
<iter>
<kw name="Run Show Command" owner="NetlabCommon">
<kw name="Run Show Command" owner="RTL">
<msg time="2026-06-26T23:20:20.535825" level="INFO">${output} = Address
Interface      IP Address             Status     Protocol         MTU   Owner  
-------------- ---------------------- ---------- ------------ --------- -------
Ethernet1      10.2.1.5/31      ...</msg>
<var>${output}</var>
<arg>${node}</arg>
<arg>${command}</arg>
<doc>Keyword alias for netlab_connect_show.</doc>
<status status="PASS" start="2026-06-26T23:20:19.845113" elapsed="0.690759"/>
</kw>
<return>
<value>${output}</value>
<status status="PASS" start="2026-06-26T23:20:20.535947" elapsed="0.000045"/>
</return>
<msg time="2026-06-26T23:20:20.536150" level="INFO">${output} = Address
Interface      IP Address             Status     Protocol         MTU   Owner  
-------------- ---------------------- ---------- ------------ --------- -------
Ethernet1      10.2.1.5/31      ...</msg>
<var>${output}</var>
<arg>${node}</arg>
<arg>ip interface brief</arg>
<doc>Run `netlab connect &lt;node&gt; --show &lt;cmd&gt;` and return output.</doc>
<status status="PASS" start="2026-06-26T23:20:19.844897" elapsed="0.691280"/>
</kw>
<kw name="Get Regexp Matches" owner="String">
<msg time="2026-06-26T23:20:20.536603" level="INFO">${match} = ['Loopback0      10.0.13.1/32           up         up']</msg>
<var>${match}</var>
<arg>${output}</arg>
<arg>Loopback0.*up.*up</arg>
<doc>Returns a list of all non-overlapping matches in the given string.</doc>
<status status="PASS" start="2026-06-26T23:20:20.536352" elapsed="0.000278"/>
</kw>
<kw name="Length Should Be" owner="BuiltIn">
<msg time="2026-06-26T23:20:20.537045" level="INFO">Length is 1.</msg>
<arg>${match}</arg>
<arg>1</arg>
<arg>${node} Loopback0 should be up</arg>
<doc>Verifies that the length of the given item is correct.</doc>
<status status="PASS" start="2026-06-26T23:20:20.536735" elapsed="0.000348"/>
</kw>
<var name="${node}">leaf3</var>
<status status="PASS" start="2026-06-26T23:20:19.844782" elapsed="0.692335"/>
</iter>
<var>${node}</var>
<value>@{ALL_NODES}</value>
<status status="PASS" start="2026-06-26T23:20:16.979506" elapsed="3.557641"/>
</for>
<doc>Verify Loopback0 interface status is up/up.</doc>
<status status="PASS" start="2026-06-26T23:20:16.979208" elapsed="3.558087"/>
</test>
<test id="s1-t7" name="BGP Neighbors Should Be Established On Spine1" line="67">
<kw name="Run Show Command" owner="NetlabCommon">
<kw name="Run Show Command" owner="RTL">
<msg time="2026-06-26T23:20:21.249452" level="INFO">${output} = BGP neighbor is 10.2.1.1, remote AS 65101, external link
  BGP version 4, remote router ID 10.0.11.1, VRF default
  Last read 00:00:11, last write 00:00:53
  Hold time is 180, keepalive interval is 60...</msg>
<var>${output}</var>
<arg>${node}</arg>
<arg>${command}</arg>
<doc>Keyword alias for netlab_connect_show.</doc>
<status status="PASS" start="2026-06-26T23:20:20.538042" elapsed="0.711471"/>
</kw>
<return>
<value>${output}</value>
<status status="PASS" start="2026-06-26T23:20:21.249609" elapsed="0.000061"/>
</return>
<msg time="2026-06-26T23:20:21.249855" level="INFO">${output} = BGP neighbor is 10.2.1.1, remote AS 65101, external link
  BGP version 4, remote router ID 10.0.11.1, VRF default
  Last read 00:00:11, last write 00:00:53
  Hold time is 180, keepalive interval is 60...</msg>
<var>${output}</var>
<arg>spine1</arg>
<arg>bgp neighbors</arg>
<doc>Run `netlab connect &lt;node&gt; --show &lt;cmd&gt;` and return output.</doc>
<status status="PASS" start="2026-06-26T23:20:20.537825" elapsed="0.712061"/>
</kw>
<for flavor="IN">
<iter>
<kw name="Should Contain" owner="BuiltIn">
<arg>${output}</arg>
<arg>${neighbor_ip}</arg>
<arg>spine1 should have BGP neighbor ${neighbor_ip}</arg>
<doc>Fails if ``container`` does not contain ``item`` one or more times.</doc>
<status status="PASS" start="2026-06-26T23:20:21.250328" elapsed="0.000608"/>
</kw>
<var name="${neighbor_ip}">10.2.1.1</var>
<status status="PASS" start="2026-06-26T23:20:21.250196" elapsed="0.000779"/>
</iter>
<iter>
<kw name="Should Contain" owner="BuiltIn">
<arg>${output}</arg>
<arg>${neighbor_ip}</arg>
<arg>spine1 should have BGP neighbor ${neighbor_ip}</arg>
<doc>Fails if ``container`` does not contain ``item`` one or more times.</doc>
<status status="PASS" start="2026-06-26T23:20:21.251136" elapsed="0.000319"/>
</kw>
<var name="${neighbor_ip}">10.2.1.3</var>
<status status="PASS" start="2026-06-26T23:20:21.251055" elapsed="0.000435"/>
</iter>
<iter>
<kw name="Should Contain" owner="BuiltIn">
<arg>${output}</arg>
<arg>${neighbor_ip}</arg>
<arg>spine1 should have BGP neighbor ${neighbor_ip}</arg>
<doc>Fails if ``container`` does not contain ``item`` one or more times.</doc>
<status status="PASS" start="2026-06-26T23:20:21.251628" elapsed="0.000270"/>
</kw>
<var name="${neighbor_ip}">10.2.1.5</var>
<status status="PASS" start="2026-06-26T23:20:21.251559" elapsed="0.000371"/>
</iter>
<var>${neighbor_ip}</var>
<value>@{SPINE1_NEIGHBORS}</value>
<status status="PASS" start="2026-06-26T23:20:21.250017" elapsed="0.001936"/>
</for>
<kw name="Get Regexp Matches" owner="String">
<msg time="2026-06-26T23:20:21.252452" level="INFO">${established_count} = ['BGP state is Established', 'BGP state is Established', 'BGP state is Established']</msg>
<var>${established_count}</var>
<arg>${output}</arg>
<arg>(?i)BGP state is Established</arg>
<doc>Returns a list of all non-overlapping matches in the given string.</doc>
<status status="PASS" start="2026-06-26T23:20:21.252079" elapsed="0.000395"/>
</kw>
<kw name="Length Should Be" owner="BuiltIn">
<msg time="2026-06-26T23:20:21.252819" level="INFO">Length is 3.</msg>
<arg>${established_count}</arg>
<arg>3</arg>
<arg>spine1 should have 3 Established BGP sessions</arg>
<doc>Verifies that the length of the given item is correct.</doc>
<status status="PASS" start="2026-06-26T23:20:21.252584" elapsed="0.000269"/>
</kw>
<doc>spine1 should have 3 eBGP sessions to leaf1, leaf2, leaf3.</doc>
<status status="PASS" start="2026-06-26T23:20:20.537464" elapsed="0.715496"/>
</test>
<test id="s1-t8" name="BGP Neighbors Should Be Established On Spine2" line="76">
<kw name="Run Show Command" owner="NetlabCommon">
<kw name="Run Show Command" owner="RTL">
<msg time="2026-06-26T23:20:21.969576" level="INFO">${output} = BGP neighbor is 10.2.2.1, remote AS 65101, external link
  BGP version 4, remote router ID 10.0.11.1, VRF default
  Last read 00:00:14, last write 00:00:11
  Hold time is 180, keepalive interval is 60...</msg>
<var>${output}</var>
<arg>${node}</arg>
<arg>${command}</arg>
<doc>Keyword alias for netlab_connect_show.</doc>
<status status="PASS" start="2026-06-26T23:20:21.253654" elapsed="0.715968"/>
</kw>
<return>
<value>${output}</value>
<status status="PASS" start="2026-06-26T23:20:21.969697" elapsed="0.000056"/>
</return>
<msg time="2026-06-26T23:20:21.969905" level="INFO">${output} = BGP neighbor is 10.2.2.1, remote AS 65101, external link
  BGP version 4, remote router ID 10.0.11.1, VRF default
  Last read 00:00:14, last write 00:00:11
  Hold time is 180, keepalive interval is 60...</msg>
<var>${output}</var>
<arg>spine2</arg>
<arg>bgp neighbors</arg>
<doc>Run `netlab connect &lt;node&gt; --show &lt;cmd&gt;` and return output.</doc>
<status status="PASS" start="2026-06-26T23:20:21.253451" elapsed="0.716480"/>
</kw>
<for flavor="IN">
<iter>
<kw name="Should Contain" owner="BuiltIn">
<arg>${output}</arg>
<arg>${neighbor_ip}</arg>
<arg>spine2 should have BGP neighbor ${neighbor_ip}</arg>
<doc>Fails if ``container`` does not contain ``item`` one or more times.</doc>
<status status="PASS" start="2026-06-26T23:20:21.970361" elapsed="0.000383"/>
</kw>
<var name="${neighbor_ip}">10.2.2.1</var>
<status status="PASS" start="2026-06-26T23:20:21.970197" elapsed="0.000584"/>
</iter>
<iter>
<kw name="Should Contain" owner="BuiltIn">
<arg>${output}</arg>
<arg>${neighbor_ip}</arg>
<arg>spine2 should have BGP neighbor ${neighbor_ip}</arg>
<doc>Fails if ``container`` does not contain ``item`` one or more times.</doc>
<status status="PASS" start="2026-06-26T23:20:21.970993" elapsed="0.000333"/>
</kw>
<var name="${neighbor_ip}">10.2.2.3</var>
<status status="PASS" start="2026-06-26T23:20:21.970911" elapsed="0.000450"/>
</iter>
<iter>
<kw name="Should Contain" owner="BuiltIn">
<arg>${output}</arg>
<arg>${neighbor_ip}</arg>
<arg>spine2 should have BGP neighbor ${neighbor_ip}</arg>
<doc>Fails if ``container`` does not contain ``item`` one or more times.</doc>
<status status="PASS" start="2026-06-26T23:20:21.971500" elapsed="0.000279"/>
</kw>
<var name="${neighbor_ip}">10.2.2.5</var>
<status status="PASS" start="2026-06-26T23:20:21.971428" elapsed="0.000383"/>
</iter>
<var>${neighbor_ip}</var>
<value>@{SPINE2_NEIGHBORS}</value>
<status status="PASS" start="2026-06-26T23:20:21.970042" elapsed="0.001791"/>
</for>
<kw name="Get Regexp Matches" owner="String">
<msg time="2026-06-26T23:20:21.972242" level="INFO">${established_count} = ['BGP state is Established', 'BGP state is Established', 'BGP state is Established']</msg>
<var>${established_count}</var>
<arg>${output}</arg>
<arg>(?i)BGP state is Established</arg>
<doc>Returns a list of all non-overlapping matches in the given string.</doc>
<status status="PASS" start="2026-06-26T23:20:21.971957" elapsed="0.000306"/>
</kw>
<kw name="Length Should Be" owner="BuiltIn">
<msg time="2026-06-26T23:20:21.972638" level="INFO">Length is 3.</msg>
<arg>${established_count}</arg>
<arg>3</arg>
<arg>spine2 should have 3 Established BGP sessions</arg>
<doc>Verifies that the length of the given item is correct.</doc>
<status status="PASS" start="2026-06-26T23:20:21.972373" elapsed="0.000302"/>
</kw>
<doc>spine2 should have 3 eBGP sessions to leaf1, leaf2, leaf3.</doc>
<status status="PASS" start="2026-06-26T23:20:21.253113" elapsed="0.719677"/>
</test>
<test id="s1-t9" name="BGP Neighbors Should Be Established On Leaf1" line="85">
<kw name="Run Show Command" owner="NetlabCommon">
<kw name="Run Show Command" owner="RTL">
<msg time="2026-06-26T23:20:22.701955" level="INFO">${output} = BGP neighbor is 10.2.1.0, remote AS 65001, external link
  BGP version 4, remote router ID 10.0.1.1, VRF default
  Last read 00:00:55, last write 00:00:12
  Hold time is 180, keepalive interval is 60 ...</msg>
<var>${output}</var>
<arg>${node}</arg>
<arg>${command}</arg>
<doc>Keyword alias for netlab_connect_show.</doc>
<status status="PASS" start="2026-06-26T23:20:21.973516" elapsed="0.728484"/>
</kw>
<return>
<value>${output}</value>
<status status="PASS" start="2026-06-26T23:20:22.702074" elapsed="0.000044"/>
</return>
<msg time="2026-06-26T23:20:22.702296" level="INFO">${output} = BGP neighbor is 10.2.1.0, remote AS 65001, external link
  BGP version 4, remote router ID 10.0.1.1, VRF default
  Last read 00:00:55, last write 00:00:12
  Hold time is 180, keepalive interval is 60 ...</msg>
<var>${output}</var>
<arg>leaf1</arg>
<arg>bgp neighbors</arg>
<doc>Run `netlab connect &lt;node&gt; --show &lt;cmd&gt;` and return output.</doc>
<status status="PASS" start="2026-06-26T23:20:21.973306" elapsed="0.729018"/>
</kw>
<for flavor="IN">
<iter>
<kw name="Should Contain" owner="BuiltIn">
<arg>${output}</arg>
<arg>${neighbor_ip}</arg>
<arg>leaf1 should have BGP neighbor ${neighbor_ip}</arg>
<doc>Fails if ``container`` does not contain ``item`` one or more times.</doc>
<status status="PASS" start="2026-06-26T23:20:22.702706" elapsed="0.000381"/>
</kw>
<var name="${neighbor_ip}">10.2.1.0</var>
<status status="PASS" start="2026-06-26T23:20:22.702596" elapsed="0.000525"/>
</iter>
<iter>
<kw name="Should Contain" owner="BuiltIn">
<arg>${output}</arg>
<arg>${neighbor_ip}</arg>
<arg>leaf1 should have BGP neighbor ${neighbor_ip}</arg>
<doc>Fails if ``container`` does not contain ``item`` one or more times.</doc>
<status status="PASS" start="2026-06-26T23:20:22.703286" elapsed="0.000278"/>
</kw>
<var name="${neighbor_ip}">10.2.2.0</var>
<status status="PASS" start="2026-06-26T23:20:22.703189" elapsed="0.000405"/>
</iter>
<var>${neighbor_ip}</var>
<value>@{LEAF1_NEIGHBORS}</value>
<status status="PASS" start="2026-06-26T23:20:22.702434" elapsed="0.001183"/>
</for>
<kw name="Get Regexp Matches" owner="String">
<msg time="2026-06-26T23:20:22.703988" level="INFO">${established_count} = ['BGP state is Established', 'BGP state is Established']</msg>
<var>${established_count}</var>
<arg>${output}</arg>
<arg>(?i)BGP state is Established</arg>
<doc>Returns a list of all non-overlapping matches in the given string.</doc>
<status status="PASS" start="2026-06-26T23:20:22.703756" elapsed="0.000252"/>
</kw>
<kw name="Length Should Be" owner="BuiltIn">
<msg time="2026-06-26T23:20:22.704349" level="INFO">Length is 2.</msg>
<arg>${established_count}</arg>
<arg>2</arg>
<arg>leaf1 should have 2 Established BGP sessions</arg>
<doc>Verifies that the length of the given item is correct.</doc>
<status status="PASS" start="2026-06-26T23:20:22.704111" elapsed="0.000270"/>
</kw>
<doc>leaf1 should have 2 eBGP sessions to spine1 and spine2.</doc>
<status status="PASS" start="2026-06-26T23:20:21.972941" elapsed="0.731542"/>
</test>
<test id="s1-t10" name="BGP Neighbors Should Be Established On Leaf2" line="94">
<kw name="Run Show Command" owner="NetlabCommon">
<kw name="Run Show Command" owner="RTL">
<msg time="2026-06-26T23:20:23.432635" level="INFO">${output} = BGP neighbor is 10.2.1.2, remote AS 65001, external link
  BGP version 4, remote router ID 10.0.1.1, VRF default
  Last read 00:00:13, last write 00:00:13
  Hold time is 180, keepalive interval is 60 ...</msg>
<var>${output}</var>
<arg>${node}</arg>
<arg>${command}</arg>
<doc>Keyword alias for netlab_connect_show.</doc>
<status status="PASS" start="2026-06-26T23:20:22.705114" elapsed="0.727595"/>
</kw>
<return>
<value>${output}</value>
<status status="PASS" start="2026-06-26T23:20:23.432797" elapsed="0.000047"/>
</return>
<msg time="2026-06-26T23:20:23.433001" level="INFO">${output} = BGP neighbor is 10.2.1.2, remote AS 65001, external link
  BGP version 4, remote router ID 10.0.1.1, VRF default
  Last read 00:00:13, last write 00:00:13
  Hold time is 180, keepalive interval is 60 ...</msg>
<var>${output}</var>
<arg>leaf2</arg>
<arg>bgp neighbors</arg>
<doc>Run `netlab connect &lt;node&gt; --show &lt;cmd&gt;` and return output.</doc>
<status status="PASS" start="2026-06-26T23:20:22.704924" elapsed="0.728102"/>
</kw>
<for flavor="IN">
<iter>
<kw name="Should Contain" owner="BuiltIn">
<arg>${output}</arg>
<arg>${neighbor_ip}</arg>
<arg>leaf2 should have BGP neighbor ${neighbor_ip}</arg>
<doc>Fails if ``container`` does not contain ``item`` one or more times.</doc>
<status status="PASS" start="2026-06-26T23:20:23.433518" elapsed="0.000354"/>
</kw>
<var name="${neighbor_ip}">10.2.1.2</var>
<status status="PASS" start="2026-06-26T23:20:23.433396" elapsed="0.000512"/>
</iter>
<iter>
<kw name="Should Contain" owner="BuiltIn">
<arg>${output}</arg>
<arg>${neighbor_ip}</arg>
<arg>leaf2 should have BGP neighbor ${neighbor_ip}</arg>
<doc>Fails if ``container`` does not contain ``item`` one or more times.</doc>
<status status="PASS" start="2026-06-26T23:20:23.434038" elapsed="0.000261"/>
</kw>
<var name="${neighbor_ip}">10.2.2.2</var>
<status status="PASS" start="2026-06-26T23:20:23.433973" elapsed="0.000363"/>
</iter>
<var>${neighbor_ip}</var>
<value>@{LEAF2_NEIGHBORS}</value>
<status status="PASS" start="2026-06-26T23:20:23.433150" elapsed="0.001216"/>
</for>
<kw name="Get Regexp Matches" owner="String">
<msg time="2026-06-26T23:20:23.434729" level="INFO">${established_count} = ['BGP state is Established', 'BGP state is Established']</msg>
<var>${established_count}</var>
<arg>${output}</arg>
<arg>(?i)BGP state is Established</arg>
<doc>Returns a list of all non-overlapping matches in the given string.</doc>
<status status="PASS" start="2026-06-26T23:20:23.434508" elapsed="0.000240"/>
</kw>
<kw name="Length Should Be" owner="BuiltIn">
<msg time="2026-06-26T23:20:23.435343" level="INFO">Length is 2.</msg>
<arg>${established_count}</arg>
<arg>2</arg>
<arg>leaf2 should have 2 Established BGP sessions</arg>
<doc>Verifies that the length of the given item is correct.</doc>
<status status="PASS" start="2026-06-26T23:20:23.434844" elapsed="0.000532"/>
</kw>
<doc>leaf2 should have 2 eBGP sessions to spine1 and spine2.</doc>
<status status="PASS" start="2026-06-26T23:20:22.704621" elapsed="0.730859"/>
</test>
<test id="s1-t11" name="BGP Neighbors Should Be Established On Leaf3" line="103">
<kw name="Run Show Command" owner="NetlabCommon">
<kw name="Run Show Command" owner="RTL">
<msg time="2026-06-26T23:20:24.153016" level="INFO">${output} = BGP neighbor is 10.2.1.4, remote AS 65001, external link
  BGP version 4, remote router ID 10.0.1.1, VRF default
  Last read 00:00:56, last write 00:00:14
  Hold time is 180, keepalive interval is 60 ...</msg>
<var>${output}</var>
<arg>${node}</arg>
<arg>${command}</arg>
<doc>Keyword alias for netlab_connect_show.</doc>
<status status="PASS" start="2026-06-26T23:20:23.436103" elapsed="0.716957"/>
</kw>
<return>
<value>${output}</value>
<status status="PASS" start="2026-06-26T23:20:24.153132" elapsed="0.000041"/>
</return>
<msg time="2026-06-26T23:20:24.153323" level="INFO">${output} = BGP neighbor is 10.2.1.4, remote AS 65001, external link
  BGP version 4, remote router ID 10.0.1.1, VRF default
  Last read 00:00:56, last write 00:00:14
  Hold time is 180, keepalive interval is 60 ...</msg>
<var>${output}</var>
<arg>leaf3</arg>
<arg>bgp neighbors</arg>
<doc>Run `netlab connect &lt;node&gt; --show &lt;cmd&gt;` and return output.</doc>
<status status="PASS" start="2026-06-26T23:20:23.435921" elapsed="0.717428"/>
</kw>
<for flavor="IN">
<iter>
<kw name="Should Contain" owner="BuiltIn">
<arg>${output}</arg>
<arg>${neighbor_ip}</arg>
<arg>leaf3 should have BGP neighbor ${neighbor_ip}</arg>
<doc>Fails if ``container`` does not contain ``item`` one or more times.</doc>
<status status="PASS" start="2026-06-26T23:20:24.153712" elapsed="0.000367"/>
</kw>
<var name="${neighbor_ip}">10.2.1.4</var>
<status status="PASS" start="2026-06-26T23:20:24.153602" elapsed="0.000519"/>
</iter>
<iter>
<kw name="Should Contain" owner="BuiltIn">
<arg>${output}</arg>
<arg>${neighbor_ip}</arg>
<arg>leaf3 should have BGP neighbor ${neighbor_ip}</arg>
<doc>Fails if ``container`` does not contain ``item`` one or more times.</doc>
<status status="PASS" start="2026-06-26T23:20:24.154286" elapsed="0.000241"/>
</kw>
<var name="${neighbor_ip}">10.2.2.4</var>
<status status="PASS" start="2026-06-26T23:20:24.154207" elapsed="0.000350"/>
</iter>
<var>${neighbor_ip}</var>
<value>@{LEAF3_NEIGHBORS}</value>
<status status="PASS" start="2026-06-26T23:20:24.153455" elapsed="0.001123"/>
</for>
<kw name="Get Regexp Matches" owner="String">
<msg time="2026-06-26T23:20:24.154923" level="INFO">${established_count} = ['BGP state is Established', 'BGP state is Established']</msg>
<var>${established_count}</var>
<arg>${output}</arg>
<arg>(?i)BGP state is Established</arg>
<doc>Returns a list of all non-overlapping matches in the given string.</doc>
<status status="PASS" start="2026-06-26T23:20:24.154683" elapsed="0.000258"/>
</kw>
<kw name="Length Should Be" owner="BuiltIn">
<msg time="2026-06-26T23:20:24.155247" level="INFO">Length is 2.</msg>
<arg>${established_count}</arg>
<arg>2</arg>
<arg>leaf3 should have 2 Established BGP sessions</arg>
<doc>Verifies that the length of the given item is correct.</doc>
<status status="PASS" start="2026-06-26T23:20:24.155033" elapsed="0.000244"/>
</kw>
<doc>leaf3 should have 2 eBGP sessions to spine1 and spine2.</doc>
<status status="PASS" start="2026-06-26T23:20:23.435617" elapsed="0.719756"/>
</test>
<test id="s1-t12" name="BGP Should Distribute Routes On Spine1" line="112">
<kw name="Run Show Command" owner="NetlabCommon">
<kw name="Run Show Command" owner="RTL">
<msg time="2026-06-26T23:20:24.870974" level="INFO">${output} = BGP routing table information for VRF default
Router identifier 10.0.1.1, local AS number 65001
Route status codes: s - suppressed contributor, * - valid, &gt; - active, E - ECMP head, e - ECMP
         ...</msg>
<var>${output}</var>
<arg>${node}</arg>
<arg>${command}</arg>
<doc>Keyword alias for netlab_connect_show.</doc>
<status status="PASS" start="2026-06-26T23:20:24.156002" elapsed="0.715019"/>
</kw>
<return>
<value>${output}</value>
<status status="PASS" start="2026-06-26T23:20:24.871094" elapsed="0.000046"/>
</return>
<msg time="2026-06-26T23:20:24.871295" level="INFO">${output} = BGP routing table information for VRF default
Router identifier 10.0.1.1, local AS number 65001
Route status codes: s - suppressed contributor, * - valid, &gt; - active, E - ECMP head, e - ECMP
         ...</msg>
<var>${output}</var>
<arg>spine1</arg>
<arg>ip bgp</arg>
<doc>Run `netlab connect &lt;node&gt; --show &lt;cmd&gt;` and return output.</doc>
<status status="PASS" start="2026-06-26T23:20:24.155824" elapsed="0.715494"/>
</kw>
<kw name="Should Contain" owner="BuiltIn">
<arg>${output}</arg>
<arg>10.0.2.1/32</arg>
<arg>spine1 should have BGP route to spine2</arg>
<doc>Fails if ``container`` does not contain ``item`` one or more times.</doc>
<status status="PASS" start="2026-06-26T23:20:24.871504" elapsed="0.000324"/>
</kw>
<kw name="Should Contain" owner="BuiltIn">
<arg>${output}</arg>
<arg>10.0.11.1/32</arg>
<arg>spine1 should have BGP route to leaf1</arg>
<doc>Fails if ``container`` does not contain ``item`` one or more times.</doc>
<status status="PASS" start="2026-06-26T23:20:24.871938" elapsed="0.000229"/>
</kw>
<kw name="Should Contain" owner="BuiltIn">
<arg>${output}</arg>
<arg>10.0.12.1/32</arg>
<arg>spine1 should have BGP route to leaf2</arg>
<doc>Fails if ``container`` does not contain ``item`` one or more times.</doc>
<status status="PASS" start="2026-06-26T23:20:24.872297" elapsed="0.000222"/>
</kw>
<kw name="Should Contain" owner="BuiltIn">
<arg>${output}</arg>
<arg>10.0.13.1/32</arg>
<arg>spine1 should have BGP route to leaf3</arg>
<doc>Fails if ``container`` does not contain ``item`` one or more times.</doc>
<status status="PASS" start="2026-06-26T23:20:24.872621" elapsed="0.000211"/>
</kw>
<doc>spine1 should have BGP routes to spine2 and all leaf loopbacks.</doc>
<status status="PASS" start="2026-06-26T23:20:24.155507" elapsed="0.717425"/>
</test>
<test id="s1-t13" name="BGP Should Distribute Routes On Spine2" line="120">
<kw name="Run Show Command" owner="NetlabCommon">
<kw name="Run Show Command" owner="RTL">
<msg time="2026-06-26T23:20:25.571227" level="INFO">${output} = BGP routing table information for VRF default
Router identifier 10.0.2.1, local AS number 65002
Route status codes: s - suppressed contributor, * - valid, &gt; - active, E - ECMP head, e - ECMP
         ...</msg>
<var>${output}</var>
<arg>${node}</arg>
<arg>${command}</arg>
<doc>Keyword alias for netlab_connect_show.</doc>
<status status="PASS" start="2026-06-26T23:20:24.873780" elapsed="0.697500"/>
</kw>
<return>
<value>${output}</value>
<status status="PASS" start="2026-06-26T23:20:25.571361" elapsed="0.000049"/>
</return>
<msg time="2026-06-26T23:20:25.571568" level="INFO">${output} = BGP routing table information for VRF default
Router identifier 10.0.2.1, local AS number 65002
Route status codes: s - suppressed contributor, * - valid, &gt; - active, E - ECMP head, e - ECMP
         ...</msg>
<var>${output}</var>
<arg>spine2</arg>
<arg>ip bgp</arg>
<doc>Run `netlab connect &lt;node&gt; --show &lt;cmd&gt;` and return output.</doc>
<status status="PASS" start="2026-06-26T23:20:24.873575" elapsed="0.698021"/>
</kw>
<kw name="Should Contain" owner="BuiltIn">
<arg>${output}</arg>
<arg>10.0.1.1/32</arg>
<arg>spine2 should have BGP route to spine1</arg>
<doc>Fails if ``container`` does not contain ``item`` one or more times.</doc>
<status status="PASS" start="2026-06-26T23:20:25.571817" elapsed="0.000437"/>
</kw>
<kw name="Should Contain" owner="BuiltIn">
<arg>${output}</arg>
<arg>10.0.11.1/32</arg>
<arg>spine2 should have BGP route to leaf1</arg>
<doc>Fails if ``container`` does not contain ``item`` one or more times.</doc>
<status status="PASS" start="2026-06-26T23:20:25.572427" elapsed="0.000331"/>
</kw>
<kw name="Should Contain" owner="BuiltIn">
<arg>${output}</arg>
<arg>10.0.12.1/32</arg>
<arg>spine2 should have BGP route to leaf2</arg>
<doc>Fails if ``container`` does not contain ``item`` one or more times.</doc>
<status status="PASS" start="2026-06-26T23:20:25.572975" elapsed="0.000346"/>
</kw>
<kw name="Should Contain" owner="BuiltIn">
<arg>${output}</arg>
<arg>10.0.13.1/32</arg>
<arg>spine2 should have BGP route to leaf3</arg>
<doc>Fails if ``container`` does not contain ``item`` one or more times.</doc>
<status status="PASS" start="2026-06-26T23:20:25.573476" elapsed="0.000298"/>
</kw>
<doc>spine2 should have BGP routes to spine1 and all leaf loopbacks.</doc>
<status status="PASS" start="2026-06-26T23:20:24.873075" elapsed="0.700835"/>
</test>
<test id="s1-t14" name="BGP Should Distribute Routes On Leaf1" line="128">
<kw name="Run Show Command" owner="NetlabCommon">
<kw name="Run Show Command" owner="RTL">
<msg time="2026-06-26T23:20:26.294998" level="INFO">${output} = BGP routing table information for VRF default
Router identifier 10.0.11.1, local AS number 65101
Route status codes: s - suppressed contributor, * - valid, &gt; - active, E - ECMP head, e - ECMP
        ...</msg>
<var>${output}</var>
<arg>${node}</arg>
<arg>${command}</arg>
<doc>Keyword alias for netlab_connect_show.</doc>
<status status="PASS" start="2026-06-26T23:20:25.574838" elapsed="0.720205"/>
</kw>
<return>
<value>${output}</value>
<status status="PASS" start="2026-06-26T23:20:26.295112" elapsed="0.000041"/>
</return>
<msg time="2026-06-26T23:20:26.295316" level="INFO">${output} = BGP routing table information for VRF default
Router identifier 10.0.11.1, local AS number 65101
Route status codes: s - suppressed contributor, * - valid, &gt; - active, E - ECMP head, e - ECMP
        ...</msg>
<var>${output}</var>
<arg>leaf1</arg>
<arg>ip bgp</arg>
<doc>Run `netlab connect &lt;node&gt; --show &lt;cmd&gt;` and return output.</doc>
<status status="PASS" start="2026-06-26T23:20:25.574574" elapsed="0.720766"/>
</kw>
<kw name="Should Contain" owner="BuiltIn">
<arg>${output}</arg>
<arg>10.0.1.1/32</arg>
<arg>leaf1 should have BGP route to spine1</arg>
<doc>Fails if ``container`` does not contain ``item`` one or more times.</doc>
<status status="PASS" start="2026-06-26T23:20:26.295520" elapsed="0.000351"/>
</kw>
<kw name="Should Contain" owner="BuiltIn">
<arg>${output}</arg>
<arg>10.0.2.1/32</arg>
<arg>leaf1 should have BGP route to spine2</arg>
<doc>Fails if ``container`` does not contain ``item`` one or more times.</doc>
<status status="PASS" start="2026-06-26T23:20:26.296005" elapsed="0.000508"/>
</kw>
<kw name="Should Contain" owner="BuiltIn">
<arg>${output}</arg>
<arg>10.0.12.1/32</arg>
<arg>leaf1 should have BGP route to leaf2</arg>
<doc>Fails if ``container`` does not contain ``item`` one or more times.</doc>
<status status="PASS" start="2026-06-26T23:20:26.296637" elapsed="0.000241"/>
</kw>
<kw name="Should Contain" owner="BuiltIn">
<arg>${output}</arg>
<arg>10.0.13.1/32</arg>
<arg>leaf1 should have BGP route to leaf3</arg>
<doc>Fails if ``container`` does not contain ``item`` one or more times.</doc>
<status status="PASS" start="2026-06-26T23:20:26.296990" elapsed="0.000236"/>
</kw>
<doc>leaf1 should have BGP routes to spines and other leaves.</doc>
<status status="PASS" start="2026-06-26T23:20:25.574111" elapsed="0.723223"/>
</test>
<test id="s1-t15" name="BGP Should Distribute Routes On Leaf2" line="136">
<kw name="Run Show Command" owner="NetlabCommon">
<kw name="Run Show Command" owner="RTL">
<msg time="2026-06-26T23:20:27.002763" level="INFO">${output} = BGP routing table information for VRF default
Router identifier 10.0.12.1, local AS number 65102
Route status codes: s - suppressed contributor, * - valid, &gt; - active, E - ECMP head, e - ECMP
        ...</msg>
<var>${output}</var>
<arg>${node}</arg>
<arg>${command}</arg>
<doc>Keyword alias for netlab_connect_show.</doc>
<status status="PASS" start="2026-06-26T23:20:26.298016" elapsed="0.704790"/>
</kw>
<return>
<value>${output}</value>
<status status="PASS" start="2026-06-26T23:20:27.002875" elapsed="0.000041"/>
</return>
<msg time="2026-06-26T23:20:27.003053" level="INFO">${output} = BGP routing table information for VRF default
Router identifier 10.0.12.1, local AS number 65102
Route status codes: s - suppressed contributor, * - valid, &gt; - active, E - ECMP head, e - ECMP
        ...</msg>
<var>${output}</var>
<arg>leaf2</arg>
<arg>ip bgp</arg>
<doc>Run `netlab connect &lt;node&gt; --show &lt;cmd&gt;` and return output.</doc>
<status status="PASS" start="2026-06-26T23:20:26.297815" elapsed="0.705261"/>
</kw>
<kw name="Should Contain" owner="BuiltIn">
<arg>${output}</arg>
<arg>10.0.1.1/32</arg>
<arg>leaf2 should have BGP route to spine1</arg>
<doc>Fails if ``container`` does not contain ``item`` one or more times.</doc>
<status status="PASS" start="2026-06-26T23:20:27.003316" elapsed="0.000374"/>
</kw>
<kw name="Should Contain" owner="BuiltIn">
<arg>${output}</arg>
<arg>10.0.2.1/32</arg>
<arg>leaf2 should have BGP route to spine2</arg>
<doc>Fails if ``container`` does not contain ``item`` one or more times.</doc>
<status status="PASS" start="2026-06-26T23:20:27.003854" elapsed="0.000269"/>
</kw>
<kw name="Should Contain" owner="BuiltIn">
<arg>${output}</arg>
<arg>10.0.11.1/32</arg>
<arg>leaf2 should have BGP route to leaf1</arg>
<doc>Fails if ``container`` does not contain ``item`` one or more times.</doc>
<status status="PASS" start="2026-06-26T23:20:27.004289" elapsed="0.000312"/>
</kw>
<kw name="Should Contain" owner="BuiltIn">
<arg>${output}</arg>
<arg>10.0.13.1/32</arg>
<arg>leaf2 should have BGP route to leaf3</arg>
<doc>Fails if ``container`` does not contain ``item`` one or more times.</doc>
<status status="PASS" start="2026-06-26T23:20:27.004744" elapsed="0.000236"/>
</kw>
<doc>leaf2 should have BGP routes to spines and other leaves.</doc>
<status status="PASS" start="2026-06-26T23:20:26.297487" elapsed="0.707630"/>
</test>
<test id="s1-t16" name="BGP Should Distribute Routes On Leaf3" line="144">
<kw name="Run Show Command" owner="NetlabCommon">
<kw name="Run Show Command" owner="RTL">
<msg time="2026-06-26T23:20:27.699982" level="INFO">${output} = BGP routing table information for VRF default
Router identifier 10.0.13.1, local AS number 65103
Route status codes: s - suppressed contributor, * - valid, &gt; - active, E - ECMP head, e - ECMP
        ...</msg>
<var>${output}</var>
<arg>${node}</arg>
<arg>${command}</arg>
<doc>Keyword alias for netlab_connect_show.</doc>
<status status="PASS" start="2026-06-26T23:20:27.005939" elapsed="0.694085"/>
</kw>
<return>
<value>${output}</value>
<status status="PASS" start="2026-06-26T23:20:27.700092" elapsed="0.000041"/>
</return>
<msg time="2026-06-26T23:20:27.700276" level="INFO">${output} = BGP routing table information for VRF default
Router identifier 10.0.13.1, local AS number 65103
Route status codes: s - suppressed contributor, * - valid, &gt; - active, E - ECMP head, e - ECMP
        ...</msg>
<var>${output}</var>
<arg>leaf3</arg>
<arg>ip bgp</arg>
<doc>Run `netlab connect &lt;node&gt; --show &lt;cmd&gt;` and return output.</doc>
<status status="PASS" start="2026-06-26T23:20:27.005727" elapsed="0.694572"/>
</kw>
<kw name="Should Contain" owner="BuiltIn">
<arg>${output}</arg>
<arg>10.0.1.1/32</arg>
<arg>leaf3 should have BGP route to spine1</arg>
<doc>Fails if ``container`` does not contain ``item`` one or more times.</doc>
<status status="PASS" start="2026-06-26T23:20:27.700472" elapsed="0.000340"/>
</kw>
<kw name="Should Contain" owner="BuiltIn">
<arg>${output}</arg>
<arg>10.0.2.1/32</arg>
<arg>leaf3 should have BGP route to spine2</arg>
<doc>Fails if ``container`` does not contain ``item`` one or more times.</doc>
<status status="PASS" start="2026-06-26T23:20:27.700927" elapsed="0.000224"/>
</kw>
<kw name="Should Contain" owner="BuiltIn">
<arg>${output}</arg>
<arg>10.0.11.1/32</arg>
<arg>leaf3 should have BGP route to leaf1</arg>
<doc>Fails if ``container`` does not contain ``item`` one or more times.</doc>
<status status="PASS" start="2026-06-26T23:20:27.701263" elapsed="0.000219"/>
</kw>
<kw name="Should Contain" owner="BuiltIn">
<arg>${output}</arg>
<arg>10.0.12.1/32</arg>
<arg>leaf3 should have BGP route to leaf2</arg>
<doc>Fails if ``container`` does not contain ``item`` one or more times.</doc>
<status status="PASS" start="2026-06-26T23:20:27.701586" elapsed="0.000210"/>
</kw>
<doc>leaf3 should have BGP routes to spines and other leaves.</doc>
<status status="PASS" start="2026-06-26T23:20:27.005363" elapsed="0.696602"/>
</test>
<test id="s1-t17" name="Ping Spine1 To Leaf1 Loopback Should Succeed" line="152">
<kw name="Run Ping Command" owner="NetlabCommon">
<kw name="Run Ping" owner="RTL">
<msg time="2026-06-26T23:20:28.449342" level="INFO">${output} = PING 10.0.11.1 (10.0.11.1) from 10.0.1.1 : 72(100) bytes of data.
80 bytes from 10.0.11.1: icmp_seq=1 ttl=64 time=0.060 ms
80 bytes from 10.0.11.1: icmp_seq=2 ttl=64 time=0.017 ms
80 bytes from 10.0.1...</msg>
<var>${output}</var>
<arg>${node}</arg>
<arg>${target_ip}</arg>
<arg>${source}</arg>
<arg>${repeat}</arg>
<doc>Ping from a node via `netlab connect` (no show prefix).</doc>
<status status="PASS" start="2026-06-26T23:20:27.702707" elapsed="0.746693"/>
</kw>
<return>
<value>${output}</value>
<status status="PASS" start="2026-06-26T23:20:28.449482" elapsed="0.000047"/>
</return>
<msg time="2026-06-26T23:20:28.449718" level="INFO">${output} = PING 10.0.11.1 (10.0.11.1) from 10.0.1.1 : 72(100) bytes of data.
80 bytes from 10.0.11.1: icmp_seq=1 ttl=64 time=0.060 ms
80 bytes from 10.0.11.1: icmp_seq=2 ttl=64 time=0.017 ms
80 bytes from 10.0.1...</msg>
<var>${output}</var>
<arg>spine1</arg>
<arg>10.0.11.1</arg>
<arg>Loopback0</arg>
<arg>repeat=3</arg>
<doc>Ping from a node via `netlab connect`.</doc>
<status status="PASS" start="2026-06-26T23:20:27.702437" elapsed="0.747317"/>
</kw>
<kw name="Should Contain" owner="BuiltIn">
<arg>${output}</arg>
<arg>0% packet loss</arg>
<doc>Fails if ``container`` does not contain ``item`` one or more times.</doc>
<status status="PASS" start="2026-06-26T23:20:28.449950" elapsed="0.000355"/>
</kw>
<status status="PASS" start="2026-06-26T23:20:27.702123" elapsed="0.748306"/>
</test>
<test id="s1-t18" name="Ping Spine1 To Leaf3 Loopback Should Succeed" line="156">
<kw name="Run Ping Command" owner="NetlabCommon">
<kw name="Run Ping" owner="RTL">
<msg time="2026-06-26T23:20:29.199447" level="INFO">${output} = PING 10.0.13.1 (10.0.13.1) from 10.0.1.1 : 72(100) bytes of data.
80 bytes from 10.0.13.1: icmp_seq=1 ttl=64 time=0.062 ms
80 bytes from 10.0.13.1: icmp_seq=2 ttl=64 time=0.019 ms
80 bytes from 10.0.1...</msg>
<var>${output}</var>
<arg>${node}</arg>
<arg>${target_ip}</arg>
<arg>${source}</arg>
<arg>${repeat}</arg>
<doc>Ping from a node via `netlab connect` (no show prefix).</doc>
<status status="PASS" start="2026-06-26T23:20:28.451196" elapsed="0.748324"/>
</kw>
<return>
<value>${output}</value>
<status status="PASS" start="2026-06-26T23:20:29.199634" elapsed="0.000071"/>
</return>
<msg time="2026-06-26T23:20:29.199900" level="INFO">${output} = PING 10.0.13.1 (10.0.13.1) from 10.0.1.1 : 72(100) bytes of data.
80 bytes from 10.0.13.1: icmp_seq=1 ttl=64 time=0.062 ms
80 bytes from 10.0.13.1: icmp_seq=2 ttl=64 time=0.019 ms
80 bytes from 10.0.1...</msg>
<var>${output}</var>
<arg>spine1</arg>
<arg>10.0.13.1</arg>
<arg>Loopback0</arg>
<arg>repeat=3</arg>
<doc>Ping from a node via `netlab connect`.</doc>
<status status="PASS" start="2026-06-26T23:20:28.450905" elapsed="0.749023"/>
</kw>
<kw name="Should Contain" owner="BuiltIn">
<arg>${output}</arg>
<arg>0% packet loss</arg>
<doc>Fails if ``container`` does not contain ``item`` one or more times.</doc>
<status status="PASS" start="2026-06-26T23:20:29.200172" elapsed="0.000437"/>
</kw>
<status status="PASS" start="2026-06-26T23:20:28.450582" elapsed="0.750184"/>
</test>
<test id="s1-t19" name="Ping Spine1 To Spine2 Loopback Should Succeed" line="160">
<kw name="Run Ping Command" owner="NetlabCommon">
<kw name="Run Ping" owner="RTL">
<msg time="2026-06-26T23:20:29.971904" level="INFO">${output} = PING 10.0.2.1 (10.0.2.1) from 10.0.1.1 : 72(100) bytes of data.
80 bytes from 10.0.2.1: icmp_seq=1 ttl=63 time=0.644 ms
80 bytes from 10.0.2.1: icmp_seq=2 ttl=63 time=0.372 ms
80 bytes from 10.0.2.1: ...</msg>
<var>${output}</var>
<arg>${node}</arg>
<arg>${target_ip}</arg>
<arg>${source}</arg>
<arg>${repeat}</arg>
<doc>Ping from a node via `netlab connect` (no show prefix).</doc>
<status status="PASS" start="2026-06-26T23:20:29.202041" elapsed="0.769902"/>
</kw>
<return>
<value>${output}</value>
<status status="PASS" start="2026-06-26T23:20:29.972009" elapsed="0.000042"/>
</return>
<msg time="2026-06-26T23:20:29.972183" level="INFO">${output} = PING 10.0.2.1 (10.0.2.1) from 10.0.1.1 : 72(100) bytes of data.
80 bytes from 10.0.2.1: icmp_seq=1 ttl=63 time=0.644 ms
80 bytes from 10.0.2.1: icmp_seq=2 ttl=63 time=0.372 ms
80 bytes from 10.0.2.1: ...</msg>
<var>${output}</var>
<arg>spine1</arg>
<arg>10.0.2.1</arg>
<arg>Loopback0</arg>
<arg>repeat=3</arg>
<doc>Ping from a node via `netlab connect`.</doc>
<status status="PASS" start="2026-06-26T23:20:29.201419" elapsed="0.770784"/>
</kw>
<kw name="Should Contain" owner="BuiltIn">
<arg>${output}</arg>
<arg>0% packet loss</arg>
<doc>Fails if ``container`` does not contain ``item`` one or more times.</doc>
<status status="PASS" start="2026-06-26T23:20:29.972403" elapsed="0.000329"/>
</kw>
<status status="PASS" start="2026-06-26T23:20:29.200971" elapsed="0.771872"/>
</test>
<test id="s1-t20" name="Ping Leaf1 To Leaf2 Loopback Should Succeed" line="164">
<kw name="Run Ping Command" owner="NetlabCommon">
<kw name="Run Ping" owner="RTL">
<msg time="2026-06-26T23:20:30.708554" level="INFO">${output} = PING 10.0.12.1 (10.0.12.1) from 10.0.11.1 : 72(100) bytes of data.
80 bytes from 10.0.12.1: icmp_seq=1 ttl=63 time=1.11 ms
80 bytes from 10.0.12.1: icmp_seq=2 ttl=63 time=0.514 ms
80 bytes from 10.0.1...</msg>
<var>${output}</var>
<arg>${node}</arg>
<arg>${target_ip}</arg>
<arg>${source}</arg>
<arg>${repeat}</arg>
<doc>Ping from a node via `netlab connect` (no show prefix).</doc>
<status status="PASS" start="2026-06-26T23:20:29.973577" elapsed="0.735027"/>
</kw>
<return>
<value>${output}</value>
[...]
</kw>
<kw name="Should Contain" owner="BuiltIn">
<arg>${output}</arg>
<arg>${expected_rid}</arg>
<arg>${node} should have router-id ${expected_rid}</arg>
<doc>Fails if ``container`` does not contain ``item`` one or more times.</doc>
<status status="PASS" start="2026-06-26T23:20:43.682902" elapsed="0.000528"/>
</kw>
<var name="${node}">spine1</var>
<var name="${expected_rid}">10.0.1.1</var>
<status status="PASS" start="2026-06-26T23:20:42.957560" elapsed="0.725930"/>
</iter>
<iter>
<kw name="Run Show Command" owner="NetlabCommon">
<kw name="Run Show Command" owner="RTL">
<msg time="2026-06-26T23:20:44.408884" level="INFO">${output} = BGP neighbor is 10.2.2.1, remote AS 65101, external link
  BGP version 4, remote router ID 10.0.11.1, VRF default
  Last read 00:00:36, last write 00:00:33
  Hold time is 180, keepalive interval is 60...</msg>
<var>${output}</var>
<arg>${node}</arg>
<arg>${command}</arg>
<doc>Keyword alias for netlab_connect_show.</doc>
<status status="PASS" start="2026-06-26T23:20:43.684052" elapsed="0.724873"/>
</kw>
<return>
<value>${output}</value>
<status status="PASS" start="2026-06-26T23:20:44.408989" elapsed="0.000044"/>
</return>
<msg time="2026-06-26T23:20:44.409174" level="INFO">${output} = BGP neighbor is 10.2.2.1, remote AS 65101, external link
  BGP version 4, remote router ID 10.0.11.1, VRF default
  Last read 00:00:36, last write 00:00:33
  Hold time is 180, keepalive interval is 60...</msg>
<var>${output}</var>
<arg>${node}</arg>
<arg>bgp neighbors</arg>
<doc>Run `netlab connect &lt;node&gt; --show &lt;cmd&gt;` and return output.</doc>
<status status="PASS" start="2026-06-26T23:20:43.683787" elapsed="0.725408"/>
</kw>
<kw name="Should Contain" owner="BuiltIn">
<arg>${output}</arg>
<arg>${expected_rid}</arg>
<arg>${node} should have router-id ${expected_rid}</arg>
<doc>Fails if ``container`` does not contain ``item`` one or more times.</doc>
<status status="PASS" start="2026-06-26T23:20:44.409340" elapsed="0.000374"/>
</kw>
<var name="${node}">spine2</var>
<var name="${expected_rid}">10.0.2.1</var>
<status status="PASS" start="2026-06-26T23:20:43.683633" elapsed="0.726117"/>
</iter>
<iter>
<kw name="Run Show Command" owner="NetlabCommon">
<kw name="Run Show Command" owner="RTL">
<msg time="2026-06-26T23:20:45.133358" level="INFO">${output} = BGP neighbor is 10.2.1.0, remote AS 65001, external link
  BGP version 4, remote router ID 10.0.1.1, VRF default
  Last read 00:00:18, last write 00:00:35
  Hold time is 180, keepalive interval is 60 ...</msg>
<var>${output}</var>
<arg>${node}</arg>
<arg>${command}</arg>
<doc>Keyword alias for netlab_connect_show.</doc>
<status status="PASS" start="2026-06-26T23:20:44.410296" elapsed="0.723140"/>
</kw>
<return>
<value>${output}</value>
<status status="PASS" start="2026-06-26T23:20:45.133539" elapsed="0.000052"/>
</return>
<msg time="2026-06-26T23:20:45.133839" level="INFO">${output} = BGP neighbor is 10.2.1.0, remote AS 65001, external link
  BGP version 4, remote router ID 10.0.1.1, VRF default
  Last read 00:00:18, last write 00:00:35
  Hold time is 180, keepalive interval is 60 ...</msg>
<var>${output}</var>
<arg>${node}</arg>
<arg>bgp neighbors</arg>
<doc>Run `netlab connect &lt;node&gt; --show &lt;cmd&gt;` and return output.</doc>
<status status="PASS" start="2026-06-26T23:20:44.410033" elapsed="0.723844"/>
</kw>
<kw name="Should Contain" owner="BuiltIn">
<arg>${output}</arg>
<arg>${expected_rid}</arg>
<arg>${node} should have router-id ${expected_rid}</arg>
<doc>Fails if ``container`` does not contain ``item`` one or more times.</doc>
<status status="PASS" start="2026-06-26T23:20:45.134060" elapsed="0.000441"/>
</kw>
<var name="${node}">leaf1</var>
<var name="${expected_rid}">10.0.11.1</var>
<status status="PASS" start="2026-06-26T23:20:44.409900" elapsed="0.724639"/>
</iter>
<iter>
<kw name="Run Show Command" owner="NetlabCommon">
<kw name="Run Show Command" owner="RTL">
<msg time="2026-06-26T23:20:45.835095" level="INFO">${output} = BGP neighbor is 10.2.1.2, remote AS 65001, external link
  BGP version 4, remote router ID 10.0.1.1, VRF default
  Last read 00:00:35, last write 00:00:36
  Hold time is 180, keepalive interval is 60 ...</msg>
<var>${output}</var>
<arg>${node}</arg>
<arg>${command}</arg>
<doc>Keyword alias for netlab_connect_show.</doc>
<status status="PASS" start="2026-06-26T23:20:45.134990" elapsed="0.700161"/>
</kw>
<return>
<value>${output}</value>
<status status="PASS" start="2026-06-26T23:20:45.835250" elapsed="0.000051"/>
</return>
<msg time="2026-06-26T23:20:45.835464" level="INFO">${output} = BGP neighbor is 10.2.1.2, remote AS 65001, external link
  BGP version 4, remote router ID 10.0.1.1, VRF default
  Last read 00:00:35, last write 00:00:36
  Hold time is 180, keepalive interval is 60 ...</msg>
<var>${output}</var>
<arg>${node}</arg>
<arg>bgp neighbors</arg>
<doc>Run `netlab connect &lt;node&gt; --show &lt;cmd&gt;` and return output.</doc>
<status status="PASS" start="2026-06-26T23:20:45.134761" elapsed="0.700731"/>
</kw>
<kw name="Should Contain" owner="BuiltIn">
<arg>${output}</arg>
<arg>${expected_rid}</arg>
<arg>${node} should have router-id ${expected_rid}</arg>
<doc>Fails if ``container`` does not contain ``item`` one or more times.</doc>
<status status="PASS" start="2026-06-26T23:20:45.835647" elapsed="0.000480"/>
</kw>
<var name="${node}">leaf2</var>
<var name="${expected_rid}">10.0.12.1</var>
<status status="PASS" start="2026-06-26T23:20:45.134645" elapsed="0.701531"/>
</iter>
<iter>
<kw name="Run Show Command" owner="NetlabCommon">
<kw name="Run Show Command" owner="RTL">
<msg time="2026-06-26T23:20:46.561047" level="INFO">${output} = BGP neighbor is 10.2.1.4, remote AS 65001, external link
  BGP version 4, remote router ID 10.0.1.1, VRF default
  Last read 00:00:19, last write 00:00:36
  Hold time is 180, keepalive interval is 60 ...</msg>
<var>${output}</var>
<arg>${node}</arg>
<arg>${command}</arg>
<doc>Keyword alias for netlab_connect_show.</doc>
<status status="PASS" start="2026-06-26T23:20:45.836827" elapsed="0.724269"/>
</kw>
<return>
<value>${output}</value>
<status status="PASS" start="2026-06-26T23:20:46.561187" elapsed="0.000074"/>
</return>
<msg time="2026-06-26T23:20:46.561453" level="INFO">${output} = BGP neighbor is 10.2.1.4, remote AS 65001, external link
  BGP version 4, remote router ID 10.0.1.1, VRF default
  Last read 00:00:19, last write 00:00:36
  Hold time is 180, keepalive interval is 60 ...</msg>
<var>${output}</var>
<arg>${node}</arg>
<arg>bgp neighbors</arg>
<doc>Run `netlab connect &lt;node&gt; --show &lt;cmd&gt;` and return output.</doc>
<status status="PASS" start="2026-06-26T23:20:45.836502" elapsed="0.724981"/>
</kw>
<kw name="Should Contain" owner="BuiltIn">
<arg>${output}</arg>
<arg>${expected_rid}</arg>
<arg>${node} should have router-id ${expected_rid}</arg>
<doc>Fails if ``container`` does not contain ``item`` one or more times.</doc>
<status status="PASS" start="2026-06-26T23:20:46.561645" elapsed="0.000483"/>
</kw>
<var name="${node}">leaf3</var>
<var name="${expected_rid}">10.0.13.1</var>
<status status="PASS" start="2026-06-26T23:20:45.836328" elapsed="0.725839"/>
</iter>
<var>${node}</var>
<var>${expected_rid}</var>
<value>spine1</value>
<value>10.0.1.1</value>
<value>spine2</value>
<value>10.0.2.1</value>
<value>leaf1</value>
<value>10.0.11.1</value>
<value>leaf2</value>
<value>10.0.12.1</value>
<value>leaf3</value>
<value>10.0.13.1</value>
<status status="PASS" start="2026-06-26T23:20:42.957431" elapsed="3.604771"/>
</for>
<doc>Verify BGP router-id matches the loopback IP on all nodes.</doc>
<status status="PASS" start="2026-06-26T23:20:42.957173" elapsed="3.605188"/>
</test>
<test id="s1-t39" name="BGP Address-Family IPv4 Should Be Active On Spine Nodes" line="278">
<for flavor="IN">
<iter>
<kw name="Run Show Command" owner="NetlabCommon">
<kw name="Run Show Command" owner="RTL">
<msg time="2026-06-26T23:20:47.298042" level="INFO">${output} = BGP summary information for VRF default
Router identifier 10.0.1.1, local AS number 65001
Neighbor          AS Session State AFI/SAFI                AFI/SAFI State   NLRI Rcd   NLRI Acc   NLRI Adv
---...</msg>
<var>${output}</var>
<arg>${node}</arg>
<arg>${command}</arg>
<doc>Keyword alias for netlab_connect_show.</doc>
<status status="PASS" start="2026-06-26T23:20:46.563514" elapsed="0.734574"/>
</kw>
<return>
<value>${output}</value>
<status status="PASS" start="2026-06-26T23:20:47.298164" elapsed="0.000090"/>
</return>
<msg time="2026-06-26T23:20:47.298428" level="INFO">${output} = BGP summary information for VRF default
Router identifier 10.0.1.1, local AS number 65001
Neighbor          AS Session State AFI/SAFI                AFI/SAFI State   NLRI Rcd   NLRI Acc   NLRI Adv
---...</msg>
<var>${output}</var>
<arg>${node}</arg>
<arg>bgp summary</arg>
<doc>Run `netlab connect &lt;node&gt; --show &lt;cmd&gt;` and return output.</doc>
<status status="PASS" start="2026-06-26T23:20:46.563276" elapsed="0.735176"/>
</kw>
<kw name="Should Contain" owner="BuiltIn">
<arg>${output}</arg>
<arg>IPv4 Unicast</arg>
<arg>${node} should have IPv4 Unicast address-family</arg>
<doc>Fails if ``container`` does not contain ``item`` one or more times.</doc>
<status status="PASS" start="2026-06-26T23:20:47.298584" elapsed="0.000369"/>
</kw>
<var name="${node}">spine1</var>
<status status="PASS" start="2026-06-26T23:20:46.563136" elapsed="0.735855"/>
</iter>
<iter>
<kw name="Run Show Command" owner="NetlabCommon">
<kw name="Run Show Command" owner="RTL">
<msg time="2026-06-26T23:20:48.002944" level="INFO">${output} = BGP summary information for VRF default
Router identifier 10.0.2.1, local AS number 65002
Neighbor          AS Session State AFI/SAFI                AFI/SAFI State   NLRI Rcd   NLRI Acc   NLRI Adv
---...</msg>
<var>${output}</var>
<arg>${node}</arg>
<arg>${command}</arg>
<doc>Keyword alias for netlab_connect_show.</doc>
<status status="PASS" start="2026-06-26T23:20:47.299456" elapsed="0.703538"/>
</kw>
<return>
<value>${output}</value>
<status status="PASS" start="2026-06-26T23:20:48.003077" elapsed="0.000054"/>
</return>
<msg time="2026-06-26T23:20:48.003321" level="INFO">${output} = BGP summary information for VRF default
Router identifier 10.0.2.1, local AS number 65002
Neighbor          AS Session State AFI/SAFI                AFI/SAFI State   NLRI Rcd   NLRI Acc   NLRI Adv
---...</msg>
<var>${output}</var>
<arg>${node}</arg>
<arg>bgp summary</arg>
<doc>Run `netlab connect &lt;node&gt; --show &lt;cmd&gt;` and return output.</doc>
<status status="PASS" start="2026-06-26T23:20:47.299206" elapsed="0.704142"/>
</kw>
<kw name="Should Contain" owner="BuiltIn">
<arg>${output}</arg>
<arg>IPv4 Unicast</arg>
<arg>${node} should have IPv4 Unicast address-family</arg>
<doc>Fails if ``container`` does not contain ``item`` one or more times.</doc>
<status status="PASS" start="2026-06-26T23:20:48.003479" elapsed="0.000360"/>
</kw>
<var name="${node}">spine2</var>
<status status="PASS" start="2026-06-26T23:20:47.299082" elapsed="0.704794"/>
</iter>
<var>${node}</var>
<value>spine1</value>
<value>spine2</value>
<status status="PASS" start="2026-06-26T23:20:46.563030" elapsed="1.440931"/>
</for>
<doc>Verify address-family ipv4 unicast is configured on spine nodes.</doc>
<status status="PASS" start="2026-06-26T23:20:46.562520" elapsed="1.441573"/>
</test>
<test id="s1-t40" name="BGP Address-Family IPv4 Should Be Active On Leaf Nodes" line="285">
<for flavor="IN">
<iter>
<kw name="Run Show Command" owner="NetlabCommon">
<kw name="Run Show Command" owner="RTL">
<msg time="2026-06-26T23:20:48.704893" level="INFO">${output} = BGP summary information for VRF default
Router identifier 10.0.11.1, local AS number 65101
Neighbor          AS Session State AFI/SAFI                AFI/SAFI State   NLRI Rcd   NLRI Acc   NLRI Adv
--...</msg>
<var>${output}</var>
<arg>${node}</arg>
<arg>${command}</arg>
<doc>Keyword alias for netlab_connect_show.</doc>
<status status="PASS" start="2026-06-26T23:20:48.005041" elapsed="0.699891"/>
</kw>
<return>
<value>${output}</value>
<status status="PASS" start="2026-06-26T23:20:48.704996" elapsed="0.000038"/>
</return>
<msg time="2026-06-26T23:20:48.705161" level="INFO">${output} = BGP summary information for VRF default
Router identifier 10.0.11.1, local AS number 65101
Neighbor          AS Session State AFI/SAFI                AFI/SAFI State   NLRI Rcd   NLRI Acc   NLRI Adv
--...</msg>
<var>${output}</var>
<arg>${node}</arg>
<arg>bgp summary</arg>
<doc>Run `netlab connect &lt;node&gt; --show &lt;cmd&gt;` and return output.</doc>
<status status="PASS" start="2026-06-26T23:20:48.004802" elapsed="0.700380"/>
</kw>
<kw name="Should Contain" owner="BuiltIn">
<arg>${output}</arg>
<arg>IPv4 Unicast</arg>
<arg>${node} should have IPv4 Unicast address-family</arg>
<doc>Fails if ``container`` does not contain ``item`` one or more times.</doc>
<status status="PASS" start="2026-06-26T23:20:48.705354" elapsed="0.000344"/>
</kw>
<var name="${node}">leaf1</var>
<status status="PASS" start="2026-06-26T23:20:48.004674" elapsed="0.701060"/>
</iter>
<iter>
<kw name="Run Show Command" owner="NetlabCommon">
<kw name="Run Show Command" owner="RTL">
<msg time="2026-06-26T23:20:49.402705" level="INFO">${output} = BGP summary information for VRF default
Router identifier 10.0.12.1, local AS number 65102
Neighbor          AS Session State AFI/SAFI                AFI/SAFI State   NLRI Rcd   NLRI Acc   NLRI Adv
--...</msg>
<var>${output}</var>
<arg>${node}</arg>
<arg>${command}</arg>
<doc>Keyword alias for netlab_connect_show.</doc>
<status status="PASS" start="2026-06-26T23:20:48.706119" elapsed="0.696633"/>
</kw>
<return>
<value>${output}</value>
<status status="PASS" start="2026-06-26T23:20:49.402828" elapsed="0.000047"/>
</return>
<msg time="2026-06-26T23:20:49.403028" level="INFO">${output} = BGP summary information for VRF default
Router identifier 10.0.12.1, local AS number 65102
Neighbor          AS Session State AFI/SAFI                AFI/SAFI State   NLRI Rcd   NLRI Acc   NLRI Adv
--...</msg>
<var>${output}</var>
<arg>${node}</arg>
<arg>bgp summary</arg>
<doc>Run `netlab connect &lt;node&gt; --show &lt;cmd&gt;` and return output.</doc>
<status status="PASS" start="2026-06-26T23:20:48.705917" elapsed="0.697136"/>
</kw>
<kw name="Should Contain" owner="BuiltIn">
<arg>${output}</arg>
<arg>IPv4 Unicast</arg>
<arg>${node} should have IPv4 Unicast address-family</arg>
<doc>Fails if ``container`` does not contain ``item`` one or more times.</doc>
<status status="PASS" start="2026-06-26T23:20:49.403208" elapsed="0.000437"/>
</kw>
<var name="${node}">leaf2</var>
<status status="PASS" start="2026-06-26T23:20:48.705815" elapsed="0.697873"/>
</iter>
<iter>
<kw name="Run Show Command" owner="NetlabCommon">
<kw name="Run Show Command" owner="RTL">
<msg time="2026-06-26T23:20:50.084513" level="INFO">${output} = BGP summary information for VRF default
Router identifier 10.0.13.1, local AS number 65103
Neighbor          AS Session State AFI/SAFI                AFI/SAFI State   NLRI Rcd   NLRI Acc   NLRI Adv
--...</msg>
<var>${output}</var>
<arg>${node}</arg>
<arg>${command}</arg>
<doc>Keyword alias for netlab_connect_show.</doc>
<status status="PASS" start="2026-06-26T23:20:49.404188" elapsed="0.680401"/>
</kw>
<return>
<value>${output}</value>
<status status="PASS" start="2026-06-26T23:20:50.084703" elapsed="0.000065"/>
</return>
<msg time="2026-06-26T23:20:50.084946" level="INFO">${output} = BGP summary information for VRF default
Router identifier 10.0.13.1, local AS number 65103
Neighbor          AS Session State AFI/SAFI                AFI/SAFI State   NLRI Rcd   NLRI Acc   NLRI Adv
--...</msg>
<var>${output}</var>
<arg>${node}</arg>
<arg>bgp summary</arg>
<doc>Run `netlab connect &lt;node&gt; --show &lt;cmd&gt;` and return output.</doc>
<status status="PASS" start="2026-06-26T23:20:49.403925" elapsed="0.681049"/>
</kw>
<kw name="Should Contain" owner="BuiltIn">
<arg>${output}</arg>
<arg>IPv4 Unicast</arg>
<arg>${node} should have IPv4 Unicast address-family</arg>
<doc>Fails if ``container`` does not contain ``item`` one or more times.</doc>
<status status="PASS" start="2026-06-26T23:20:50.085136" elapsed="0.000491"/>
</kw>
<var name="${node}">leaf3</var>
<status status="PASS" start="2026-06-26T23:20:49.403790" elapsed="0.681885"/>
</iter>
<var>${node}</var>
<value>leaf1</value>
<value>leaf2</value>
<value>leaf3</value>
<status status="PASS" start="2026-06-26T23:20:48.004563" elapsed="2.081152"/>
</for>
<doc>Verify address-family ipv4 unicast is configured on leaf nodes.</doc>
<status status="PASS" start="2026-06-26T23:20:48.004281" elapsed="2.081592"/>
</test>
<test id="s1-t41" name="Lab Should Tear Down Successfully" line="292">
<kw name="Netlab Down" owner="NetlabCommon">
<kw name="Netlab Down" owner="RTL">
<msg time="2026-06-26T23:20:51.884462" level="INFO">${rc} = 0</msg>
<msg time="2026-06-26T23:20:51.884519" level="INFO">${stdout} = Checking virtualization provider installation
OK: clab installed and working correctly
Stopping clab nodes
</msg>
<msg time="2026-06-26T23:20:51.884554" level="INFO">${stderr} = 23:20:50 INFO Parsing &amp; checking topology file=clab.yml
23:20:50 INFO Parsing &amp; checking topology file=clab.yml
23:20:50 INFO Destroying lab name=netlab
23:20:51 INFO Removed container name=clab-netla...</msg>
<var>${rc}</var>
<var>${stdout}</var>
<var>${stderr}</var>
<arg>120</arg>
<doc>Run `netlab down` to tear down the lab.</doc>
<status status="PASS" start="2026-06-26T23:20:50.086767" elapsed="1.797816"/>
</kw>
<kw name="Run Keyword If" owner="BuiltIn">
<arg>${rc} != 0</arg>
<arg>Log</arg>
<arg>netlab down returned rc=${rc}: ${stderr}</arg>
<arg>WARN</arg>
<doc>Runs the given keyword with the given arguments, if ``condition`` is true.</doc>
<status status="PASS" start="2026-06-26T23:20:51.884758" elapsed="0.000317"/>
</kw>
<doc>Tear down the lab via `netlab down`.</doc>
<status status="PASS" start="2026-06-26T23:20:50.086500" elapsed="1.798628"/>
</kw>
<doc>Tear down the lab via netlab down.</doc>
<status status="PASS" start="2026-06-26T23:20:50.086076" elapsed="1.799176"/>
</test>
<kw name="Netlab Down" owner="NetlabCommon" type="TEARDOWN">
<kw name="Netlab Down" owner="RTL">
<msg time="2026-06-26T23:20:52.293871" level="INFO">${rc} = 0</msg>
<msg time="2026-06-26T23:20:52.293927" level="INFO">${stdout} = Checking virtualization provider installation
OK: clab installed and working correctly
Stopping clab nodes
</msg>
<msg time="2026-06-26T23:20:52.293959" level="INFO">${stderr} = 23:20:52 INFO Parsing &amp; checking topology file=clab.yml
23:20:52 INFO no containerlab containers found
</msg>
<var>${rc}</var>
<var>${stdout}</var>
<var>${stderr}</var>
<arg>120</arg>
<doc>Run `netlab down` to tear down the lab.</doc>
<status status="PASS" start="2026-06-26T23:20:51.885868" elapsed="0.408109"/>
</kw>
<kw name="Run Keyword If" owner="BuiltIn">
<arg>${rc} != 0</arg>
<arg>Log</arg>
<arg>netlab down returned rc=${rc}: ${stderr}</arg>
<arg>WARN</arg>
<doc>Runs the given keyword with the given arguments, if ``condition`` is true.</doc>
<status status="PASS" start="2026-06-26T23:20:52.294158" elapsed="0.000366"/>
</kw>
<doc>Tear down the lab via `netlab down`.</doc>
<status status="PASS" start="2026-06-26T23:20:51.885738" elapsed="0.408843"/>
</kw>
<doc>Runtime tests for eBGP underlay — validates:
- Lab lifecycle (netlab up / netlab down)
- Node version and reachability
- Interface status (up/up)
- BGP neighbors (Established)
- BGP route exchange (all loopbacks learned)
- BFD configuration and sessions
- BGP router-id and address-family
- End-to-end ping (spine-to-leaf, leaf-to-leaf, leaf-to-spine, host-to-all)</doc>
<status status="FAIL" start="2026-06-26T23:18:22.072883" elapsed="150.221777"/>
</suite>
<statistics>
<total>
<stat pass="33" fail="8" skip="0">All Tests</stat>
</total>
<tag>
</tag>
<suite>
<stat name="Test Ebgp" id="s1" pass="33" fail="8" skip="0">Test Ebgp</stat>
</suite>
</statistics>
<errors>
</errors>
</robot>
