<?xml version="1.0" encoding="UTF-8"?>
<robot generator="Robot 7.4.2 (Python 3.12.3 on linux)" generated="2026-06-26T23:21:59.490974" rpa="false" schemaversion="5">
<suite id="s1" name="Test Runtime" source="/home/alfredk/Projects/dc_design_labs/source/lab_03/tests/test_runtime.robot">
<kw name="Netlab Up" owner="NetlabCommon" type="SETUP">
<kw name="Netlab Up" owner="RTL">
<msg time="2026-06-26T23:23:27.466867" level="INFO">${rc} = 0</msg>
<msg time="2026-06-26T23:23:27.466984" level="INFO">${stdout} = Creating configuration files
[CONFIG]  spine1: normalize,initial,spine,isis-timers,isis-auth,bfd
[CONFIG]  spine2: normalize,initial,spine,isis-timers,isis-auth,bfd
[CONFIG]  leaf1: normalize,initial,...</msg>
<msg time="2026-06-26T23:23:27.467042" level="INFO">${stderr} = 23:22:00 INFO Containerlab started version=0.76.0
23:22:00 INFO Parsing &amp; checking topology file=clab.yml
23:22:00 INFO Removing directory path=/home/alfredk/Projects/dc_design_labs/source/lab_03/netl...</msg>
<var>${rc}</var>
<var>${stdout}</var>
<var>${stderr}</var>
<arg>300</arg>
<doc>Run `netlab up` to start the lab.</doc>
<status status="PASS" start="2026-06-26T23:21:59.542328" elapsed="87.924742"/>
</kw>
<kw name="Should Be Equal As Integers" owner="BuiltIn">
<msg time="2026-06-26T23:23:27.468283" level="INFO">Argument types are:
&lt;class 'int'&gt;
&lt;class 'str'&gt;</msg>
<arg>${rc}</arg>
<arg>0</arg>
<arg>netlab up failed: ${stderr}</arg>
<doc>Fails if objects are unequal after converting them to integers.</doc>
<status status="PASS" start="2026-06-26T23:23:27.467789" elapsed="0.000569"/>
</kw>
<kw name="Should Contain" owner="BuiltIn">
<arg>${stdout}</arg>
<arg>OK</arg>
<arg>Lab should report OK</arg>
<doc>Fails if ``container`` does not contain ``item`` one or more times.</doc>
<status status="PASS" start="2026-06-26T23:23:27.468492" elapsed="0.000452"/>
</kw>
<doc>Start the lab via `netlab up`.
Fails if any node is unreachable or config deployment fails.</doc>
<status status="PASS" start="2026-06-26T23:21:59.541406" elapsed="87.927614"/>
</kw>
<test id="s1-t1" name="Lab Should Start Successfully" line="32">
<kw name="Pass Execution" owner="BuiltIn">
<msg time="2026-06-26T23:23:27.469683" level="INFO">Execution passed with message:
Lab started successfully</msg>
<arg>Lab started successfully</arg>
<doc>Skips rest of the current test, setup, or teardown with PASS status.</doc>
<status status="PASS" start="2026-06-26T23:23:27.469473" elapsed="0.000294">Lab started successfully</status>
</kw>
<doc>Verified by Suite Setup (netlab up).</doc>
<status status="PASS" start="2026-06-26T23:23:27.469083" elapsed="0.000865">Lab started successfully</status>
</test>
<test id="s1-t2" name="All Nodes Should Run Arista cEOS" line="36">
<kw name="Verify All Nodes Respond">
<for flavor="IN">
<iter>
<kw name="Run Show Command" owner="NetlabCommon">
<kw name="Run Show Command" owner="RTL">
<msg time="2026-06-26T23:23:28.167520" level="INFO">${output} = Arista cEOSLab
Hardware version: 
Serial number: C7DF44C3D8BE428664797B55E4DC5F9F
Hardware MAC address: 001c.73b6.52d1
System MAC address: 001c.73b6.52d1

Software image version: 4.34.2.2F-46218727.43...</msg>
<var>${output}</var>
<arg>${node}</arg>
<arg>${command}</arg>
<doc>Keyword alias for netlab_connect_show.</doc>
<status status="PASS" start="2026-06-26T23:23:27.471345" elapsed="0.696222"/>
</kw>
<return>
<value>${output}</value>
<status status="PASS" start="2026-06-26T23:23:28.167647" elapsed="0.000087"/>
</return>
<msg time="2026-06-26T23:23:28.167896" level="INFO">${output} = Arista cEOSLab
Hardware version: 
Serial number: C7DF44C3D8BE428664797B55E4DC5F9F
Hardware MAC address: 001c.73b6.52d1
System MAC address: 001c.73b6.52d1

Software image version: 4.34.2.2F-46218727.43...</msg>
<var>${output}</var>
<arg>${node}</arg>
<arg>version</arg>
<doc>Run `netlab connect &lt;node&gt; --show &lt;cmd&gt;` and return output.</doc>
<status status="PASS" start="2026-06-26T23:23:27.471089" elapsed="0.696830"/>
</kw>
<kw name="Should Contain" owner="BuiltIn">
<arg>${output}</arg>
<arg>Arista</arg>
<arg>${node} should be running Arista cEOS</arg>
<doc>Fails if ``container`` does not contain ``item`` one or more times.</doc>
<status status="PASS" start="2026-06-26T23:23:28.168048" elapsed="0.000463"/>
</kw>
<kw name="Should Contain" owner="BuiltIn">
<arg>${output}</arg>
<arg>4.34.2.2F</arg>
<arg>${node} should run correct image version</arg>
<doc>Fails if ``container`` does not contain ``item`` one or more times.</doc>
<status status="PASS" start="2026-06-26T23:23:28.168606" elapsed="0.000307"/>
</kw>
<var name="${node}">spine1</var>
<status status="PASS" start="2026-06-26T23:23:27.470958" elapsed="0.697995"/>
</iter>
<iter>
<kw name="Run Show Command" owner="NetlabCommon">
<kw name="Run Show Command" owner="RTL">
<msg time="2026-06-26T23:23:28.866949" level="INFO">${output} = Arista cEOSLab
Hardware version: 
Serial number: 12D9635FFFE9063FC5FC18820B9646F8
Hardware MAC address: 001c.7335.8acd
System MAC address: 001c.7335.8acd

Software image version: 4.34.2.2F-46218727.43...</msg>
<var>${output}</var>
<arg>${node}</arg>
<arg>${command}</arg>
<doc>Keyword alias for netlab_connect_show.</doc>
<status status="PASS" start="2026-06-26T23:23:28.169465" elapsed="0.697532"/>
</kw>
<return>
<value>${output}</value>
<status status="PASS" start="2026-06-26T23:23:28.867089" elapsed="0.000073"/>
</return>
<msg time="2026-06-26T23:23:28.867353" level="INFO">${output} = Arista cEOSLab
Hardware version: 
Serial number: 12D9635FFFE9063FC5FC18820B9646F8
Hardware MAC address: 001c.7335.8acd
System MAC address: 001c.7335.8acd

Software image version: 4.34.2.2F-46218727.43...</msg>
<var>${output}</var>
<arg>${node}</arg>
<arg>version</arg>
<doc>Run `netlab connect &lt;node&gt; --show &lt;cmd&gt;` and return output.</doc>
<status status="PASS" start="2026-06-26T23:23:28.169189" elapsed="0.698191"/>
</kw>
<kw name="Should Contain" owner="BuiltIn">
<arg>${output}</arg>
<arg>Arista</arg>
<arg>${node} should be running Arista cEOS</arg>
<doc>Fails if ``container`` does not contain ``item`` one or more times.</doc>
<status status="PASS" start="2026-06-26T23:23:28.867530" elapsed="0.000491"/>
</kw>
<kw name="Should Contain" owner="BuiltIn">
<arg>${output}</arg>
<arg>4.34.2.2F</arg>
<arg>${node} should run correct image version</arg>
<doc>Fails if ``container`` does not contain ``item`` one or more times.</doc>
<status status="PASS" start="2026-06-26T23:23:28.868154" elapsed="0.000393"/>
</kw>
<var name="${node}">spine2</var>
<status status="PASS" start="2026-06-26T23:23:28.169063" elapsed="0.699531"/>
</iter>
<iter>
<kw name="Run Show Command" owner="NetlabCommon">
<kw name="Run Show Command" owner="RTL">
<msg time="2026-06-26T23:23:29.568795" level="INFO">${output} = Arista cEOSLab
Hardware version: 
Serial number: 8007A08341EF134344B6BE20FA3F2C6A
Hardware MAC address: 001c.7362.cb7c
System MAC address: 001c.7362.cb7c

Software image version: 4.34.2.2F-46218727.43...</msg>
<var>${output}</var>
<arg>${node}</arg>
<arg>${command}</arg>
<doc>Keyword alias for netlab_connect_show.</doc>
<status status="PASS" start="2026-06-26T23:23:28.869126" elapsed="0.699709"/>
</kw>
<return>
<value>${output}</value>
<status status="PASS" start="2026-06-26T23:23:29.568895" elapsed="0.000041"/>
</return>
<msg time="2026-06-26T23:23:29.569054" level="INFO">${output} = Arista cEOSLab
Hardware version: 
Serial number: 8007A08341EF134344B6BE20FA3F2C6A
Hardware MAC address: 001c.7362.cb7c
System MAC address: 001c.7362.cb7c

Software image version: 4.34.2.2F-46218727.43...</msg>
<var>${output}</var>
<arg>${node}</arg>
<arg>version</arg>
<doc>Run `netlab connect &lt;node&gt; --show &lt;cmd&gt;` and return output.</doc>
<status status="PASS" start="2026-06-26T23:23:28.868885" elapsed="0.700186"/>
</kw>
<kw name="Should Contain" owner="BuiltIn">
<arg>${output}</arg>
<arg>Arista</arg>
<arg>${node} should be running Arista cEOS</arg>
<doc>Fails if ``container`` does not contain ``item`` one or more times.</doc>
<status status="PASS" start="2026-06-26T23:23:29.569191" elapsed="0.000348"/>
</kw>
<kw name="Should Contain" owner="BuiltIn">
<arg>${output}</arg>
<arg>4.34.2.2F</arg>
<arg>${node} should run correct image version</arg>
<doc>Fails if ``container`` does not contain ``item`` one or more times.</doc>
<status status="PASS" start="2026-06-26T23:23:29.569619" elapsed="0.000222"/>
</kw>
<var name="${node}">leaf1</var>
<status status="PASS" start="2026-06-26T23:23:28.868727" elapsed="0.701205"/>
</iter>
<iter>
<kw name="Run Show Command" owner="NetlabCommon">
<kw name="Run Show Command" owner="RTL">
<msg time="2026-06-26T23:23:30.247719" level="INFO">${output} = Arista cEOSLab
Hardware version: 
Serial number: CFBA1A8BC0C8037ED7181C579508ECB2
Hardware MAC address: 001c.7382.c877
System MAC address: 001c.7382.c877

Software image version: 4.34.2.2F-46218727.43...</msg>
<var>${output}</var>
<arg>${node}</arg>
<arg>${command}</arg>
<doc>Keyword alias for netlab_connect_show.</doc>
<status status="PASS" start="2026-06-26T23:23:29.570337" elapsed="0.677428"/>
</kw>
<return>
<value>${output}</value>
<status status="PASS" start="2026-06-26T23:23:30.247841" elapsed="0.000048"/>
</return>
<msg time="2026-06-26T23:23:30.248041" level="INFO">${output} = Arista cEOSLab
Hardware version: 
Serial number: CFBA1A8BC0C8037ED7181C579508ECB2
Hardware MAC address: 001c.7382.c877
System MAC address: 001c.7382.c877

Software image version: 4.34.2.2F-46218727.43...</msg>
<var>${output}</var>
<arg>${node}</arg>
<arg>version</arg>
<doc>Run `netlab connect &lt;node&gt; --show &lt;cmd&gt;` and return output.</doc>
<status status="PASS" start="2026-06-26T23:23:29.570125" elapsed="0.677941"/>
</kw>
<kw name="Should Contain" owner="BuiltIn">
<arg>${output}</arg>
<arg>Arista</arg>
<arg>${node} should be running Arista cEOS</arg>
<doc>Fails if ``container`` does not contain ``item`` one or more times.</doc>
<status status="PASS" start="2026-06-26T23:23:30.248207" elapsed="0.000416"/>
</kw>
<kw name="Should Contain" owner="BuiltIn">
<arg>${output}</arg>
<arg>4.34.2.2F</arg>
<arg>${node} should run correct image version</arg>
<doc>Fails if ``container`` does not contain ``item`` one or more times.</doc>
<status status="PASS" start="2026-06-26T23:23:30.248732" elapsed="0.000255"/>
</kw>
<var name="${node}">leaf2</var>
<status status="PASS" start="2026-06-26T23:23:29.570019" elapsed="0.679000"/>
</iter>
<iter>
<kw name="Run Show Command" owner="NetlabCommon">
<kw name="Run Show Command" owner="RTL">
<msg time="2026-06-26T23:23:30.962390" level="INFO">${output} = Arista cEOSLab
Hardware version: 
Serial number: 8A098D9D9158F8FF11F33DFB7EF82EF1
Hardware MAC address: 001c.73c8.f574
System MAC address: 001c.73c8.f574

Software image version: 4.34.2.2F-46218727.43...</msg>
<var>${output}</var>
<arg>${node}</arg>
<arg>${command}</arg>
<doc>Keyword alias for netlab_connect_show.</doc>
<status status="PASS" start="2026-06-26T23:23:30.249468" elapsed="0.712965"/>
</kw>
<return>
<value>${output}</value>
<status status="PASS" start="2026-06-26T23:23:30.962496" elapsed="0.000041"/>
</return>
<msg time="2026-06-26T23:23:30.962666" level="INFO">${output} = Arista cEOSLab
Hardware version: 
Serial number: 8A098D9D9158F8FF11F33DFB7EF82EF1
Hardware MAC address: 001c.73c8.f574
System MAC address: 001c.73c8.f574

Software image version: 4.34.2.2F-46218727.43...</msg>
<var>${output}</var>
<arg>${node}</arg>
<arg>version</arg>
<doc>Run `netlab connect &lt;node&gt; --show &lt;cmd&gt;` and return output.</doc>
<status status="PASS" start="2026-06-26T23:23:30.249232" elapsed="0.713455"/>
</kw>
<kw name="Should Contain" owner="BuiltIn">
<arg>${output}</arg>
<arg>Arista</arg>
<arg>${node} should be running Arista cEOS</arg>
<doc>Fails if ``container`` does not contain ``item`` one or more times.</doc>
<status status="PASS" start="2026-06-26T23:23:30.962818" elapsed="0.000364"/>
</kw>
<kw name="Should Contain" owner="BuiltIn">
<arg>${output}</arg>
<arg>4.34.2.2F</arg>
<arg>${node} should run correct image version</arg>
<doc>Fails if ``container`` does not contain ``item`` one or more times.</doc>
<status status="PASS" start="2026-06-26T23:23:30.963319" elapsed="0.000302"/>
</kw>
<var name="${node}">leaf3</var>
<status status="PASS" start="2026-06-26T23:23:30.249110" elapsed="0.714544"/>
</iter>
<var>${node}</var>
<value>@{ALL_NODES}</value>
<status status="PASS" start="2026-06-26T23:23:27.470806" elapsed="3.492878"/>
</for>
<doc>Verify all nodes respond with correct version.</doc>
<status status="PASS" start="2026-06-26T23:23:27.470612" elapsed="3.493127"/>
</kw>
<status status="PASS" start="2026-06-26T23:23:27.470203" elapsed="3.493662"/>
</test>
<test id="s1-t3" name="All Data Interfaces Should Be Up On Spine Nodes" line="39">
<for flavor="IN">
<iter>
<kw name="Run Show Command" owner="NetlabCommon">
<kw name="Run Show Command" owner="RTL">
<msg time="2026-06-26T23:23:31.668709" level="INFO">${output} = Address
Interface      IP Address             Status     Protocol         MTU   Owner  
-------------- ---------------------- ---------- ------------ --------- -------
Ethernet1      10.2.1.0/31      ...</msg>
<var>${output}</var>
<arg>${node}</arg>
<arg>${command}</arg>
<doc>Keyword alias for netlab_connect_show.</doc>
<status status="PASS" start="2026-06-26T23:23:30.964762" elapsed="0.703988"/>
</kw>
<return>
<value>${output}</value>
<status status="PASS" start="2026-06-26T23:23:31.668811" elapsed="0.000043"/>
</return>
<msg time="2026-06-26T23:23:31.668985" level="INFO">${output} = Address
Interface      IP Address             Status     Protocol         MTU   Owner  
-------------- ---------------------- ---------- ------------ --------- -------
Ethernet1      10.2.1.0/31      ...</msg>
<var>${output}</var>
<arg>${node}</arg>
<arg>ip interface brief</arg>
<doc>Run `netlab connect &lt;node&gt; --show &lt;cmd&gt;` and return output.</doc>
<status status="PASS" start="2026-06-26T23:23:30.964528" elapsed="0.704479"/>
</kw>
<kw name="Get Regexp Matches" owner="String">
<msg time="2026-06-26T23:23:31.669482" level="INFO">${up_count} = ['Ethernet1      10.2.1.0/31            up         up', 'Ethernet2      10.2.1.2/31            up         up', 'Ethernet3      10.2.1.4/31            up         up']</msg>
<var>${up_count}</var>
<arg>${output}</arg>
<arg>Ethernet\\d+.*up.*up</arg>
<doc>Returns a list of all non-overlapping matches in the given string.</doc>
<status status="PASS" start="2026-06-26T23:23:31.669135" elapsed="0.000370"/>
</kw>
<kw name="Length Should Be" owner="BuiltIn">
<msg time="2026-06-26T23:23:31.669946" level="INFO">Length is 3.</msg>
<arg>${up_count}</arg>
<arg>3</arg>
<arg>${node} should have 3 Ethernet interfaces up/up</arg>
<doc>Verifies that the length of the given item is correct.</doc>
<status status="PASS" start="2026-06-26T23:23:31.669607" elapsed="0.000396"/>
</kw>
<var name="${node}">spine1</var>
<status status="PASS" start="2026-06-26T23:23:30.964410" elapsed="0.705626"/>
</iter>
<iter>
<kw name="Run Show Command" owner="NetlabCommon">
<kw name="Run Show Command" owner="RTL">
<msg time="2026-06-26T23:23:32.368399" level="INFO">${output} = Address
Interface      IP Address             Status     Protocol         MTU   Owner  
-------------- ---------------------- ---------- ------------ --------- -------
Ethernet1      10.2.2.0/31      ...</msg>
<var>${output}</var>
<arg>${node}</arg>
<arg>${command}</arg>
<doc>Keyword alias for netlab_connect_show.</doc>
<status status="PASS" start="2026-06-26T23:23:31.670588" elapsed="0.697864"/>
</kw>
<return>
<value>${output}</value>
<status status="PASS" start="2026-06-26T23:23:32.368535" elapsed="0.000057"/>
</return>
<msg time="2026-06-26T23:23:32.368726" level="INFO">${output} = Address
Interface      IP Address             Status     Protocol         MTU   Owner  
-------------- ---------------------- ---------- ------------ --------- -------
Ethernet1      10.2.2.0/31      ...</msg>
<var>${output}</var>
<arg>${node}</arg>
<arg>ip interface brief</arg>
<doc>Run `netlab connect &lt;node&gt; --show &lt;cmd&gt;` and return output.</doc>
<status status="PASS" start="2026-06-26T23:23:31.670279" elapsed="0.698468"/>
</kw>
<kw name="Get Regexp Matches" owner="String">
<msg time="2026-06-26T23:23:32.369149" level="INFO">${up_count} = ['Ethernet1      10.2.2.0/31            up         up', 'Ethernet2      10.2.2.2/31            up         up', 'Ethernet3      10.2.2.4/31            up         up']</msg>
<var>${up_count}</var>
<arg>${output}</arg>
<arg>Ethernet\\d+.*up.*up</arg>
<doc>Returns a list of all non-overlapping matches in the given string.</doc>
<status status="PASS" start="2026-06-26T23:23:32.368916" elapsed="0.000320"/>
</kw>
<kw name="Length Should Be" owner="BuiltIn">
<msg time="2026-06-26T23:23:32.369636" level="INFO">Length is 3.</msg>
<arg>${up_count}</arg>
<arg>3</arg>
<arg>${node} should have 3 Ethernet interfaces up/up</arg>
<doc>Verifies that the length of the given item is correct.</doc>
<status status="PASS" start="2026-06-26T23:23:32.369330" elapsed="0.000341"/>
</kw>
<var name="${node}">spine2</var>
<status status="PASS" start="2026-06-26T23:23:31.670136" elapsed="0.699566"/>
</iter>
<var>${node}</var>
<value>spine1</value>
<value>spine2</value>
<status status="PASS" start="2026-06-26T23:23:30.964299" elapsed="1.405430"/>
</for>
<doc>Verify all Ethernet interfaces on spine nodes are up/up.</doc>
<status status="PASS" start="2026-06-26T23:23:30.964031" elapsed="1.405821"/>
</test>
<test id="s1-t4" name="All Data Interfaces Should Be Up On Leaf Nodes" line="47">
<for flavor="IN">
<iter>
<kw name="Run Show Command" owner="NetlabCommon">
<kw name="Run Show Command" owner="RTL">
<msg time="2026-06-26T23:23:33.088917" level="INFO">${output} = Address
Interface      IP Address             Status     Protocol         MTU   Owner  
-------------- ---------------------- ---------- ------------ --------- -------
Ethernet1      10.2.1.1/31      ...</msg>
<var>${output}</var>
<arg>${node}</arg>
<arg>${command}</arg>
<doc>Keyword alias for netlab_connect_show.</doc>
<status status="PASS" start="2026-06-26T23:23:32.370775" elapsed="0.718193"/>
</kw>
<return>
<value>${output}</value>
<status status="PASS" start="2026-06-26T23:23:33.089044" elapsed="0.000052"/>
</return>
<msg time="2026-06-26T23:23:33.089272" level="INFO">${output} = Address
Interface      IP Address             Status     Protocol         MTU   Owner  
-------------- ---------------------- ---------- ------------ --------- -------
Ethernet1      10.2.1.1/31      ...</msg>
<var>${output}</var>
<arg>${node}</arg>
<arg>ip interface brief</arg>
<doc>Run `netlab connect &lt;node&gt; --show &lt;cmd&gt;` and return output.</doc>
<status status="PASS" start="2026-06-26T23:23:32.370490" elapsed="0.718808"/>
</kw>
<kw name="Get Regexp Matches" owner="String">
<msg time="2026-06-26T23:23:33.089703" level="INFO">${up_count} = ['Ethernet1      10.2.1.1/31            up         up', 'Ethernet2      10.2.2.1/31            up         up']</msg>
<var>${up_count}</var>
<arg>${output}</arg>
<arg>Ethernet\\d+.*up.*up</arg>
<doc>Returns a list of all non-overlapping matches in the given string.</doc>
<status status="PASS" start="2026-06-26T23:23:33.089458" elapsed="0.000270"/>
</kw>
<kw name="Length Should Be" owner="BuiltIn">
<msg time="2026-06-26T23:23:33.090199" level="INFO">Length is 2.</msg>
<arg>${up_count}</arg>
<arg>2</arg>
<arg>${node} should have 2 Ethernet interfaces up/up</arg>
<doc>Verifies that the length of the given item is correct.</doc>
<status status="PASS" start="2026-06-26T23:23:33.089833" elapsed="0.000419"/>
</kw>
<var name="${node}">leaf1</var>
<status status="PASS" start="2026-06-26T23:23:32.370376" elapsed="0.719916"/>
</iter>
<iter>
<kw name="Run Show Command" owner="NetlabCommon">
<kw name="Run Show Command" owner="RTL">
<msg time="2026-06-26T23:23:33.824199" level="INFO">${output} = Address
Interface      IP Address             Status     Protocol         MTU   Owner  
-------------- ---------------------- ---------- ------------ --------- -------
Ethernet1      10.2.1.3/31      ...</msg>
<var>${output}</var>
<arg>${node}</arg>
<arg>${command}</arg>
<doc>Keyword alias for netlab_connect_show.</doc>
<status status="PASS" start="2026-06-26T23:23:33.090815" elapsed="0.733474"/>
</kw>
<return>
<value>${output}</value>
<status status="PASS" start="2026-06-26T23:23:33.824360" elapsed="0.000044"/>
</return>
<msg time="2026-06-26T23:23:33.824546" level="INFO">${output} = Address
Interface      IP Address             Status     Protocol         MTU   Owner  
-------------- ---------------------- ---------- ------------ --------- -------
Ethernet1      10.2.1.3/31      ...</msg>
<var>${output}</var>
<arg>${node}</arg>
<arg>ip interface brief</arg>
<doc>Run `netlab connect &lt;node&gt; --show &lt;cmd&gt;` and return output.</doc>
<status status="PASS" start="2026-06-26T23:23:33.090540" elapsed="0.734028"/>
</kw>
<kw name="Get Regexp Matches" owner="String">
<msg time="2026-06-26T23:23:33.824913" level="INFO">${up_count} = ['Ethernet1      10.2.1.3/31            up         up', 'Ethernet2      10.2.2.3/31            up         up']</msg>
<var>${up_count}</var>
<arg>${output}</arg>
<arg>Ethernet\\d+.*up.*up</arg>
<doc>Returns a list of all non-overlapping matches in the given string.</doc>
<status status="PASS" start="2026-06-26T23:23:33.824697" elapsed="0.000240"/>
</kw>
<kw name="Length Should Be" owner="BuiltIn">
<msg time="2026-06-26T23:23:33.825545" level="INFO">Length is 2.</msg>
<arg>${up_count}</arg>
<arg>2</arg>
<arg>${node} should have 2 Ethernet interfaces up/up</arg>
<doc>Verifies that the length of the given item is correct.</doc>
<status status="PASS" start="2026-06-26T23:23:33.825069" elapsed="0.000534"/>
</kw>
<var name="${node}">leaf2</var>
<status status="PASS" start="2026-06-26T23:23:33.090407" elapsed="0.735243"/>
</iter>
<iter>
<kw name="Run Show Command" owner="NetlabCommon">
<kw name="Run Show Command" owner="RTL">
<msg time="2026-06-26T23:23:34.732426" level="INFO">${output} = Address
Interface      IP Address             Status     Protocol         MTU   Owner  
-------------- ---------------------- ---------- ------------ --------- -------
Ethernet1      10.2.1.5/31      ...</msg>
<var>${output}</var>
<arg>${node}</arg>
<arg>${command}</arg>
<doc>Keyword alias for netlab_connect_show.</doc>
<status status="PASS" start="2026-06-26T23:23:33.826338" elapsed="0.906155"/>
</kw>
<return>
<value>${output}</value>
<status status="PASS" start="2026-06-26T23:23:34.732590" elapsed="0.000063"/>
</return>
<msg time="2026-06-26T23:23:34.732849" level="INFO">${output} = Address
Interface      IP Address             Status     Protocol         MTU   Owner  
-------------- ---------------------- ---------- ------------ --------- -------
Ethernet1      10.2.1.5/31      ...</msg>
<var>${output}</var>
<arg>${node}</arg>
<arg>ip interface brief</arg>
<doc>Run `netlab connect &lt;node&gt; --show &lt;cmd&gt;` and return output.</doc>
<status status="PASS" start="2026-06-26T23:23:33.825985" elapsed="0.906896"/>
</kw>
<kw name="Get Regexp Matches" owner="String">
<msg time="2026-06-26T23:23:34.733413" level="INFO">${up_count} = ['Ethernet1      10.2.1.5/31            up         up', 'Ethernet2      10.2.2.5/31            up         up']</msg>
<var>${up_count}</var>
<arg>${output}</arg>
<arg>Ethernet\\d+.*up.*up</arg>
<doc>Returns a list of all non-overlapping matches in the given string.</doc>
<status status="PASS" start="2026-06-26T23:23:34.733070" elapsed="0.000377"/>
</kw>
<kw name="Length Should Be" owner="BuiltIn">
<msg time="2026-06-26T23:23:34.734107" level="INFO">Length is 2.</msg>
<arg>${up_count}</arg>
<arg>2</arg>
<arg>${node} should have 2 Ethernet interfaces up/up</arg>
<doc>Verifies that the length of the given item is correct.</doc>
<status status="PASS" start="2026-06-26T23:23:34.733600" elapsed="0.000575"/>
</kw>
<var name="${node}">leaf3</var>
<status status="PASS" start="2026-06-26T23:23:33.825821" elapsed="0.908419"/>
</iter>
<var>${node}</var>
<value>leaf1</value>
<value>leaf2</value>
<value>leaf3</value>
<status status="PASS" start="2026-06-26T23:23:32.370271" elapsed="2.364021"/>
</for>
<doc>Verify all Ethernet interfaces on leaf nodes are up/up.</doc>
<status status="PASS" start="2026-06-26T23:23:32.370004" elapsed="2.364484"/>
</test>
<test id="s1-t5" name="Loopback0 Should Have Correct IP On All Nodes" line="55">
<for flavor="IN">
<iter>
<kw name="Run Show Command" owner="NetlabCommon">
<kw name="Run Show Command" owner="RTL">
<msg time="2026-06-26T23:23:35.464507" level="INFO">${output} = Address
Interface      IP Address             Status     Protocol         MTU   Owner  
-------------- ---------------------- ---------- ------------ --------- -------
Ethernet1      10.2.1.0/31      ...</msg>
<var>${output}</var>
<arg>${node}</arg>
<arg>${command}</arg>
<doc>Keyword alias for netlab_connect_show.</doc>
<status status="PASS" start="2026-06-26T23:23:34.735994" elapsed="0.728617"/>
</kw>
<return>
<value>${output}</value>
<status status="PASS" start="2026-06-26T23:23:35.464686" elapsed="0.000046"/>
</return>
<msg time="2026-06-26T23:23:35.464870" level="INFO">${output} = Address
Interface      IP Address             Status     Protocol         MTU   Owner  
-------------- ---------------------- ---------- ------------ --------- -------
Ethernet1      10.2.1.0/31      ...</msg>
<var>${output}</var>
<arg>${node}</arg>
<arg>ip interface brief</arg>
<doc>Run `netlab connect &lt;node&gt; --show &lt;cmd&gt;` and return output.</doc>
<status status="PASS" start="2026-06-26T23:23:34.735643" elapsed="0.729249"/>
</kw>
<kw name="Should Contain" owner="BuiltIn">
<arg>${output}</arg>
<arg>${expected_ip}</arg>
<arg>${node} Loopback0 should be ${expected_ip}</arg>
<doc>Fails if ``container`` does not contain ``item`` one or more times.</doc>
<status status="PASS" start="2026-06-26T23:23:35.465018" elapsed="0.000415"/>
</kw>
<var name="${node}">spine1</var>
<var name="${expected_ip}">10.0.1.1/32</var>
<status status="PASS" start="2026-06-26T23:23:34.735438" elapsed="0.730031"/>
</iter>
<iter>
<kw name="Run Show Command" owner="NetlabCommon">
<kw name="Run Show Command" owner="RTL">
<msg time="2026-06-26T23:23:36.323747" level="INFO">${output} = Address
Interface      IP Address             Status     Protocol         MTU   Owner  
-------------- ---------------------- ---------- ------------ --------- -------
Ethernet1      10.2.2.0/31      ...</msg>
<var>${output}</var>
<arg>${node}</arg>
<arg>${command}</arg>
<doc>Keyword alias for netlab_connect_show.</doc>
<status status="PASS" start="2026-06-26T23:23:35.465947" elapsed="0.857867"/>
</kw>
<return>
<value>${output}</value>
<status status="PASS" start="2026-06-26T23:23:36.323924" elapsed="0.000075"/>
</return>
<msg time="2026-06-26T23:23:36.324247" level="INFO">${output} = Address
Interface      IP Address             Status     Protocol         MTU   Owner  
-------------- ---------------------- ---------- ------------ --------- -------
Ethernet1      10.2.2.0/31      ...</msg>
<var>${output}</var>
<arg>${node}</arg>
<arg>ip interface brief</arg>
<doc>Run `netlab connect &lt;node&gt; --show &lt;cmd&gt;` and return output.</doc>
<status status="PASS" start="2026-06-26T23:23:35.465702" elapsed="0.858588"/>
</kw>
<kw name="Should Contain" owner="BuiltIn">
<arg>${output}</arg>
<arg>${expected_ip}</arg>
<arg>${node} Loopback0 should be ${expected_ip}</arg>
<doc>Fails if ``container`` does not contain ``item`` one or more times.</doc>
<status status="PASS" start="2026-06-26T23:23:36.324513" elapsed="0.000427"/>
</kw>
<var name="${node}">spine2</var>
<var name="${expected_ip}">10.0.2.1/32</var>
<status status="PASS" start="2026-06-26T23:23:35.465576" elapsed="0.859400"/>
</iter>
<iter>
<kw name="Run Show Command" owner="NetlabCommon">
<kw name="Run Show Command" owner="RTL">
<msg time="2026-06-26T23:23:37.082367" level="INFO">${output} = Address
Interface      IP Address             Status     Protocol         MTU   Owner  
-------------- ---------------------- ---------- ------------ --------- -------
Ethernet1      10.2.1.1/31      ...</msg>
<var>${output}</var>
<arg>${node}</arg>
<arg>${command}</arg>
<doc>Keyword alias for netlab_connect_show.</doc>
<status status="PASS" start="2026-06-26T23:23:36.325507" elapsed="0.756915"/>
</kw>
<return>
<value>${output}</value>
<status status="PASS" start="2026-06-26T23:23:37.082508" elapsed="0.000054"/>
</return>
<msg time="2026-06-26T23:23:37.082737" level="INFO">${output} = Address
Interface      IP Address             Status     Protocol         MTU   Owner  
-------------- ---------------------- ---------- ------------ --------- -------
Ethernet1      10.2.1.1/31      ...</msg>
<var>${output}</var>
<arg>${node}</arg>
<arg>ip interface brief</arg>
<doc>Run `netlab connect &lt;node&gt; --show &lt;cmd&gt;` and return output.</doc>
<status status="PASS" start="2026-06-26T23:23:36.325260" elapsed="0.757506"/>
</kw>
<kw name="Should Contain" owner="BuiltIn">
<arg>${output}</arg>
<arg>${expected_ip}</arg>
<arg>${node} Loopback0 should be ${expected_ip}</arg>
<doc>Fails if ``container`` does not contain ``item`` one or more times.</doc>
<status status="PASS" start="2026-06-26T23:23:37.082932" elapsed="0.000710"/>
</kw>
<var name="${node}">leaf1</var>
<var name="${expected_ip}">10.0.11.1/32</var>
<status status="PASS" start="2026-06-26T23:23:36.325085" elapsed="0.758615"/>
</iter>
<iter>
<kw name="Run Show Command" owner="NetlabCommon">
<kw name="Run Show Command" owner="RTL">
<msg time="2026-06-26T23:23:37.932183" level="INFO">${output} = Address
Interface      IP Address             Status     Protocol         MTU   Owner  
-------------- ---------------------- ---------- ------------ --------- -------
Ethernet1      10.2.1.3/31      ...</msg>
<var>${output}</var>
<arg>${node}</arg>
<arg>${command}</arg>
<doc>Keyword alias for netlab_connect_show.</doc>
<status status="PASS" start="2026-06-26T23:23:37.084487" elapsed="0.847782"/>
</kw>
<return>
<value>${output}</value>
<status status="PASS" start="2026-06-26T23:23:37.932345" elapsed="0.000040"/>
</return>
<msg time="2026-06-26T23:23:37.932518" level="INFO">${output} = Address
Interface      IP Address             Status     Protocol         MTU   Owner  
-------------- ---------------------- ---------- ------------ --------- -------
Ethernet1      10.2.1.3/31      ...</msg>
<var>${output}</var>
<arg>${node}</arg>
<arg>ip interface brief</arg>
<doc>Run `netlab connect &lt;node&gt; --show &lt;cmd&gt;` and return output.</doc>
<status status="PASS" start="2026-06-26T23:23:37.084057" elapsed="0.848482"/>
</kw>
<kw name="Should Contain" owner="BuiltIn">
<arg>${output}</arg>
<arg>${expected_ip}</arg>
<arg>${node} Loopback0 should be ${expected_ip}</arg>
<doc>Fails if ``container`` does not contain ``item`` one or more times.</doc>
<status status="PASS" start="2026-06-26T23:23:37.932673" elapsed="0.000372"/>
</kw>
<var name="${node}">leaf2</var>
<var name="${expected_ip}">10.0.12.1/32</var>
<status status="PASS" start="2026-06-26T23:23:37.083853" elapsed="0.849227"/>
</iter>
<iter>
<kw name="Run Show Command" owner="NetlabCommon">
<kw name="Run Show Command" owner="RTL">
<msg time="2026-06-26T23:23:38.750536" level="INFO">${output} = Address
Interface      IP Address             Status     Protocol         MTU   Owner  
-------------- ---------------------- ---------- ------------ --------- -------
Ethernet1      10.2.1.5/31      ...</msg>
<var>${output}</var>
<arg>${node}</arg>
<arg>${command}</arg>
<doc>Keyword alias for netlab_connect_show.</doc>
<status status="PASS" start="2026-06-26T23:23:37.933574" elapsed="0.817018"/>
</kw>
<return>
<value>${output}</value>
<status status="PASS" start="2026-06-26T23:23:38.750682" elapsed="0.000059"/>
</return>
<msg time="2026-06-26T23:23:38.750913" level="INFO">${output} = Address
Interface      IP Address             Status     Protocol         MTU   Owner  
-------------- ---------------------- ---------- ------------ --------- -------
Ethernet1      10.2.1.5/31      ...</msg>
<var>${output}</var>
<arg>${node}</arg>
<arg>ip interface brief</arg>
<doc>Run `netlab connect &lt;node&gt; --show &lt;cmd&gt;` and return output.</doc>
<status status="PASS" start="2026-06-26T23:23:37.933330" elapsed="0.817608"/>
</kw>
<kw name="Should Contain" owner="BuiltIn">
<arg>${output}</arg>
<arg>${expected_ip}</arg>
<arg>${node} Loopback0 should be ${expected_ip}</arg>
<doc>Fails if ``container`` does not contain ``item`` one or more times.</doc>
<status status="PASS" start="2026-06-26T23:23:38.751109" elapsed="0.000552"/>
</kw>
<var name="${node}">leaf3</var>
<var name="${expected_ip}">10.0.13.1/32</var>
<status status="PASS" start="2026-06-26T23:23:37.933182" elapsed="0.818532"/>
</iter>
<var>${node}</var>
<var>${expected_ip}</var>
<value>&amp;{LOOPBACK_IPS}</value>
<status status="PASS" start="2026-06-26T23:23:34.735157" elapsed="4.016617"/>
</for>
<doc>Verify Loopback0 IP matches the IP plan.</doc>
<status status="PASS" start="2026-06-26T23:23:34.734750" elapsed="4.017239"/>
</test>
<test id="s1-t6" name="Loopback0 Should Be Up On All Nodes" line="62">
<for flavor="IN">
<iter>
<kw name="Run Show Command" owner="NetlabCommon">
<kw name="Run Show Command" owner="RTL">
<msg time="2026-06-26T23:23:39.546601" level="INFO">${output} = Address
Interface      IP Address             Status     Protocol         MTU   Owner  
-------------- ---------------------- ---------- ------------ --------- -------
Ethernet1      10.2.1.0/31      ...</msg>
<var>${output}</var>
<arg>${node}</arg>
<arg>${command}</arg>
<doc>Keyword alias for netlab_connect_show.</doc>
<status status="PASS" start="2026-06-26T23:23:38.753189" elapsed="0.793456"/>
</kw>
<return>
<value>${output}</value>
<status status="PASS" start="2026-06-26T23:23:39.546709" elapsed="0.000042"/>
</return>
<msg time="2026-06-26T23:23:39.546885" level="INFO">${output} = Address
Interface      IP Address             Status     Protocol         MTU   Owner  
-------------- ---------------------- ---------- ------------ --------- -------
Ethernet1      10.2.1.0/31      ...</msg>
<var>${output}</var>
<arg>${node}</arg>
<arg>ip interface brief</arg>
<doc>Run `netlab connect &lt;node&gt; --show &lt;cmd&gt;` and return output.</doc>
<status status="PASS" start="2026-06-26T23:23:38.752901" elapsed="0.794007"/>
</kw>
<kw name="Get Regexp Matches" owner="String">
<msg time="2026-06-26T23:23:39.547415" level="INFO">${match} = ['Loopback0      10.0.1.1/32            up         up']</msg>
<var>${match}</var>
<arg>${output}</arg>
<arg>Loopback0.*up.*up</arg>
<doc>Returns a list of all non-overlapping matches in the given string.</doc>
<status status="PASS" start="2026-06-26T23:23:39.547043" elapsed="0.000410"/>
</kw>
<kw name="Length Should Be" owner="BuiltIn">
<msg time="2026-06-26T23:23:39.548145" level="INFO">Length is 1.</msg>
<arg>${match}</arg>
<arg>1</arg>
<arg>${node} Loopback0 should be up</arg>
<doc>Verifies that the length of the given item is correct.</doc>
<status status="PASS" start="2026-06-26T23:23:39.547642" elapsed="0.000565"/>
</kw>
<var name="${node}">spine1</var>
<status status="PASS" start="2026-06-26T23:23:38.752751" elapsed="0.795519"/>
</iter>
<iter>
<kw name="Run Show Command" owner="NetlabCommon">
<kw name="Run Show Command" owner="RTL">
<msg time="2026-06-26T23:23:40.408911" level="INFO">${output} = Address
Interface      IP Address             Status     Protocol         MTU   Owner  
-------------- ---------------------- ---------- ------------ --------- -------
Ethernet1      10.2.2.0/31      ...</msg>
<var>${output}</var>
<arg>${node}</arg>
<arg>${command}</arg>
<doc>Keyword alias for netlab_connect_show.</doc>
<status status="PASS" start="2026-06-26T23:23:39.548894" elapsed="0.860078"/>
</kw>
<return>
<value>${output}</value>
<status status="PASS" start="2026-06-26T23:23:40.409064" elapsed="0.000058"/>
</return>
<msg time="2026-06-26T23:23:40.409320" level="INFO">${output} = Address
Interface      IP Address             Status     Protocol         MTU   Owner  
-------------- ---------------------- ---------- ------------ --------- -------
Ethernet1      10.2.2.0/31      ...</msg>
<var>${output}</var>
<arg>${node}</arg>
<arg>ip interface brief</arg>
<doc>Run `netlab connect &lt;node&gt; --show &lt;cmd&gt;` and return output.</doc>
<status status="PASS" start="2026-06-26T23:23:39.548590" elapsed="0.860759"/>
</kw>
<kw name="Get Regexp Matches" owner="String">
<msg time="2026-06-26T23:23:40.409847" level="INFO">${match} = ['Loopback0      10.0.2.1/32            up         up']</msg>
<var>${match}</var>
<arg>${output}</arg>
<arg>Loopback0.*up.*up</arg>
<doc>Returns a list of all non-overlapping matches in the given string.</doc>
<status status="PASS" start="2026-06-26T23:23:40.409534" elapsed="0.000340"/>
</kw>
<kw name="Length Should Be" owner="BuiltIn">
<msg time="2026-06-26T23:23:40.410473" level="INFO">Length is 1.</msg>
<arg>${match}</arg>
<arg>1</arg>
<arg>${node} Loopback0 should be up</arg>
<doc>Verifies that the length of the given item is correct.</doc>
<status status="PASS" start="2026-06-26T23:23:40.410011" elapsed="0.000511"/>
</kw>
<var name="${node}">spine2</var>
<status status="PASS" start="2026-06-26T23:23:39.548408" elapsed="0.862156"/>
</iter>
<iter>
<kw name="Run Show Command" owner="NetlabCommon">
<kw name="Run Show Command" owner="RTL">
<msg time="2026-06-26T23:23:41.215883" level="INFO">${output} = Address
Interface      IP Address             Status     Protocol         MTU   Owner  
-------------- ---------------------- ---------- ------------ --------- -------
Ethernet1      10.2.1.1/31      ...</msg>
<var>${output}</var>
<arg>${node}</arg>
<arg>${command}</arg>
<doc>Keyword alias for netlab_connect_show.</doc>
<status status="PASS" start="2026-06-26T23:23:40.411433" elapsed="0.804537"/>
</kw>
<return>
<value>${output}</value>
<status status="PASS" start="2026-06-26T23:23:41.216088" elapsed="0.000076"/>
</return>
<msg time="2026-06-26T23:23:41.216430" level="INFO">${output} = Address
Interface      IP Address             Status     Protocol         MTU   Owner  
-------------- ---------------------- ---------- ------------ --------- -------
Ethernet1      10.2.1.1/31      ...</msg>
<var>${output}</var>
<arg>${node}</arg>
<arg>ip interface brief</arg>
<doc>Run `netlab connect &lt;node&gt; --show &lt;cmd&gt;` and return output.</doc>
<status status="PASS" start="2026-06-26T23:23:40.410843" elapsed="0.805623"/>
</kw>
<kw name="Get Regexp Matches" owner="String">
<msg time="2026-06-26T23:23:41.217060" level="INFO">${match} = ['Loopback0      10.0.11.1/32           up         up']</msg>
<var>${match}</var>
<arg>${output}</arg>
<arg>Loopback0.*up.*up</arg>
<doc>Returns a list of all non-overlapping matches in the given string.</doc>
<status status="PASS" start="2026-06-26T23:23:41.216699" elapsed="0.000394"/>
</kw>
<kw name="Length Should Be" owner="BuiltIn">
<msg time="2026-06-26T23:23:41.217784" level="INFO">Length is 1.</msg>
<arg>${match}</arg>
<arg>1</arg>
<arg>${node} Loopback0 should be up</arg>
<doc>Verifies that the length of the given item is correct.</doc>
<status status="PASS" start="2026-06-26T23:23:41.217274" elapsed="0.000572"/>
</kw>
<var name="${node}">leaf1</var>
<status status="PASS" start="2026-06-26T23:23:40.410680" elapsed="0.807215"/>
</iter>
<iter>
<kw name="Run Show Command" owner="NetlabCommon">
<kw name="Run Show Command" owner="RTL">
<msg time="2026-06-26T23:23:42.041134" level="INFO">${output} = Address
Interface      IP Address             Status     Protocol         MTU   Owner  
-------------- ---------------------- ---------- ------------ --------- -------
Ethernet1      10.2.1.3/31      ...</msg>
<var>${output}</var>
<arg>${node}</arg>
<arg>${command}</arg>
<doc>Keyword alias for netlab_connect_show.</doc>
<status status="PASS" start="2026-06-26T23:23:41.218622" elapsed="0.822573"/>
</kw>
<return>
<value>${output}</value>
<status status="PASS" start="2026-06-26T23:23:42.041321" elapsed="0.000060"/>
</return>
<msg time="2026-06-26T23:23:42.041587" level="INFO">${output} = Address
Interface      IP Address             Status     Protocol         MTU   Owner  
-------------- ---------------------- ---------- ------------ --------- -------
Ethernet1      10.2.1.3/31      ...</msg>
<var>${output}</var>
<arg>${node}</arg>
<arg>ip interface brief</arg>
<doc>Run `netlab connect &lt;node&gt; --show &lt;cmd&gt;` and return output.</doc>
<status status="PASS" start="2026-06-26T23:23:41.218244" elapsed="0.823379"/>
</kw>
<kw name="Get Regexp Matches" owner="String">
<msg time="2026-06-26T23:23:42.042136" level="INFO">${match} = ['Loopback0      10.0.12.1/32           up         up']</msg>
<var>${match}</var>
<arg>${output}</arg>
<arg>Loopback0.*up.*up</arg>
<doc>Returns a list of all non-overlapping matches in the given string.</doc>
<status status="PASS" start="2026-06-26T23:23:42.041820" elapsed="0.000353"/>
</kw>
<kw name="Length Should Be" owner="BuiltIn">
<msg time="2026-06-26T23:23:42.042894" level="INFO">Length is 1.</msg>
<arg>${match}</arg>
<arg>1</arg>
<arg>${node} Loopback0 should be up</arg>
<doc>Verifies that the length of the given item is correct.</doc>
<status status="PASS" start="2026-06-26T23:23:42.042357" elapsed="0.000606"/>
</kw>
<var name="${node}">leaf2</var>
<status status="PASS" start="2026-06-26T23:23:41.218036" elapsed="0.825075"/>
</iter>
<iter>
<kw name="Run Show Command" owner="NetlabCommon">
<kw name="Run Show Command" owner="RTL">
<msg time="2026-06-26T23:23:42.933347" level="INFO">${output} = Address
Interface      IP Address             Status     Protocol         MTU   Owner  
-------------- ---------------------- ---------- ------------ --------- -------
Ethernet1      10.2.1.5/31      ...</msg>
<var>${output}</var>
<arg>${node}</arg>
<arg>${command}</arg>
<doc>Keyword alias for netlab_connect_show.</doc>
<status status="PASS" start="2026-06-26T23:23:42.043902" elapsed="0.889498"/>
</kw>
<return>
<value>${output}</value>
<status status="PASS" start="2026-06-26T23:23:42.933482" elapsed="0.000062"/>
</return>
<msg time="2026-06-26T23:23:42.933716" level="INFO">${output} = Address
Interface      IP Address             Status     Protocol         MTU   Owner  
-------------- ---------------------- ---------- ------------ --------- -------
Ethernet1      10.2.1.5/31      ...</msg>
<var>${output}</var>
<arg>${node}</arg>
<arg>ip interface brief</arg>
<doc>Run `netlab connect &lt;node&gt; --show &lt;cmd&gt;` and return output.</doc>
<status status="PASS" start="2026-06-26T23:23:42.043504" elapsed="0.890237"/>
</kw>
<kw name="Get Regexp Matches" owner="String">
<msg time="2026-06-26T23:23:42.934201" level="INFO">${match} = ['Loopback0      10.0.13.1/32           up         up']</msg>
<var>${match}</var>
<arg>${output}</arg>
<arg>Loopback0.*up.*up</arg>
<doc>Returns a list of all non-overlapping matches in the given string.</doc>
<status status="PASS" start="2026-06-26T23:23:42.933923" elapsed="0.000320"/>
</kw>
<kw name="Length Should Be" owner="BuiltIn">
<msg time="2026-06-26T23:23:42.934837" level="INFO">Length is 1.</msg>
<arg>${match}</arg>
<arg>1</arg>
<arg>${node} Loopback0 should be up</arg>
<doc>Verifies that the length of the given item is correct.</doc>
<status status="PASS" start="2026-06-26T23:23:42.934352" elapsed="0.000537"/>
</kw>
<var name="${node}">leaf3</var>
<status status="PASS" start="2026-06-26T23:23:42.043302" elapsed="0.891631"/>
</iter>
<var>${node}</var>
<value>@{ALL_NODES}</value>
<status status="PASS" start="2026-06-26T23:23:38.752594" elapsed="4.182381"/>
</for>
<doc>Verify Loopback0 interface status is up/up.</doc>
<status status="PASS" start="2026-06-26T23:23:38.752304" elapsed="4.182840"/>
</test>
<test id="s1-t7" name="IS-IS Neighbors Should Be UP On Spine1" line="70">
<kw name="Run Show Command" owner="NetlabCommon">
<kw name="Run Show Command" owner="RTL">
<msg time="2026-06-26T23:23:43.794607" level="INFO">${output} = Instance  VRF      System Id        Type Interface          SNPA              State Hold time   Circuit Id          
CORE      default  leaf1            L2   Ethernet1          P2P               UP   ...</msg>
<var>${output}</var>
<arg>${node}</arg>
<arg>${command}</arg>
<doc>Keyword alias for netlab_connect_show.</doc>
<status status="PASS" start="2026-06-26T23:23:42.936084" elapsed="0.858587"/>
</kw>
<return>
<value>${output}</value>
<status status="PASS" start="2026-06-26T23:23:43.794765" elapsed="0.000058"/>
</return>
<msg time="2026-06-26T23:23:43.795023" level="INFO">${output} = Instance  VRF      System Id        Type Interface          SNPA              State Hold time   Circuit Id          
CORE      default  leaf1            L2   Ethernet1          P2P               UP   ...</msg>
<var>${output}</var>
<arg>spine1</arg>
<arg>isis neighbors</arg>
<doc>Run `netlab connect &lt;node&gt; --show &lt;cmd&gt;` and return output.</doc>
<status status="PASS" start="2026-06-26T23:23:42.935819" elapsed="0.859237"/>
</kw>
<kw name="Should Contain" owner="BuiltIn">
<arg>${output}</arg>
<arg>leaf1</arg>
<doc>Fails if ``container`` does not contain ``item`` one or more times.</doc>
<status status="PASS" start="2026-06-26T23:23:43.795325" elapsed="0.000518"/>
</kw>
<kw name="Should Contain" owner="BuiltIn">
<arg>${output}</arg>
<arg>leaf2</arg>
<doc>Fails if ``container`` does not contain ``item`` one or more times.</doc>
<status status="PASS" start="2026-06-26T23:23:43.796050" elapsed="0.000368"/>
</kw>
<kw name="Should Contain" owner="BuiltIn">
<arg>${output}</arg>
<arg>leaf3</arg>
<doc>Fails if ``container`` does not contain ``item`` one or more times.</doc>
<status status="PASS" start="2026-06-26T23:23:43.796597" elapsed="0.000310"/>
</kw>
<kw name="Get Regexp Matches" owner="String">
<msg time="2026-06-26T23:23:43.797416" level="INFO">${up_count} = ['UP', 'UP', 'UP']</msg>
<var>${up_count}</var>
<arg>${output}</arg>
<arg>(?i)\\bUP\\b</arg>
<doc>Returns a list of all non-overlapping matches in the given string.</doc>
<status status="PASS" start="2026-06-26T23:23:43.797077" elapsed="0.000368"/>
</kw>
<kw name="Length Should Be" owner="BuiltIn">
<msg time="2026-06-26T23:23:43.797901" level="INFO">Length is 3.</msg>
<arg>${up_count}</arg>
<arg>3</arg>
<doc>Verifies that the length of the given item is correct.</doc>
<status status="PASS" start="2026-06-26T23:23:43.797599" elapsed="0.000348"/>
</kw>
<doc>spine1 should see leaf1, leaf2, leaf3 as UP neighbors.</doc>
<status status="PASS" start="2026-06-26T23:23:42.935373" elapsed="0.862718"/>
</test>
<test id="s1-t8" name="IS-IS Neighbors Should Be UP On Spine2" line="79">
<kw name="Run Show Command" owner="NetlabCommon">
<kw name="Run Show Command" owner="RTL">
<msg time="2026-06-26T23:23:44.681312" level="INFO">${output} = Instance  VRF      System Id        Type Interface          SNPA              State Hold time   Circuit Id          
CORE      default  leaf1            L2   Ethernet1          P2P               UP   ...</msg>
<var>${output}</var>
<arg>${node}</arg>
<arg>${command}</arg>
<doc>Keyword alias for netlab_connect_show.</doc>
<status status="PASS" start="2026-06-26T23:23:43.799067" elapsed="0.882299"/>
</kw>
<return>
<value>${output}</value>
<status status="PASS" start="2026-06-26T23:23:44.681448" elapsed="0.000053"/>
</return>
<msg time="2026-06-26T23:23:44.681636" level="INFO">${output} = Instance  VRF      System Id        Type Interface          SNPA              State Hold time   Circuit Id          
CORE      default  leaf1            L2   Ethernet1          P2P               UP   ...</msg>
<var>${output}</var>
<arg>spine2</arg>
<arg>isis neighbors</arg>
<doc>Run `netlab connect &lt;node&gt; --show &lt;cmd&gt;` and return output.</doc>
<status status="PASS" start="2026-06-26T23:23:43.798788" elapsed="0.882867"/>
</kw>
<kw name="Should Contain" owner="BuiltIn">
<arg>${output}</arg>
<arg>leaf1</arg>
<doc>Fails if ``container`` does not contain ``item`` one or more times.</doc>
<status status="PASS" start="2026-06-26T23:23:44.681877" elapsed="0.000461"/>
</kw>
<kw name="Should Contain" owner="BuiltIn">
<arg>${output}</arg>
<arg>leaf2</arg>
<doc>Fails if ``container`` does not contain ``item`` one or more times.</doc>
<status status="PASS" start="2026-06-26T23:23:44.682476" elapsed="0.000492"/>
</kw>
<kw name="Should Contain" owner="BuiltIn">
<arg>${output}</arg>
<arg>leaf3</arg>
<doc>Fails if ``container`` does not contain ``item`` one or more times.</doc>
<status status="PASS" start="2026-06-26T23:23:44.683076" elapsed="0.000239"/>
</kw>
<kw name="Get Regexp Matches" owner="String">
<msg time="2026-06-26T23:23:44.683599" level="INFO">${up_count} = ['UP', 'UP', 'UP']</msg>
<var>${up_count}</var>
<arg>${output}</arg>
<arg>(?i)\\bUP\\b</arg>
<doc>Returns a list of all non-overlapping matches in the given string.</doc>
<status status="PASS" start="2026-06-26T23:23:44.683422" elapsed="0.000197"/>
</kw>
<kw name="Length Should Be" owner="BuiltIn">
<msg time="2026-06-26T23:23:44.683916" level="INFO">Length is 3.</msg>
<arg>${up_count}</arg>
<arg>3</arg>
<doc>Verifies that the length of the given item is correct.</doc>
<status status="PASS" start="2026-06-26T23:23:44.683715" elapsed="0.000232"/>
</kw>
<doc>spine2 should see leaf1, leaf2, leaf3 as UP neighbors.</doc>
<status status="PASS" start="2026-06-26T23:23:43.798315" elapsed="0.885732"/>
</test>
<test id="s1-t9" name="IS-IS Neighbors Should Be UP On Leaf1" line="88">
<kw name="Run Show Command" owner="NetlabCommon">
<kw name="Run Show Command" owner="RTL">
<msg time="2026-06-26T23:23:46.197605" level="INFO">${output} = Instance  VRF      System Id        Type Interface          SNPA              State Hold time   Circuit Id          
CORE      default  spine1           L2   Ethernet1          P2P               UP   ...</msg>
<var>${output}</var>
<arg>${node}</arg>
<arg>${command}</arg>
<doc>Keyword alias for netlab_connect_show.</doc>
<status status="PASS" start="2026-06-26T23:23:44.684942" elapsed="1.512710"/>
</kw>
<return>
<value>${output}</value>
<status status="PASS" start="2026-06-26T23:23:46.197724" elapsed="0.000050"/>
</return>
<msg time="2026-06-26T23:23:46.197917" level="INFO">${output} = Instance  VRF      System Id        Type Interface          SNPA              State Hold time   Circuit Id          
CORE      default  spine1           L2   Ethernet1          P2P               UP   ...</msg>
<var>${output}</var>
<arg>leaf1</arg>
<arg>isis neighbors</arg>
<doc>Run `netlab connect &lt;node&gt; --show &lt;cmd&gt;` and return output.</doc>
<status status="PASS" start="2026-06-26T23:23:44.684698" elapsed="1.513242"/>
</kw>
<kw name="Should Contain" owner="BuiltIn">
<arg>${output}</arg>
<arg>spine1</arg>
<doc>Fails if ``container`` does not contain ``item`` one or more times.</doc>
<status status="PASS" start="2026-06-26T23:23:46.198164" elapsed="0.000534"/>
</kw>
<kw name="Should Contain" owner="BuiltIn">
<arg>${output}</arg>
<arg>spine2</arg>
<doc>Fails if ``container`` does not contain ``item`` one or more times.</doc>
<status status="PASS" start="2026-06-26T23:23:46.198912" elapsed="0.000403"/>
</kw>
<kw name="Get Regexp Matches" owner="String">
<msg time="2026-06-26T23:23:46.199822" level="INFO">${up_count} = ['UP', 'UP']</msg>
<var>${up_count}</var>
<arg>${output}</arg>
<arg>(?i)\\bUP\\b</arg>
<doc>Returns a list of all non-overlapping matches in the given string.</doc>
<status status="PASS" start="2026-06-26T23:23:46.199525" elapsed="0.000330"/>
</kw>
<kw name="Length Should Be" owner="BuiltIn">
<msg time="2026-06-26T23:23:46.200408" level="INFO">Length is 2.</msg>
<arg>${up_count}</arg>
<arg>2</arg>
<doc>Verifies that the length of the given item is correct.</doc>
<status status="PASS" start="2026-06-26T23:23:46.200038" elapsed="0.000434"/>
</kw>
<doc>leaf1 should see spine1 and spine2 as UP neighbors.</doc>
<status status="PASS" start="2026-06-26T23:23:44.684240" elapsed="1.516406"/>
</test>
<test id="s1-t10" name="IS-IS Neighbors Should Be UP On Leaf2" line="96">
<kw name="Run Show Command" owner="NetlabCommon">
<kw name="Run Show Command" owner="RTL">
<msg time="2026-06-26T23:23:47.004065" level="INFO">${output} = Instance  VRF      System Id        Type Interface          SNPA              State Hold time   Circuit Id          
CORE      default  spine1           L2   Ethernet1          P2P               UP   ...</msg>
<var>${output}</var>
<arg>${node}</arg>
<arg>${command}</arg>
<doc>Keyword alias for netlab_connect_show.</doc>
<status status="PASS" start="2026-06-26T23:23:46.201627" elapsed="0.802485"/>
</kw>
<return>
<value>${output}</value>
<status status="PASS" start="2026-06-26T23:23:47.004184" elapsed="0.000063"/>
</return>
<msg time="2026-06-26T23:23:47.004419" level="INFO">${output} = Instance  VRF      System Id        Type Interface          SNPA              State Hold time   Circuit Id          
CORE      default  spine1           L2   Ethernet1          P2P               UP   ...</msg>
<var>${output}</var>
<arg>leaf2</arg>
<arg>isis neighbors</arg>
<doc>Run `netlab connect &lt;node&gt; --show &lt;cmd&gt;` and return output.</doc>
<status status="PASS" start="2026-06-26T23:23:46.201309" elapsed="0.803134"/>
</kw>
<kw name="Should Contain" owner="BuiltIn">
<arg>${output}</arg>
<arg>spine1</arg>
<doc>Fails if ``container`` does not contain ``item`` one or more times.</doc>
<status status="PASS" start="2026-06-26T23:23:47.004628" elapsed="0.000352"/>
</kw>
<kw name="Should Contain" owner="BuiltIn">
<arg>${output}</arg>
<arg>spine2</arg>
<doc>Fails if ``container`` does not contain ``item`` one or more times.</doc>
<status status="PASS" start="2026-06-26T23:23:47.005128" elapsed="0.000315"/>
</kw>
<kw name="Get Regexp Matches" owner="String">
<msg time="2026-06-26T23:23:47.005781" level="INFO">${up_count} = ['UP', 'UP']</msg>
<var>${up_count}</var>
<arg>${output}</arg>
<arg>(?i)\\bUP\\b</arg>
<doc>Returns a list of all non-overlapping matches in the given string.</doc>
<status status="PASS" start="2026-06-26T23:23:47.005581" elapsed="0.000221"/>
</kw>
<kw name="Length Should Be" owner="BuiltIn">
<msg time="2026-06-26T23:23:47.006155" level="INFO">Length is 2.</msg>
<arg>${up_count}</arg>
<arg>2</arg>
<doc>Verifies that the length of the given item is correct.</doc>
<status status="PASS" start="2026-06-26T23:23:47.005923" elapsed="0.000268"/>
</kw>
<doc>leaf2 should see spine1 and spine2 as UP neighbors.</doc>
<status status="PASS" start="2026-06-26T23:23:46.200899" elapsed="0.805455"/>
</test>
<test id="s1-t11" name="IS-IS Neighbors Should Be UP On Leaf3" line="104">
<kw name="Run Show Command" owner="NetlabCommon">
<kw name="Run Show Command" owner="RTL">
<msg time="2026-06-26T23:23:47.806528" level="INFO">${output} = Instance  VRF      System Id        Type Interface          SNPA              State Hold time   Circuit Id          
CORE      default  spine1           L2   Ethernet1          P2P               UP   ...</msg>
<var>${output}</var>
<arg>${node}</arg>
<arg>${command}</arg>
<doc>Keyword alias for netlab_connect_show.</doc>
<status status="PASS" start="2026-06-26T23:23:47.007322" elapsed="0.799253"/>
</kw>
<return>
<value>${output}</value>
<status status="PASS" start="2026-06-26T23:23:47.806654" elapsed="0.000052"/>
</return>
<msg time="2026-06-26T23:23:47.806868" level="INFO">${output} = Instance  VRF      System Id        Type Interface          SNPA              State Hold time   Circuit Id          
CORE      default  spine1           L2   Ethernet1          P2P               UP   ...</msg>
<var>${output}</var>
<arg>leaf3</arg>
<arg>isis neighbors</arg>
<doc>Run `netlab connect &lt;node&gt; --show &lt;cmd&gt;` and return output.</doc>
<status status="PASS" start="2026-06-26T23:23:47.007088" elapsed="0.799806"/>
</kw>
<kw name="Should Contain" owner="BuiltIn">
<arg>${output}</arg>
<arg>spine1</arg>
<doc>Fails if ``container`` does not contain ``item`` one or more times.</doc>
<status status="PASS" start="2026-06-26T23:23:47.807144" elapsed="0.000499"/>
</kw>
<kw name="Should Contain" owner="BuiltIn">
<arg>${output}</arg>
<arg>spine2</arg>
<doc>Fails if ``container`` does not contain ``item`` one or more times.</doc>
<status status="PASS" start="2026-06-26T23:23:47.807874" elapsed="0.000423"/>
</kw>
<kw name="Get Regexp Matches" owner="String">
<msg time="2026-06-26T23:23:47.808766" level="INFO">${up_count} = ['UP', 'UP']</msg>
<var>${up_count}</var>
<arg>${output}</arg>
<arg>(?i)\\bUP\\b</arg>
<doc>Returns a list of all non-overlapping matches in the given string.</doc>
<status status="PASS" start="2026-06-26T23:23:47.808501" elapsed="0.000304"/>
</kw>
<kw name="Length Should Be" owner="BuiltIn">
<msg time="2026-06-26T23:23:47.809419" level="INFO">Length is 2.</msg>
<arg>${up_count}</arg>
<arg>2</arg>
<doc>Verifies that the length of the given item is correct.</doc>
<status status="PASS" start="2026-06-26T23:23:47.809006" elapsed="0.000469"/>
</kw>
<doc>leaf3 should see spine1 and spine2 as UP neighbors.</doc>
<status status="PASS" start="2026-06-26T23:23:47.006604" elapsed="0.803044"/>
</test>
<test id="s1-t12" name="IS-IS Process Should Be Named CORE On All Nodes" line="112">
<for flavor="IN">
<iter>
<kw name="Run Show Command" owner="NetlabCommon">
<kw name="Run Show Command" owner="RTL">
<msg time="2026-06-26T23:23:48.523593" level="INFO">${output} = Instance  VRF      System Id        Type Interface          SNPA              State Hold time   Circuit Id          
CORE      default  leaf1            L2   Ethernet1          P2P               UP   ...</msg>
<var>${output}</var>
<arg>${node}</arg>
<arg>${command}</arg>
<doc>Keyword alias for netlab_connect_show.</doc>
<status status="PASS" start="2026-06-26T23:23:47.810971" elapsed="0.712669"/>
</kw>
<return>
<value>${output}</value>
<status status="PASS" start="2026-06-26T23:23:48.523781" elapsed="0.000053"/>
</return>
<msg time="2026-06-26T23:23:48.524000" level="INFO">${output} = Instance  VRF      System Id        Type Interface          SNPA              State Hold time   Circuit Id          
CORE      default  leaf1            L2   Ethernet1          P2P               UP   ...</msg>
<var>${output}</var>
<arg>${node}</arg>
<arg>isis neighbors</arg>
<doc>Run `netlab connect &lt;node&gt; --show &lt;cmd&gt;` and return output.</doc>
<status status="PASS" start="2026-06-26T23:23:47.810702" elapsed="0.713325"/>
</kw>
<kw name="Should Contain" owner="BuiltIn">
<arg>${output}</arg>
<arg>CORE</arg>
<arg>${node} IS-IS instance should be CORE</arg>
<doc>Fails if ``container`` does not contain ``item`` one or more times.</doc>
<status status="PASS" start="2026-06-26T23:23:48.524174" elapsed="0.000435"/>
</kw>
<var name="${node}">spine1</var>
<status status="PASS" start="2026-06-26T23:23:47.810494" elapsed="0.714152"/>
</iter>
<iter>
<kw name="Run Show Command" owner="NetlabCommon">
<kw name="Run Show Command" owner="RTL">
<msg time="2026-06-26T23:23:49.253198" level="INFO">${output} = Instance  VRF      System Id        Type Interface          SNPA              State Hold time   Circuit Id          
CORE      default  leaf1            L2   Ethernet1          P2P               UP   ...</msg>
<var>${output}</var>
<arg>${node}</arg>
<arg>${command}</arg>
<doc>Keyword alias for netlab_connect_show.</doc>
<status status="PASS" start="2026-06-26T23:23:48.525103" elapsed="0.728162"/>
</kw>
<return>
<value>${output}</value>
<status status="PASS" start="2026-06-26T23:23:49.253344" elapsed="0.000051"/>
</return>
<msg time="2026-06-26T23:23:49.253546" level="INFO">${output} = Instance  VRF      System Id        Type Interface          SNPA              State Hold time   Circuit Id          
CORE      default  leaf1            L2   Ethernet1          P2P               UP   ...</msg>
<var>${output}</var>
<arg>${node}</arg>
<arg>isis neighbors</arg>
<doc>Run `netlab connect &lt;node&gt; --show &lt;cmd&gt;` and return output.</doc>
<status status="PASS" start="2026-06-26T23:23:48.524864" elapsed="0.728708"/>
</kw>
<kw name="Should Contain" owner="BuiltIn">
<arg>${output}</arg>
<arg>CORE</arg>
<arg>${node} IS-IS instance should be CORE</arg>
<doc>Fails if ``container`` does not contain ``item`` one or more times.</doc>
<status status="PASS" start="2026-06-26T23:23:49.253723" elapsed="0.000421"/>
</kw>
<var name="${node}">spine2</var>
<status status="PASS" start="2026-06-26T23:23:48.524738" elapsed="0.729451"/>
</iter>
<iter>
<kw name="Run Show Command" owner="NetlabCommon">
<kw name="Run Show Command" owner="RTL">
<msg time="2026-06-26T23:23:50.022247" level="INFO">${output} = Instance  VRF      System Id        Type Interface          SNPA              State Hold time   Circuit Id          
CORE      default  spine1           L2   Ethernet1          P2P               UP   ...</msg>
<var>${output}</var>
<arg>${node}</arg>
<arg>${command}</arg>
<doc>Keyword alias for netlab_connect_show.</doc>
<status status="PASS" start="2026-06-26T23:23:49.254735" elapsed="0.767566"/>
</kw>
<return>
<value>${output}</value>
<status status="PASS" start="2026-06-26T23:23:50.022369" elapsed="0.000042"/>
</return>
<msg time="2026-06-26T23:23:50.022545" level="INFO">${output} = Instance  VRF      System Id        Type Interface          SNPA              State Hold time   Circuit Id          
CORE      default  spine1           L2   Ethernet1          P2P               UP   ...</msg>
<var>${output}</var>
<arg>${node}</arg>
<arg>isis neighbors</arg>
<doc>Run `netlab connect &lt;node&gt; --show &lt;cmd&gt;` and return output.</doc>
<status status="PASS" start="2026-06-26T23:23:49.254449" elapsed="0.768117"/>
</kw>
<kw name="Should Contain" owner="BuiltIn">
<arg>${output}</arg>
<arg>CORE</arg>
<arg>${node} IS-IS instance should be CORE</arg>
<doc>Fails if ``container`` does not contain ``item`` one or more times.</doc>
<status status="PASS" start="2026-06-26T23:23:50.022693" elapsed="0.000427"/>
</kw>
<var name="${node}">leaf1</var>
<status status="PASS" start="2026-06-26T23:23:49.254305" elapsed="0.768856"/>
</iter>
<iter>
<kw name="Run Show Command" owner="NetlabCommon">
<kw name="Run Show Command" owner="RTL">
<msg time="2026-06-26T23:23:50.761186" level="INFO">${output} = Instance  VRF      System Id        Type Interface          SNPA              State Hold time   Circuit Id          
CORE      default  spine1           L2   Ethernet1          P2P               UP   ...</msg>
<var>${output}</var>
<arg>${node}</arg>
<arg>${command}</arg>
<doc>Keyword alias for netlab_connect_show.</doc>
<status status="PASS" start="2026-06-26T23:23:50.023706" elapsed="0.737553"/>
</kw>
<return>
<value>${output}</value>
<status status="PASS" start="2026-06-26T23:23:50.761348" elapsed="0.000053"/>
</return>
<msg time="2026-06-26T23:23:50.761573" level="INFO">${output} = Instance  VRF      System Id        Type Interface          SNPA              State Hold time   Circuit Id          
CORE      default  spine1           L2   Ethernet1          P2P               UP   ...</msg>
<var>${output}</var>
<arg>${node}</arg>
<arg>isis neighbors</arg>
<doc>Run `netlab connect &lt;node&gt; --show &lt;cmd&gt;` and return output.</doc>
<status status="PASS" start="2026-06-26T23:23:50.023448" elapsed="0.738154"/>
</kw>
<kw name="Should Contain" owner="BuiltIn">
<arg>${output}</arg>
<arg>CORE</arg>
<arg>${node} IS-IS instance should be CORE</arg>
<doc>Fails if ``container`` does not contain ``item`` one or more times.</doc>
<status status="PASS" start="2026-06-26T23:23:50.761768" elapsed="0.000466"/>
</kw>
<var name="${node}">leaf2</var>
<status status="PASS" start="2026-06-26T23:23:50.023286" elapsed="0.738995"/>
</iter>
<iter>
<kw name="Run Show Command" owner="NetlabCommon">
<kw name="Run Show Command" owner="RTL">
<msg time="2026-06-26T23:23:51.473940" level="INFO">${output} = Instance  VRF      System Id        Type Interface          SNPA              State Hold time   Circuit Id          
CORE      default  spine1           L2   Ethernet1          P2P               UP   ...</msg>
<var>${output}</var>
<arg>${node}</arg>
<arg>${command}</arg>
<doc>Keyword alias for netlab_connect_show.</doc>
<status status="PASS" start="2026-06-26T23:23:50.762842" elapsed="0.711149"/>
</kw>
<return>
<value>${output}</value>
<status status="PASS" start="2026-06-26T23:23:51.474068" elapsed="0.000050"/>
</return>
<msg time="2026-06-26T23:23:51.474284" level="INFO">${output} = Instance  VRF      System Id        Type Interface          SNPA              State Hold time   Circuit Id          
CORE      default  spine1           L2   Ethernet1          P2P               UP   ...</msg>
<var>${output}</var>
<arg>${node}</arg>
<arg>isis neighbors</arg>
<doc>Run `netlab connect &lt;node&gt; --show &lt;cmd&gt;` and return output.</doc>
<status status="PASS" start="2026-06-26T23:23:50.762542" elapsed="0.711769"/>
</kw>
<kw name="Should Contain" owner="BuiltIn">
<arg>${output}</arg>
<arg>CORE</arg>
<arg>${node} IS-IS instance should be CORE</arg>
<doc>Fails if ``container`` does not contain ``item`` one or more times.</doc>
<status status="PASS" start="2026-06-26T23:23:51.474472" elapsed="0.000427"/>
</kw>
<var name="${node}">leaf3</var>
<status status="PASS" start="2026-06-26T23:23:50.762394" elapsed="0.712549"/>
</iter>
<var>${node}</var>
<value>@{ALL_NODES}</value>
<status status="PASS" start="2026-06-26T23:23:47.810288" elapsed="3.664691"/>
</for>
<doc>Verify IS-IS instance name is CORE.</doc>
<status status="PASS" start="2026-06-26T23:23:47.809879" elapsed="3.665249"/>
</test>
<test id="s1-t13" name="IS-IS Should Distribute Routes On Spine1" line="119">
<kw name="Run Show Command" owner="NetlabCommon">
<kw name="Run Show Command" owner="RTL">
<msg time="2026-06-26T23:23:52.224661" level="INFO">${output} = VRF: default
Source Codes:
       C - connected, S - static, K - kernel,
       O - OSPF, O IA - OSPF inter area, O E1 - OSPF external type 1,
       O E2 - OSPF external type 2, O N1 - OSPF NSSA exte...</msg>
<var>${output}</var>
<arg>${node}</arg>
<arg>${command}</arg>
<doc>Keyword alias for netlab_connect_show.</doc>
<status status="PASS" start="2026-06-26T23:23:51.476055" elapsed="0.748751"/>
</kw>
<return>
<value>${output}</value>
<status status="PASS" start="2026-06-26T23:23:52.224907" elapsed="0.000064"/>
</return>
<msg time="2026-06-26T23:23:52.225172" level="INFO">${output} = VRF: default
Source Codes:
       C - connected, S - static, K - kernel,
       O - OSPF, O IA - OSPF inter area, O E1 - OSPF external type 1,
       O E2 - OSPF external type 2, O N1 - OSPF NSSA exte...</msg>
<var>${output}</var>
<arg>spine1</arg>
<arg>ip route isis</arg>
<doc>Run `netlab connect &lt;node&gt; --show &lt;cmd&gt;` and return output.</doc>
<status status="PASS" start="2026-06-26T23:23:51.475789" elapsed="0.749414"/>
</kw>
<kw name="Should Contain" owner="BuiltIn">
<arg>${output}</arg>
<arg>10.0.2.1/32</arg>
<arg>spine1 should have route to spine2</arg>
<doc>Fails if ``container`` does not contain ``item`` one or more times.</doc>
<status status="PASS" start="2026-06-26T23:23:52.225451" elapsed="0.000456"/>
</kw>
<kw name="Should Contain" owner="BuiltIn">
<arg>${output}</arg>
<arg>10.0.11.1/32</arg>
<arg>spine1 should have route to leaf1</arg>
<doc>Fails if ``container`` does not contain ``item`` one or more times.</doc>
<status status="PASS" start="2026-06-26T23:23:52.226089" elapsed="0.000346"/>
</kw>
<kw name="Should Contain" owner="BuiltIn">
<arg>${output}</arg>
<arg>10.0.12.1/32</arg>
<arg>spine1 should have route to leaf2</arg>
<doc>Fails if ``container`` does not contain ``item`` one or more times.</doc>
<status status="PASS" start="2026-06-26T23:23:52.226599" elapsed="0.000319"/>
</kw>
<kw name="Should Contain" owner="BuiltIn">
<arg>${output}</arg>
<arg>10.0.13.1/32</arg>
<arg>spine1 should have route to leaf3</arg>
<doc>Fails if ``container`` does not contain ``item`` one or more times.</doc>
<status status="PASS" start="2026-06-26T23:23:52.227075" elapsed="0.000321"/>
</kw>
<kw name="Should Contain" owner="BuiltIn">
<arg>${output}</arg>
<arg>10.2.2.0/31</arg>
<arg>spine1 should have route to spine2-leaf1</arg>
<doc>Fails if ``container`` does not contain ``item`` one or more times.</doc>
<status status="PASS" start="2026-06-26T23:23:52.227548" elapsed="0.000293"/>
</kw>
<kw name="Should Contain" owner="BuiltIn">
<arg>${output}</arg>
<arg>10.2.2.2/31</arg>
<arg>spine1 should have route to spine2-leaf2</arg>
<doc>Fails if ``container`` does not contain ``item`` one or more times.</doc>
<status status="PASS" start="2026-06-26T23:23:52.227978" elapsed="0.000286"/>
</kw>
<kw name="Should Contain" owner="BuiltIn">
<arg>${output}</arg>
<arg>10.2.2.4/31</arg>
<arg>spine1 should have route to spine2-leaf3</arg>
<doc>Fails if ``container`` does not contain ``item`` one or more times.</doc>
<status status="PASS" start="2026-06-26T23:23:52.228377" elapsed="0.000431"/>
</kw>
<doc>spine1 should have IS-IS routes to spine2 and all leaf loopbacks.</doc>
<status status="PASS" start="2026-06-26T23:23:51.475337" elapsed="0.753581"/>
</test>
<test id="s1-t14" name="IS-IS Should Distribute Routes On Leaf1" line="131">
<kw name="Run Show Command" owner="NetlabCommon">
<kw name="Run Show Command" owner="RTL">
<msg time="2026-06-26T23:23:52.952344" level="INFO">${output} = VRF: default
Source Codes:
       C - connected, S - static, K - kernel,
       O - OSPF, O IA - OSPF inter area, O E1 - OSPF external type 1,
       O E2 - OSPF external type 2, O N1 - OSPF NSSA exte...</msg>
<var>${output}</var>
<arg>${node}</arg>
<arg>${command}</arg>
<doc>Keyword alias for netlab_connect_show.</doc>
<status status="PASS" start="2026-06-26T23:23:52.229735" elapsed="0.722700"/>
</kw>
<return>
<value>${output}</value>
<status status="PASS" start="2026-06-26T23:23:52.952545" elapsed="0.000063"/>
</return>
<msg time="2026-06-26T23:23:52.952833" level="INFO">${output} = VRF: default
Source Codes:
       C - connected, S - static, K - kernel,
       O - OSPF, O IA - OSPF inter area, O E1 - OSPF external type 1,
       O E2 - OSPF external type 2, O N1 - OSPF NSSA exte...</msg>
<var>${output}</var>
<arg>leaf1</arg>
<arg>ip route isis</arg>
<doc>Run `netlab connect &lt;node&gt; --show &lt;cmd&gt;` and return output.</doc>
<status status="PASS" start="2026-06-26T23:23:52.229448" elapsed="0.723416"/>
</kw>
<kw name="Should Contain" owner="BuiltIn">
<arg>${output}</arg>
<arg>10.0.1.1/32</arg>
<arg>leaf1 should have route to spine1</arg>
<doc>Fails if ``container`` does not contain ``item`` one or more times.</doc>
<status status="PASS" start="2026-06-26T23:23:52.953088" elapsed="0.000392"/>
</kw>
<kw name="Should Contain" owner="BuiltIn">
<arg>${output}</arg>
<arg>10.0.2.1/32</arg>
<arg>leaf1 should have route to spine2</arg>
<doc>Fails if ``container`` does not contain ``item`` one or more times.</doc>
<status status="PASS" start="2026-06-26T23:23:52.953629" elapsed="0.000280"/>
</kw>
<kw name="Should Contain" owner="BuiltIn">
<arg>${output}</arg>
<arg>10.0.12.1/32</arg>
<arg>leaf1 should have route to leaf2</arg>
<doc>Fails if ``container`` does not contain ``item`` one or more times.</doc>
<status status="PASS" start="2026-06-26T23:23:52.954037" elapsed="0.000266"/>
</kw>
<kw name="Should Contain" owner="BuiltIn">
<arg>${output}</arg>
<arg>10.0.13.1/32</arg>
<arg>leaf1 should have route to leaf3</arg>
<doc>Fails if ``container`` does not contain ``item`` one or more times.</doc>
<status status="PASS" start="2026-06-26T23:23:52.954418" elapsed="0.000223"/>
</kw>
<doc>leaf1 should have routes to spines and other leaves.</doc>
<status status="PASS" start="2026-06-26T23:23:52.229078" elapsed="0.725670"/>
</test>
<test id="s1-t15" name="IS-IS Should Distribute Routes On Leaf3" line="139">
<kw name="Run Show Command" owner="NetlabCommon">
<kw name="Run Show Command" owner="RTL">
<msg time="2026-06-26T23:23:53.660659" level="INFO">${output} = VRF: default
Source Codes:
       C - connected, S - static, K - kernel,
       O - OSPF, O IA - OSPF inter area, O E1 - OSPF external type 1,
       O E2 - OSPF external type 2, O N1 - OSPF NSSA exte...</msg>
<var>${output}</var>
<arg>${node}</arg>
<arg>${command}</arg>
<doc>Keyword alias for netlab_connect_show.</doc>
<status status="PASS" start="2026-06-26T23:23:52.955598" elapsed="0.705144"/>
</kw>
<return>
<value>${output}</value>
<status status="PASS" start="2026-06-26T23:23:53.660876" elapsed="0.000081"/>
</return>
<msg time="2026-06-26T23:23:53.661204" level="INFO">${output} = VRF: default
Source Codes:
       C - connected, S - static, K - kernel,
       O - OSPF, O IA - OSPF inter area, O E1 - OSPF external type 1,
       O E2 - OSPF external type 2, O N1 - OSPF NSSA exte...</msg>
<var>${output}</var>
<arg>leaf3</arg>
<arg>ip route isis</arg>
<doc>Run `netlab connect &lt;node&gt; --show &lt;cmd&gt;` and return output.</doc>
<status status="PASS" start="2026-06-26T23:23:52.955372" elapsed="0.705896"/>
</kw>
<kw name="Should Contain" owner="BuiltIn">
<arg>${output}</arg>
<arg>10.0.1.1/32</arg>
<arg>leaf3 should have route to spine1</arg>
<doc>Fails if ``container`` does not contain ``item`` one or more times.</doc>
<status status="PASS" start="2026-06-26T23:23:53.661617" elapsed="0.000458"/>
</kw>
<kw name="Should Contain" owner="BuiltIn">
<arg>${output}</arg>
<arg>10.0.2.1/32</arg>
<arg>leaf3 should have route to spine2</arg>
<doc>Fails if ``container`` does not contain ``item`` one or more times.</doc>
<status status="PASS" start="2026-06-26T23:23:53.662327" elapsed="0.000325"/>
</kw>
<kw name="Should Contain" owner="BuiltIn">
<arg>${output}</arg>
<arg>10.0.11.1/32</arg>
<arg>leaf3 should have route to leaf1</arg>
<doc>Fails if ``container`` does not contain ``item`` one or more times.</doc>
<status status="PASS" start="2026-06-26T23:23:53.662792" elapsed="0.000261"/>
</kw>
<kw name="Should Contain" owner="BuiltIn">
<arg>${output}</arg>
<arg>10.0.12.1/32</arg>
<arg>leaf3 should have route to leaf2</arg>
<doc>Fails if ``container`` does not contain ``item`` one or more times.</doc>
<status status="PASS" start="2026-06-26T23:23:53.663175" elapsed="0.000262"/>
</kw>
<doc>leaf3 should have routes to spines and other leaves.</doc>
<status status="PASS" start="2026-06-26T23:23:52.954897" elapsed="0.708655"/>
</test>
<test id="s1-t16" name="BFD Sessions Should Be Up On Spine1" line="147">
<kw name="Run Show Command" owner="NetlabCommon">
<kw name="Run Show Command" owner="RTL">
<msg time="2026-06-26T23:23:54.373360" level="INFO">${output} = VRF name: default
-----------------
DstAddr       MyDisc    YourDisc  Interface/Transport    Type           LastUp 
--------- ----------- ----------- -------------------- ------- ----------------
10.2...</msg>
<var>${output}</var>
<arg>${node}</arg>
<arg>${command}</arg>
<doc>Keyword alias for netlab_connect_show.</doc>
<status status="PASS" start="2026-06-26T23:23:53.664418" elapsed="0.708980"/>
</kw>
<return>
<value>${output}</value>
<status status="PASS" start="2026-06-26T23:23:54.373458" elapsed="0.000038"/>
</return>
<msg time="2026-06-26T23:23:54.373612" level="INFO">${output} = VRF name: default
-----------------
DstAddr       MyDisc    YourDisc  Interface/Transport    Type           LastUp 
--------- ----------- ----------- -------------------- ------- ----------------
10.2...</msg>
<var>${output}</var>
<arg>spine1</arg>
<arg>bfd peers</arg>
<doc>Run `netlab connect &lt;node&gt; --show &lt;cmd&gt;` and return output.</doc>
<status status="PASS" start="2026-06-26T23:23:53.664179" elapsed="0.709451"/>
</kw>
<kw name="Should Contain" owner="BuiltIn">
<arg>${output}</arg>
<arg>10.2.1.1</arg>
<arg>BFD to leaf1</arg>
<doc>Fails if ``container`` does not contain ``item`` one or more times.</doc>
<status status="PASS" start="2026-06-26T23:23:54.373791" elapsed="0.000305"/>
</kw>
<kw name="Should Contain" owner="BuiltIn">
<arg>${output}</arg>
<arg>10.2.1.3</arg>
<arg>BFD to leaf2</arg>
<doc>Fails if ``container`` does not contain ``item`` one or more times.</doc>
<status status="PASS" start="2026-06-26T23:23:54.374202" elapsed="0.000224"/>
</kw>
<kw name="Should Contain" owner="BuiltIn">
<arg>${output}</arg>
<arg>10.2.1.5</arg>
<arg>BFD to leaf3</arg>
<doc>Fails if ``container`` does not contain ``item`` one or more times.</doc>
<status status="PASS" start="2026-06-26T23:23:54.374550" elapsed="0.000313"/>
</kw>
<kw name="Get Regexp Matches" owner="String">
<msg time="2026-06-26T23:23:54.375257" level="INFO">${up_count} = ['Up', 'Up', 'Up']</msg>
<var>${up_count}</var>
<arg>${output}</arg>
<arg>(?m)\\bUp\\s*$</arg>
<doc>Returns a list of all non-overlapping matches in the given string.</doc>
<status status="PASS" start="2026-06-26T23:23:54.374997" elapsed="0.000280"/>
</kw>
<kw name="Length Should Be" owner="BuiltIn">
<msg time="2026-06-26T23:23:54.375573" level="INFO">Length is 3.</msg>
<arg>${up_count}</arg>
<arg>3</arg>
<doc>Verifies that the length of the given item is correct.</doc>
<status status="PASS" start="2026-06-26T23:23:54.375376" elapsed="0.000229"/>
</kw>
<doc>spine1 should have 3 BFD sessions to leaves.</doc>
<status status="PASS" start="2026-06-26T23:23:53.663784" elapsed="0.711917"/>
</test>
<test id="s1-t17" name="BFD Sessions Should Be Up On Leaf1" line="157">
<kw name="Run Show Command" owner="NetlabCommon">
<kw name="Run Show Command" owner="RTL">
<msg time="2026-06-26T23:23:55.077505" level="INFO">${output} = VRF name: default
-----------------
DstAddr       MyDisc    YourDisc  Interface/Transport    Type           LastUp 
--------- ----------- ----------- -------------------- ------- ----------------
10.2...</msg>
<var>${output}</var>
<arg>${node}</arg>
<arg>${command}</arg>
<doc>Keyword alias for netlab_connect_show.</doc>
<status status="PASS" start="2026-06-26T23:23:54.376332" elapsed="0.701232"/>
</kw>
<return>
<value>${output}</value>
<status status="PASS" start="2026-06-26T23:23:55.077649" elapsed="0.000054"/>
</return>
<msg time="2026-06-26T23:23:55.077879" level="INFO">${output} = VRF name: default
-----------------
DstAddr       MyDisc    YourDisc  Interface/Transport    Type           LastUp 
--------- ----------- ----------- -------------------- ------- ----------------
10.2...</msg>
<var>${output}</var>
<arg>leaf1</arg>
<arg>bfd peers</arg>
<doc>Run `netlab connect &lt;node&gt; --show &lt;cmd&gt;` and return output.</doc>
<status status="PASS" start="2026-06-26T23:23:54.376128" elapsed="0.701778"/>
</kw>
<kw name="Should Contain" owner="BuiltIn">
<arg>${output}</arg>
<arg>10.2.1.0</arg>
<arg>BFD to spine1</arg>
<doc>Fails if ``container`` does not contain ``item`` one or more times.</doc>
<status status="PASS" start="2026-06-26T23:23:55.078136" elapsed="0.000460"/>
</kw>
<kw name="Should Contain" owner="BuiltIn">
<arg>${output}</arg>
<arg>10.2.2.0</arg>
<arg>BFD to spine2</arg>
<doc>Fails if ``container`` does not contain ``item`` one or more times.</doc>
<status status="PASS" start="2026-06-26T23:23:55.078765" elapsed="0.000601"/>
</kw>
<kw name="Get Regexp Matches" owner="String">
<msg time="2026-06-26T23:23:55.079763" level="INFO">${up_count} = ['Up', 'Up']</msg>
<var>${up_count}</var>
<arg>${output}</arg>
<arg>(?m)\\bUp\\s*$</arg>
<doc>Returns a list of all non-overlapping matches in the given string.</doc>
<status status="PASS" start="2026-06-26T23:23:55.079529" elapsed="0.000259"/>
</kw>
<kw name="Length Should Be" owner="BuiltIn">
<msg time="2026-06-26T23:23:55.080197" level="INFO">Length is 2.</msg>
<arg>${up_count}</arg>
<arg>2</arg>
<doc>Verifies that the length of the given item is correct.</doc>
<status status="PASS" start="2026-06-26T23:23:55.079927" elapsed="0.000331"/>
</kw>
<doc>leaf1 should have 2 BFD sessions to spines.</doc>
<status status="PASS" start="2026-06-26T23:23:54.375840" elapsed="0.704545"/>
</test>
<test id="s1-t18" name="BFD Sessions Should Be Up On Spine2" line="165">
<kw name="Run Show Command" owner="NetlabCommon">
<kw name="Run Show Command" owner="RTL">
<msg time="2026-06-26T23:23:55.788401" level="INFO">${output} = VRF name: default
-----------------
[...]
10.2...</msg>
<var>${output}</var>
<arg>${node}</arg>
<arg>${command}</arg>
<doc>Keyword alias for netlab_connect_show.</doc>
<status status="PASS" start="2026-06-26T23:23:55.081197" elapsed="0.707252"/>
</kw>
<return>
<value>${output}</value>
<status status="PASS" start="2026-06-26T23:23:55.788519" elapsed="0.000047"/>
</return>
<msg time="2026-06-26T23:23:55.788815" level="INFO">${output} = VRF name: default
-----------------
DstAddr       MyDisc    YourDisc  Interface/Transport    Type           LastUp 
--------- ----------- ----------- -------------------- ------- ----------------
10.2...</msg>
<var>${output}</var>
<arg>spine2</arg>
<arg>bfd peers</arg>
<doc>Run `netlab connect &lt;node&gt; --show &lt;cmd&gt;` and return output.</doc>
<status status="PASS" start="2026-06-26T23:23:55.080957" elapsed="0.707886"/>
</kw>
<kw name="Should Contain" owner="BuiltIn">
<arg>${output}</arg>
<arg>10.2.2.1</arg>
<arg>BFD to leaf1</arg>
<doc>Fails if ``container`` does not contain ``item`` one or more times.</doc>
<status status="PASS" start="2026-06-26T23:23:55.789055" elapsed="0.000380"/>
</kw>
<kw name="Should Contain" owner="BuiltIn">
<arg>${output}</arg>
<arg>10.2.2.3</arg>
<arg>BFD to leaf2</arg>
<doc>Fails if ``container`` does not contain ``item`` one or more times.</doc>
<status status="PASS" start="2026-06-26T23:23:55.789579" elapsed="0.000274"/>
</kw>
<kw name="Should Contain" owner="BuiltIn">
<arg>${output}</arg>
<arg>10.2.2.5</arg>
<arg>BFD to leaf3</arg>
<doc>Fails if ``container`` does not contain ``item`` one or more times.</doc>
<status status="PASS" start="2026-06-26T23:23:55.789973" elapsed="0.000234"/>
</kw>
<kw name="Get Regexp Matches" owner="String">
<msg time="2026-06-26T23:23:55.790528" level="INFO">${up_count} = ['Up', 'Up', 'Up']</msg>
<var>${up_count}</var>
<arg>${output}</arg>
<arg>(?m)\\bUp\\s*$</arg>
<doc>Returns a list of all non-overlapping matches in the given string.</doc>
<status status="PASS" start="2026-06-26T23:23:55.790341" elapsed="0.000208"/>
</kw>
<kw name="Length Should Be" owner="BuiltIn">
<msg time="2026-06-26T23:23:55.790871" level="INFO">Length is 3.</msg>
<arg>${up_count}</arg>
<arg>3</arg>
<doc>Verifies that the length of the given item is correct.</doc>
<status status="PASS" start="2026-06-26T23:23:55.790656" elapsed="0.000249"/>
</kw>
<doc>spine2 should have 3 BFD sessions to leaves.</doc>
<status status="PASS" start="2026-06-26T23:23:55.080570" elapsed="0.710493"/>
</test>
<test id="s1-t19" name="BFD Timers Should Be 100ms Interval With Multiplier 3 On Spine1" line="174">
<kw name="Run Show Command" owner="NetlabCommon">
<kw name="Run Show Command" owner="RTL">
<msg time="2026-06-26T23:23:56.528411" level="INFO">${output} = VRF name: default
-----------------
Peer Addr 10.2.1.1, Intf Ethernet1, Type normal, Role active, State Up
VRF default, LAddr 10.2.1.0, LD/RD 1448398789/2301188574
Session state is Up and not using ec...</msg>
<var>${output}</var>
<arg>${node}</arg>
<arg>${command}</arg>
<doc>Keyword alias for netlab_connect_show.</doc>
<status status="PASS" start="2026-06-26T23:23:55.791796" elapsed="0.736667"/>
</kw>
<return>
<value>${output}</value>
<status status="PASS" start="2026-06-26T23:23:56.528539" elapsed="0.000050"/>
</return>
<msg time="2026-06-26T23:23:56.528751" level="INFO">${output} = VRF name: default
-----------------
Peer Addr 10.2.1.1, Intf Ethernet1, Type normal, Role active, State Up
VRF default, LAddr 10.2.1.0, LD/RD 1448398789/2301188574
Session state is Up and not using ec...</msg>
<var>${output}</var>
<arg>spine1</arg>
<arg>bfd peers detail</arg>
<doc>Run `netlab connect &lt;node&gt; --show &lt;cmd&gt;` and return output.</doc>
<status status="PASS" start="2026-06-26T23:23:55.791586" elapsed="0.737192"/>
</kw>
<kw name="Should Contain" owner="BuiltIn">
<arg>${output}</arg>
<arg>TxInt: ${BFD_INTERVAL} ms</arg>
<doc>Fails if ``container`` does not contain ``item`` one or more times.</doc>
<status status="PASS" start="2026-06-26T23:23:56.528991" elapsed="0.000436"/>
</kw>
<kw name="Should Contain" owner="BuiltIn">
<arg>${output}</arg>
<arg>RxInt: ${BFD_MIN_RX} ms</arg>
<doc>Fails if ``container`` does not contain ``item`` one or more times.</doc>
<status status="PASS" start="2026-06-26T23:23:56.529593" elapsed="0.000341"/>
</kw>
<kw name="Should Contain" owner="BuiltIn">
<arg>${output}</arg>
<arg>Multiplier: ${BFD_MULTIPLIER}</arg>
<doc>Fails if ``container`` does not contain ``item`` one or more times.</doc>
<status status="PASS" start="2026-06-26T23:23:56.530076" elapsed="0.000311"/>
</kw>
<doc>Verify BFD intervals match expected values.</doc>
<status status="PASS" start="2026-06-26T23:23:55.791231" elapsed="0.739285"/>
</test>
<test id="s1-t20" name="BFD Should Be Registered With IS-IS On Leaf1" line="181">
<kw name="Run Show Command" owner="NetlabCommon">
<kw name="Run Show Command" owner="RTL">
<msg time="2026-06-26T23:23:57.290083" level="INFO">${output} = VRF name: default
-----------------
Peer Addr 10.2.1.0, Intf Ethernet1, Type normal, Role active, State Up
VRF default, LAddr 10.2.1.1, LD/RD 2301188574/1448398789
Session state is Up and not using ec...</msg>
<var>${output}</var>
<arg>${node}</arg>
<arg>${command}</arg>
<doc>Keyword alias for netlab_connect_show.</doc>
<status status="PASS" start="2026-06-26T23:23:56.531417" elapsed="0.758720"/>
</kw>
<return>
<value>${output}</value>
<status status="PASS" start="2026-06-26T23:23:57.290236" elapsed="0.000056"/>
</return>
<msg time="2026-06-26T23:23:57.290461" level="INFO">${output} = VRF name: default
-----------------
Peer Addr 10.2.1.0, Intf Ethernet1, Type normal, Role active, State Up
VRF default, LAddr 10.2.1.1, LD/RD 2301188574/1448398789
Session state is Up and not using ec...</msg>
<var>${output}</var>
<arg>leaf1</arg>
<arg>bfd peers detail</arg>
<doc>Run `netlab connect &lt;node&gt; --show &lt;cmd&gt;` and return output.</doc>
<status status="PASS" start="2026-06-26T23:23:56.531135" elapsed="0.759352"/>
</kw>
<kw name="Should Contain" owner="BuiltIn">
<arg>${output}</arg>
<arg>Registered protocols: isis</arg>
<doc>Fails if ``container`` does not contain ``item`` one or more times.</doc>
<status status="PASS" start="2026-06-26T23:23:57.290700" elapsed="0.000397"/>
</kw>
<doc>Verify BFD is registered with IS-IS protocol.</doc>
<status status="PASS" start="2026-06-26T23:23:56.530705" elapsed="0.760551"/>
</test>
<test id="s1-t21" name="Ping spine1 To leaf1 Loopback Should Succeed" line="186">
<kw name="Run Ping Command" owner="NetlabCommon">
<kw name="Run Ping" owner="RTL">
<msg time="2026-06-26T23:23:58.063151" level="INFO">${output} = PING 10.0.11.1 (10.0.11.1) from 10.0.1.1 : 72(100) bytes of data.
80 bytes from 10.0.11.1: icmp_seq=1 ttl=64 time=0.099 ms
80 bytes from 10.0.11.1: icmp_seq=2 ttl=64 time=0.031 ms
80 bytes from 10.0.1...</msg>
<var>${output}</var>
<arg>${node}</arg>
<arg>${target_ip}</arg>
<arg>${source}</arg>
<arg>${repeat}</arg>
<doc>Ping from a node via `netlab connect` (no show prefix).</doc>
<status status="PASS" start="2026-06-26T23:23:57.292224" elapsed="0.770970"/>
</kw>
<return>
<value>${output}</value>
<status status="PASS" start="2026-06-26T23:23:58.063325" elapsed="0.000052"/>
</return>
<msg time="2026-06-26T23:23:58.063541" level="INFO">${output} = PING 10.0.11.1 (10.0.11.1) from 10.0.1.1 : 72(100) bytes of data.
80 bytes from 10.0.11.1: icmp_seq=1 ttl=64 time=0.099 ms
80 bytes from 10.0.11.1: icmp_seq=2 ttl=64 time=0.031 ms
80 bytes from 10.0.1...</msg>
<var>${output}</var>
<arg>spine1</arg>
<arg>10.0.11.1</arg>
<arg>Loopback0</arg>
<arg>repeat=3</arg>
<doc>Ping from a node via `netlab connect`.</doc>
<status status="PASS" start="2026-06-26T23:23:57.291850" elapsed="0.771714"/>
</kw>
<kw name="Should Contain" owner="BuiltIn">
<arg>${output}</arg>
<arg>0% packet loss</arg>
<doc>Fails if ``container`` does not contain ``item`` one or more times.</doc>
<status status="PASS" start="2026-06-26T23:23:58.063800" elapsed="0.000374"/>
</kw>
<status status="PASS" start="2026-06-26T23:23:57.291457" elapsed="0.772893"/>
</test>
<test id="s1-t22" name="Ping spine1 To leaf3 Loopback Should Succeed" line="190">
<kw name="Run Ping Command" owner="NetlabCommon">
<kw name="Run Ping" owner="RTL">
<msg time="2026-06-26T23:23:58.807944" level="INFO">${output} = PING 10.0.13.1 (10.0.13.1) from 10.0.1.1 : 72(100) bytes of data.
80 bytes from 10.0.13.1: icmp_seq=1 ttl=64 time=0.060 ms
80 bytes from 10.0.13.1: icmp_seq=2 ttl=64 time=0.022 ms
80 bytes from 10.0.1...</msg>
<var>${output}</var>
<arg>${node}</arg>
<arg>${target_ip}</arg>
<arg>${source}</arg>
<arg>${repeat}</arg>
<doc>Ping from a node via `netlab connect` (no show prefix).</doc>
<status status="PASS" start="2026-06-26T23:23:58.065455" elapsed="0.742536"/>
</kw>
<return>
<value>${output}</value>
<status status="PASS" start="2026-06-26T23:23:58.808080" elapsed="0.000048"/>
</return>
<msg time="2026-06-26T23:23:58.808345" level="INFO">${output} = PING 10.0.13.1 (10.0.13.1) from 10.0.1.1 : 72(100) bytes of data.
80 bytes from 10.0.13.1: icmp_seq=1 ttl=64 time=0.060 ms
80 bytes from 10.0.13.1: icmp_seq=2 ttl=64 time=0.022 ms
80 bytes from 10.0.1...</msg>
<var>${output}</var>
<arg>spine1</arg>
<arg>10.0.13.1</arg>
<arg>Loopback0</arg>
<arg>repeat=3</arg>
<doc>Ping from a node via `netlab connect`.</doc>
<status status="PASS" start="2026-06-26T23:23:58.064872" elapsed="0.743503"/>
</kw>
<kw name="Should Contain" owner="BuiltIn">
<arg>${output}</arg>
<arg>0% packet loss</arg>
<doc>Fails if ``container`` does not contain ``item`` one or more times.</doc>
<status status="PASS" start="2026-06-26T23:23:58.808590" elapsed="0.000374"/>
</kw>
<status status="PASS" start="2026-06-26T23:23:58.064526" elapsed="0.744583"/>
</test>
<test id="s1-t23" name="Ping spine1 To spine2 Loopback Should Succeed" line="194">
<kw name="Run Ping Command" owner="NetlabCommon">
<kw name="Run Ping" owner="RTL">
<msg time="2026-06-26T23:23:59.550568" level="INFO">${output} = PING 10.0.2.1 (10.0.2.1) from 10.0.1.1 : 72(100) bytes of data.
80 bytes from 10.0.2.1: icmp_seq=1 ttl=63 time=0.771 ms
80 bytes from 10.0.2.1: icmp_seq=2 ttl=63 time=0.466 ms
80 bytes from 10.0.2.1: ...</msg>
<var>${output}</var>
<arg>${node}</arg>
<arg>${target_ip}</arg>
<arg>${source}</arg>
<arg>${repeat}</arg>
<doc>Ping from a node via `netlab connect` (no show prefix).</doc>
<status status="PASS" start="2026-06-26T23:23:58.810041" elapsed="0.740566"/>
</kw>
<return>
<value>${output}</value>
<status status="PASS" start="2026-06-26T23:23:59.550669" elapsed="0.000039"/>
</return>
<msg time="2026-06-26T23:23:59.550925" level="INFO">${output} = PING 10.0.2.1 (10.0.2.1) from 10.0.1.1 : 72(100) bytes of data.
80 bytes from 10.0.2.1: icmp_seq=1 ttl=63 time=0.771 ms
80 bytes from 10.0.2.1: icmp_seq=2 ttl=63 time=0.466 ms
80 bytes from 10.0.2.1: ...</msg>
<var>${output}</var>
<arg>spine1</arg>
<arg>10.0.2.1</arg>
<arg>Loopback0</arg>
<arg>repeat=3</arg>
<doc>Ping from a node via `netlab connect`.</doc>
<status status="PASS" start="2026-06-26T23:23:58.809755" elapsed="0.741190"/>
</kw>
<kw name="Should Contain" owner="BuiltIn">
<arg>${output}</arg>
<arg>0% packet loss</arg>
<doc>Fails if ``container`` does not contain ``item`` one or more times.</doc>
<status status="PASS" start="2026-06-26T23:23:59.551123" elapsed="0.000382"/>
</kw>
<status status="PASS" start="2026-06-26T23:23:58.809355" elapsed="0.742257"/>
</test>
<test id="s1-t24" name="Ping leaf1 To leaf2 Loopback Should Succeed" line="198">
<kw name="Run Ping Command" owner="NetlabCommon">
<kw name="Run Ping" owner="RTL">
<msg time="2026-06-26T23:24:00.264719" level="INFO">${output} = PING 10.0.12.1 (10.0.12.1) from 10.0.11.1 : 72(100) bytes of data.
80 bytes from 10.0.12.1: icmp_seq=1 ttl=63 time=0.909 ms
80 bytes from 10.0.12.1: icmp_seq=2 ttl=63 time=0.414 ms
80 bytes from 10.0....</msg>
<var>${output}</var>
<arg>${node}</arg>
<arg>${target_ip}</arg>
<arg>${source}</arg>
<arg>${repeat}</arg>
<doc>Ping from a node via `netlab connect` (no show prefix).</doc>
<status status="PASS" start="2026-06-26T23:23:59.552338" elapsed="0.712430"/>
</kw>
<return>
<value>${output}</value>
<status status="PASS" start="2026-06-26T23:24:00.264850" elapsed="0.000048"/>
</return>
<msg time="2026-06-26T23:24:00.265052" level="INFO">${output} = PING 10.0.12.1 (10.0.12.1) from 10.0.11.1 : 72(100) bytes of data.
80 bytes from 10.0.12.1: icmp_seq=1 ttl=63 time=0.909 ms
80 bytes from 10.0.12.1: icmp_seq=2 ttl=63 time=0.414 ms
80 bytes from 10.0....</msg>
<var>${output}</var>
<arg>leaf1</arg>
<arg>10.0.12.1</arg>
<arg>Loopback0</arg>
<arg>repeat=3</arg>
<doc>Ping from a node via `netlab connect`.</doc>
<status status="PASS" start="2026-06-26T23:23:59.552065" elapsed="0.713012"/>
</kw>
<kw name="Should Contain" owner="BuiltIn">
<arg>${output}</arg>
<arg>0% packet loss</arg>
<doc>Fails if ``container`` does not contain ``item`` one or more times.</doc>
<status status="PASS" start="2026-06-26T23:24:00.265304" elapsed="0.000388"/>
</kw>
<doc>Cross-spine leaf-to-leaf ping via ECMP.</doc>
<status status="PASS" start="2026-06-26T23:23:59.551754" elapsed="0.714078"/>
</test>
<test id="s1-t25" name="Ping leaf1 To leaf3 Loopback Should Succeed" line="203">
<kw name="Run Ping Command" owner="NetlabCommon">
<kw name="Run Ping" owner="RTL">
<msg time="2026-06-26T23:24:01.003475" level="INFO">${output} = PING 10.0.13.1 (10.0.13.1) from 10.0.11.1 : 72(100) bytes of data.
80 bytes from 10.0.13.1: icmp_seq=1 ttl=63 time=0.740 ms
80 bytes from 10.0.13.1: icmp_seq=2 ttl=63 time=0.614 ms
80 bytes from 10.0....</msg>
<var>${output}</var>
<arg>${node}</arg>
<arg>${target_ip}</arg>
<arg>${source}</arg>
<arg>${repeat}</arg>
<doc>Ping from a node via `netlab connect` (no show prefix).</doc>
<status status="PASS" start="2026-06-26T23:24:00.266795" elapsed="0.736723"/>
</kw>
<return>
<value>${output}</value>
<status status="PASS" start="2026-06-26T23:24:01.003584" elapsed="0.000042"/>
</return>
<msg time="2026-06-26T23:24:01.003762" level="INFO">${output} = PING 10.0.13.1 (10.0.13.1) from 10.0.11.1 : 72(100) bytes of data.
80 bytes from 10.0.13.1: icmp_seq=1 ttl=63 time=0.740 ms
80 bytes from 10.0.13.1: icmp_seq=2 ttl=63 time=0.614 ms
80 bytes from 10.0....</msg>
<var>${output}</var>
<arg>leaf1</arg>
<arg>10.0.13.1</arg>
<arg>Loopback0</arg>
<arg>repeat=3</arg>
<doc>Ping from a node via `netlab connect`.</doc>
<status status="PASS" start="2026-06-26T23:24:00.266459" elapsed="0.737325"/>
</kw>
<kw name="Should Contain" owner="BuiltIn">
<arg>${output}</arg>
<arg>0% packet loss</arg>
<doc>Fails if ``container`` does not contain ``item`` one or more times.</doc>
<status status="PASS" start="2026-06-26T23:24:01.003984" elapsed="0.000401"/>
</kw>
<doc>Cross-spine leaf-to-leaf ping via ECMP.</doc>
<status status="PASS" start="2026-06-26T23:24:00.266024" elapsed="0.738498"/>
</test>
<test id="s1-t26" name="Ping leaf3 To spine2 Loopback Should Succeed" line="208">
<kw name="Run Ping Command" owner="NetlabCommon">
<kw name="Run Ping" owner="RTL">
<msg time="2026-06-26T23:24:01.759292" level="INFO">${output} = PING 10.0.2.1 (10.0.2.1) from 10.0.13.1 : 72(100) bytes of data.
80 bytes from 10.0.2.1: icmp_seq=1 ttl=64 time=0.060 ms
80 bytes from 10.0.2.1: icmp_seq=2 ttl=64 time=0.029 ms
80 bytes from 10.0.2.1:...</msg>
<var>${output}</var>
<arg>${node}</arg>
<arg>${target_ip}</arg>
<arg>${source}</arg>
<arg>${repeat}</arg>
<doc>Ping from a node via `netlab connect` (no show prefix).</doc>
<status status="PASS" start="2026-06-26T23:24:01.005333" elapsed="0.754008"/>
</kw>
<return>
<value>${output}</value>
<status status="PASS" start="2026-06-26T23:24:01.759422" elapsed="0.000053"/>
</return>
<msg time="2026-06-26T23:24:01.759621" level="INFO">${output} = PING 10.0.2.1 (10.0.2.1) from 10.0.13.1 : 72(100) bytes of data.
80 bytes from 10.0.2.1: icmp_seq=1 ttl=64 time=0.060 ms
80 bytes from 10.0.2.1: icmp_seq=2 ttl=64 time=0.029 ms
80 bytes from 10.0.2.1:...</msg>
<var>${output}</var>
<arg>leaf3</arg>
<arg>10.0.2.1</arg>
<arg>Loopback0</arg>
<arg>repeat=3</arg>
<doc>Ping from a node via `netlab connect`.</doc>
<status status="PASS" start="2026-06-26T23:24:01.005023" elapsed="0.754622"/>
</kw>
<kw name="Should Contain" owner="BuiltIn">
<arg>${output}</arg>
<arg>0% packet loss</arg>
<doc>Fails if ``container`` does not contain ``item`` one or more times.</doc>
<status status="PASS" start="2026-06-26T23:24:01.759894" elapsed="0.000417"/>
</kw>
<status status="PASS" start="2026-06-26T23:24:01.004693" elapsed="0.755742"/>
</test>
<test id="s1-t27" name="Lab Should Tear Down Successfully" line="212">
<kw name="Pass Execution" owner="BuiltIn">
<msg time="2026-06-26T23:24:01.761102" level="INFO">Execution passed with message:
Lab torn down successfully</msg>
<arg>Lab torn down successfully</arg>
<doc>Skips rest of the current test, setup, or teardown with PASS status.</doc>
<status status="PASS" start="2026-06-26T23:24:01.760890" elapsed="0.000269">Lab torn down successfully</status>
</kw>
<doc>Verified by Suite Teardown (netlab down).</doc>
<status status="PASS" start="2026-06-26T23:24:01.760587" elapsed="0.000684">Lab torn down successfully</status>
</test>
<kw name="Run Keywords" owner="BuiltIn" type="TEARDOWN">
<kw name="Wait For Topology To Stabilize">
<kw name="Sleep" owner="BuiltIn">
<msg time="2026-06-26T23:24:31.762760" level="INFO">Slept 30 seconds.</msg>
<msg time="2026-06-26T23:24:31.762849" level="INFO">Wait for IS-IS adjacencies and BFD sessions</msg>
<arg>30s</arg>
<arg>Wait for IS-IS adjacencies and BFD sessions</arg>
<doc>Pauses the test executed for the given time.</doc>
<status status="PASS" start="2026-06-26T23:24:01.762406" elapsed="30.000519"/>
</kw>
<doc>Wait for adjacencies to fully establish after lab startup.</doc>
<status status="PASS" start="2026-06-26T23:24:01.762066" elapsed="30.000965"/>
</kw>
<kw name="Netlab Down" owner="NetlabCommon">
<kw name="Netlab Down" owner="RTL">
<msg time="2026-06-26T23:24:33.306105" level="INFO">${rc} = 0</msg>
<msg time="2026-06-26T23:24:33.306172" level="INFO">${stdout} = Checking virtualization provider installation
OK: clab installed and working correctly
Stopping clab nodes
</msg>
<msg time="2026-06-26T23:24:33.306208" level="INFO">${stderr} = 23:24:32 INFO Parsing &amp; checking topology file=clab.yml
23:24:32 INFO Parsing &amp; checking topology file=clab.yml
23:24:32 INFO Destroying lab name=netlab
23:24:32 INFO Removed container name=clab-netla...</msg>
<var>${rc}</var>
<var>${stdout}</var>
<var>${stderr}</var>
<arg>120</arg>
<doc>Run `netlab down` to tear down the lab.</doc>
<status status="PASS" start="2026-06-26T23:24:31.763461" elapsed="1.542804"/>
</kw>
<kw name="Run Keyword If" owner="BuiltIn">
<arg>${rc} != 0</arg>
<arg>Log</arg>
<arg>netlab down returned rc=${rc}: ${stderr}</arg>
<arg>WARN</arg>
<doc>Runs the given keyword with the given arguments, if ``condition`` is true.</doc>
<status status="PASS" start="2026-06-26T23:24:33.306509" elapsed="0.000330"/>
</kw>
<doc>Tear down the lab via `netlab down`.</doc>
<status status="PASS" start="2026-06-26T23:24:31.763257" elapsed="1.543701"/>
</kw>
<arg>Wait For Topology To Stabilize</arg>
<arg>AND</arg>
<arg>Netlab Down</arg>
<doc>Executes all the given keywords in a sequence.</doc>
<status status="PASS" start="2026-06-26T23:24:01.761711" elapsed="31.545283"/>
</kw>
<doc>Runtime tests — validates POD after `netlab up`:
- Lab lifecycle (netlab up / netlab down)
- Node version and reachability
- Interface status (up/up)
- IS-IS adjacencies (neighbors UP)
- IS-IS route exchange (all loopbacks learned)
- BFD sessions (state Up, correct timers)
- End-to-end ping (spine-to-leaf, leaf-to-leaf, leaf-to-spine)</doc>
<status status="PASS" start="2026-06-26T23:21:59.491710" elapsed="153.815311"/>
</suite>
<statistics>
<total>
<stat pass="27" fail="0" skip="0">All Tests</stat>
</total>
<tag>
</tag>
<suite>
<stat name="Test Runtime" id="s1" pass="27" fail="0" skip="0">Test Runtime</stat>
</suite>
</statistics>
<errors>
</errors>
</robot>
